[ 2017-03-12T09:58:54+08:00 ] ::1 /glgj/?g=admin
INFO: [ app_init ] --START--
INFO: Run Behavior\BuildLiteBehavior [ RunTime:0.000000s ]
INFO: [ app_init ] --END-- [ RunTime:0.001000s ]
INFO: [ app_begin ] --START--
INFO: Run Behavior\ReadHtmlCacheBehavior [ RunTime:0.001000s ]
INFO: [ app_begin ] --END-- [ RunTime:0.001000s ]
NOTIC: [8] Use of undefined constant UID - assumed 'UID' D:\wamp64\www\glgj\Application\Admin\Controller\AdminController.class.php 第 10 行.

[ 2017-03-12T09:58:54+08:00 ] ::1 /glgj/?g=admin&m=login
INFO: [ app_init ] --START--
INFO: Run Behavior\BuildLiteBehavior [ RunTime:0.000000s ]
INFO: [ app_init ] --END-- [ RunTime:0.000000s ]
INFO: [ app_begin ] --START--
INFO: Run Behavior\ReadHtmlCacheBehavior [ RunTime:0.001000s ]
INFO: [ app_begin ] --END-- [ RunTime:0.001000s ]
SQL: SHOW COLUMNS FROM `lp_conf` [ RunTime:0.0010s ]
SQL: SELECT * FROM `lp_conf` WHERE `name` = 'webname' LIMIT 1   [ RunTime:0.0010s ]
INFO: [ view_parse ] --START--
INFO: [ template_filter ] --START--
INFO: Run Behavior\ContentReplaceBehavior [ RunTime:0.000000s ]
INFO: [ template_filter ] --END-- [ RunTime:0.000000s ]
INFO: Run Behavior\ParseTemplateBehavior [ RunTime:0.009000s ]
INFO: [ view_parse ] --END-- [ RunTime:0.009000s ]
INFO: [ view_filter ] --START--
INFO: Run Behavior\WriteHtmlCacheBehavior [ RunTime:0.000000s ]
INFO: [ view_filter ] --END-- [ RunTime:0.001000s ]
INFO: [ app_end ] --START--
INFO: Run Behavior\ShowPageTraceBehavior [ RunTime:0.000000s ]
INFO: [ app_end ] --END-- [ RunTime:0.000000s ]

[ 2017-03-12T09:58:58+08:00 ] ::1 /glgj/?g=admin&m=login
INFO: [ app_init ] --START--
INFO: Run Behavior\BuildLiteBehavior [ RunTime:0.000000s ]
INFO: [ app_init ] --END-- [ RunTime:0.001000s ]
INFO: [ app_begin ] --START--
INFO: Run Behavior\ReadHtmlCacheBehavior [ RunTime:0.001000s ]
INFO: [ app_begin ] --END-- [ RunTime:0.001000s ]
SQL: SHOW COLUMNS FROM `lp_conf` [ RunTime:0.0010s ]
SQL: SELECT * FROM `lp_conf` WHERE `name` = 'webname' LIMIT 1   [ RunTime:0.0000s ]
SQL: SHOW COLUMNS FROM `lp_admin_user` [ RunTime:0.0040s ]
SQL: SHOW COLUMNS FROM `lp_admin_group` [ RunTime:0.0040s ]
SQL: SELECT * FROM `lp_admin_user` WHERE `user_name` = 'admin' LIMIT 1   [ RunTime:0.0010s ]
SQL: SELECT * FROM `lp_admin_group` WHERE `gid` = 1 LIMIT 1   [ RunTime:0.0010s ]

[ 2017-03-12T09:59:02+08:00 ] ::1 /glgj/?g=admin&m=login
INFO: [ app_init ] --START--
INFO: Run Behavior\BuildLiteBehavior [ RunTime:0.000000s ]
INFO: [ app_init ] --END-- [ RunTime:0.001000s ]
INFO: [ app_begin ] --START--
INFO: Run Behavior\ReadHtmlCacheBehavior [ RunTime:0.001000s ]
INFO: [ app_begin ] --END-- [ RunTime:0.001000s ]
SQL: SHOW COLUMNS FROM `lp_conf` [ RunTime:0.0020s ]
SQL: SELECT * FROM `lp_conf` WHERE `name` = 'webname' LIMIT 1   [ RunTime:0.0000s ]
SQL: SHOW COLUMNS FROM `lp_admin_user` [ RunTime:0.0010s ]
SQL: SHOW COLUMNS FROM `lp_admin_group` [ RunTime:0.0010s ]
SQL: SELECT * FROM `lp_admin_user` WHERE `user_name` = 'admin' LIMIT 1   [ RunTime:0.0000s ]
SQL: SELECT * FROM `lp_admin_group` WHERE `gid` = 1 LIMIT 1   [ RunTime:0.0010s ]

[ 2017-03-12T09:59:10+08:00 ] ::1 /glgj/?g=admin&m=login
INFO: [ app_init ] --START--
INFO: Run Behavior\BuildLiteBehavior [ RunTime:0.000000s ]
INFO: [ app_init ] --END-- [ RunTime:0.001000s ]
INFO: [ app_begin ] --START--
INFO: Run Behavior\ReadHtmlCacheBehavior [ RunTime:0.001000s ]
INFO: [ app_begin ] --END-- [ RunTime:0.001000s ]
SQL: SHOW COLUMNS FROM `lp_conf` [ RunTime:0.0010s ]
SQL: SELECT * FROM `lp_conf` WHERE `name` = 'webname' LIMIT 1   [ RunTime:0.0000s ]
SQL: SHOW COLUMNS FROM `lp_admin_user` [ RunTime:0.0010s ]
SQL: SHOW COLUMNS FROM `lp_admin_group` [ RunTime:0.0000s ]
SQL: SELECT * FROM `lp_admin_user` WHERE `user_name` = 'admin' LIMIT 1   [ RunTime:0.0000s ]
SQL: SELECT * FROM `lp_admin_group` WHERE `gid` = 1 LIMIT 1   [ RunTime:0.0000s ]

[ 2017-03-12T09:59:14+08:00 ] ::1 /glgj/?g=admin&m=login
INFO: [ app_init ] --START--
INFO: Run Behavior\BuildLiteBehavior [ RunTime:0.000000s ]
INFO: [ app_init ] --END-- [ RunTime:0.000000s ]
INFO: [ app_begin ] --START--
INFO: Run Behavior\ReadHtmlCacheBehavior [ RunTime:0.001000s ]
INFO: [ app_begin ] --END-- [ RunTime:0.001000s ]
SQL: SHOW COLUMNS FROM `lp_conf` [ RunTime:0.0010s ]
SQL: SELECT * FROM `lp_conf` WHERE `name` = 'webname' LIMIT 1   [ RunTime:0.0010s ]
SQL: SHOW COLUMNS FROM `lp_admin_user` [ RunTime:0.0010s ]
SQL: SHOW COLUMNS FROM `lp_admin_group` [ RunTime:0.0010s ]
SQL: SELECT * FROM `lp_admin_user` WHERE `user_name` = 'admin' LIMIT 1   [ RunTime:0.0000s ]
SQL: SELECT * FROM `lp_admin_group` WHERE `gid` = 1 LIMIT 1   [ RunTime:0.0010s ]
SQL: UPDATE `lp_admin_user` SET `last_ip`='::1',`last_login`='1489283954' WHERE `user_name` = 'admin' [ RunTime:0.0070s ]

[ 2017-03-12T09:59:16+08:00 ] ::1 /glgj/?g=admin&m=index
INFO: [ app_init ] --START--
INFO: Run Behavior\BuildLiteBehavior [ RunTime:0.000000s ]
INFO: [ app_init ] --END-- [ RunTime:0.001000s ]
INFO: [ app_begin ] --START--
INFO: Run Behavior\ReadHtmlCacheBehavior [ RunTime:0.001000s ]
INFO: [ app_begin ] --END-- [ RunTime:0.001000s ]
NOTIC: [8] Use of undefined constant UID - assumed 'UID' D:\wamp64\www\glgj\Application\Admin\Controller\AdminController.class.php 第 10 行.
SQL: SHOW COLUMNS FROM `lp_conf` [ RunTime:0.0010s ]
SQL: SELECT `value` FROM `lp_conf` WHERE `name` = 'distribution' LIMIT 1   [ RunTime:0.0000s ]
SQL: SHOW COLUMNS FROM `lp_admin_user` [ RunTime:0.0010s ]
SQL: SELECT * FROM `lp_admin_user` WHERE `user_id` = '1' LIMIT 1   [ RunTime:0.0010s ]
INFO: [ view_parse ] --START--
INFO: [ template_filter ] --START--
INFO: Run Behavior\ContentReplaceBehavior [ RunTime:0.000000s ]
INFO: [ template_filter ] --END-- [ RunTime:0.000000s ]
INFO: Run Behavior\ParseTemplateBehavior [ RunTime:0.017000s ]
INFO: [ view_parse ] --END-- [ RunTime:0.017000s ]
INFO: [ view_filter ] --START--
INFO: Run Behavior\WriteHtmlCacheBehavior [ RunTime:0.000000s ]
INFO: [ view_filter ] --END-- [ RunTime:0.000000s ]
INFO: [ app_end ] --START--
INFO: Run Behavior\ShowPageTraceBehavior [ RunTime:0.000000s ]
INFO: [ app_end ] --END-- [ RunTime:0.000000s ]

[ 2017-03-12T09:59:23+08:00 ] ::1 /glgj/?g=admin&m=product&a=truck
INFO: [ app_init ] --START--
INFO: Run Behavior\BuildLiteBehavior [ RunTime:0.000000s ]
INFO: [ app_init ] --END-- [ RunTime:0.001000s ]
INFO: [ app_begin ] --START--
INFO: Run Behavior\ReadHtmlCacheBehavior [ RunTime:0.001000s ]
INFO: [ app_begin ] --END-- [ RunTime:0.001000s ]
NOTIC: [8] Use of undefined constant UID - assumed 'UID' D:\wamp64\www\glgj\Application\Admin\Controller\AdminController.class.php 第 10 行.
SQL: SHOW COLUMNS FROM `lp_conf` [ RunTime:0.0010s ]
SQL: SELECT `value` FROM `lp_conf` WHERE `name` = 'distribution' LIMIT 1   [ RunTime:0.0000s ]
SQL: SHOW COLUMNS FROM `lp_admin_user` [ RunTime:0.0010s ]
SQL: SELECT * FROM `lp_admin_user` WHERE `user_id` = '1' LIMIT 1   [ RunTime:0.0000s ]
SQL: SHOW COLUMNS FROM `lp_regions` [ RunTime:0.0030s ]
SQL: SHOW COLUMNS FROM `lp_truck` [ RunTime:0.0020s ]
SQL: SELECT COUNT(*) AS tp_count FROM `lp_truck` WHERE `status` >= 0 LIMIT 1   [ RunTime:0.0060s ]
SQL: SELECT `id`,`uid`,`truck_no`,`truck_length`,`truck_type`,`remark`,`provinceN`,`cityN`,`countryN`,`provinceN2`,`cityN2`,`countryN2`,`approach`,`source_type`,`content`,`create_time`,`update_time`,`status`,`truck_num`,`heavy`,`heavy_unit`,`light`,`light_unit`,`driver`,`driver_phone`,`master`,`departure_time`,`end_date` FROM `lp_truck` WHERE `status` >= 0 ORDER BY create_time desc LIMIT 0,10   [ RunTime:0.0010s ]
SQL: SHOW COLUMNS FROM `lp_member` [ RunTime:0.0020s ]
SQL: SELECT `uid`,`mphone` FROM `lp_member` WHERE `uid` IN ('24343','24430','24404','24396','24395','24387','24201')  [ RunTime:0.0040s ]
NOTIC: [8] Undefined offset: 0 D:\wamp64\www\glgj\Application\Admin\Controller\ProductController.class.php 第 969 行.
NOTIC: [8] Undefined offset: 0 D:\wamp64\www\glgj\Application\Admin\Controller\ProductController.class.php 第 972 行.
NOTIC: [8] Undefined offset: 0 D:\wamp64\www\glgj\Application\Admin\Controller\ProductController.class.php 第 969 行.
NOTIC: [8] Undefined offset: 0 D:\wamp64\www\glgj\Application\Admin\Controller\ProductController.class.php 第 972 行.
NOTIC: [8] Undefined offset: 0 D:\wamp64\www\glgj\Application\Admin\Controller\ProductController.class.php 第 969 行.
NOTIC: [8] Undefined offset: 0 D:\wamp64\www\glgj\Application\Admin\Controller\ProductController.class.php 第 972 行.
NOTIC: [8] Undefined offset: 0 D:\wamp64\www\glgj\Application\Admin\Controller\ProductController.class.php 第 969 行.
NOTIC: [8] Undefined offset: 0 D:\wamp64\www\glgj\Application\Admin\Controller\ProductController.class.php 第 969 行.
NOTIC: [8] Undefined offset: 0 D:\wamp64\www\glgj\Application\Admin\Controller\ProductController.class.php 第 972 行.
NOTIC: [8] Undefined offset: 0 D:\wamp64\www\glgj\Application\Admin\Controller\ProductController.class.php 第 969 行.
NOTIC: [8] Undefined offset: 0 D:\wamp64\www\glgj\Application\Admin\Controller\ProductController.class.php 第 972 行.
NOTIC: [8] Undefined offset: 0 D:\wamp64\www\glgj\Application\Admin\Controller\ProductController.class.php 第 969 行.
NOTIC: [8] Undefined offset: 0 D:\wamp64\www\glgj\Application\Admin\Controller\ProductController.class.php 第 972 行.
INFO: [ view_parse ] --START--
INFO: [ template_filter ] --START--
INFO: Run Behavior\ContentReplaceBehavior [ RunTime:0.000000s ]
INFO: [ template_filter ] --END-- [ RunTime:0.000000s ]
INFO: Run Behavior\ParseTemplateBehavior [ RunTime:0.014000s ]
INFO: [ view_parse ] --END-- [ RunTime:0.015000s ]
INFO: [ view_filter ] --START--
INFO: Run Behavior\WriteHtmlCacheBehavior [ RunTime:0.000000s ]
INFO: [ view_filter ] --END-- [ RunTime:0.000000s ]
INFO: [ app_end ] --START--
INFO: Run Behavior\ShowPageTraceBehavior [ RunTime:0.001000s ]
INFO: [ app_end ] --END-- [ RunTime:0.001000s ]

[ 2017-03-12T09:59:24+08:00 ] ::1 /glgj/?g=admin&m=more
INFO: [ app_init ] --START--
INFO: Run Behavior\BuildLiteBehavior [ RunTime:0.000000s ]
INFO: [ app_init ] --END-- [ RunTime:0.001000s ]
INFO: [ app_begin ] --START--
INFO: Run Behavior\ReadHtmlCacheBehavior [ RunTime:0.002000s ]
INFO: [ app_begin ] --END-- [ RunTime:0.002000s ]
NOTIC: [8] Use of undefined constant UID - assumed 'UID' D:\wamp64\www\glgj\Application\Admin\Controller\AdminController.class.php 第 10 行.
SQL: SHOW COLUMNS FROM `lp_conf` [ RunTime:0.0010s ]
SQL: SELECT `value` FROM `lp_conf` WHERE `name` = 'distribution' LIMIT 1   [ RunTime:0.0010s ]
SQL: SHOW COLUMNS FROM `lp_admin_user` [ RunTime:0.0020s ]
SQL: SELECT * FROM `lp_admin_user` WHERE `user_id` = '1' LIMIT 1   [ RunTime:0.0000s ]
SQL: SHOW COLUMNS FROM `lp_page` [ RunTime:0.0050s ]
SQL: SELECT COUNT(*) AS tp_count FROM `lp_page` WHERE `id` IN ('2','4','8') LIMIT 1   [ RunTime:0.0000s ]
SQL: SELECT * FROM `lp_page` WHERE `id` IN ('2','4','8') ORDER BY inputtime desc LIMIT 0,10   [ RunTime:0.0020s ]
INFO: [ view_parse ] --START--
INFO: [ template_filter ] --START--
INFO: Run Behavior\ContentReplaceBehavior [ RunTime:0.000000s ]
INFO: [ template_filter ] --END-- [ RunTime:0.000000s ]
INFO: Run Behavior\ParseTemplateBehavior [ RunTime:0.039000s ]
INFO: [ view_parse ] --END-- [ RunTime:0.039000s ]
INFO: [ view_filter ] --START--
INFO: Run Behavior\WriteHtmlCacheBehavior [ RunTime:0.001000s ]
INFO: [ view_filter ] --END-- [ RunTime:0.001000s ]
INFO: [ app_end ] --START--
INFO: Run Behavior\ShowPageTraceBehavior [ RunTime:0.001000s ]
INFO: [ app_end ] --END-- [ RunTime:0.001000s ]

[ 2017-03-12T09:59:25+08:00 ] ::1 /glgj/?g=admin&m=member
INFO: [ app_init ] --START--
INFO: Run Behavior\BuildLiteBehavior [ RunTime:0.000000s ]
INFO: [ app_init ] --END-- [ RunTime:0.000000s ]
INFO: [ app_begin ] --START--
INFO: Run Behavior\ReadHtmlCacheBehavior [ RunTime:0.000000s ]
INFO: [ app_begin ] --END-- [ RunTime:0.000000s ]
NOTIC: [8] Use of undefined constant UID - assumed 'UID' D:\wamp64\www\glgj\Application\Admin\Controller\AdminController.class.php 第 10 行.
SQL: SHOW COLUMNS FROM `lp_conf` [ RunTime:0.0010s ]
SQL: SELECT `value` FROM `lp_conf` WHERE `name` = 'distribution' LIMIT 1   [ RunTime:0.0000s ]
SQL: SHOW COLUMNS FROM `lp_admin_user` [ RunTime:0.0010s ]
SQL: SELECT * FROM `lp_admin_user` WHERE `user_id` = '1' LIMIT 1   [ RunTime:0.0000s ]
SQL: SHOW COLUMNS FROM `lp_member_group` [ RunTime:0.0040s ]
SQL: SELECT * FROM `lp_member_group` ORDER BY addtime desc  [ RunTime:0.0000s ]
SQL: SHOW COLUMNS FROM `lp_member` [ RunTime:0.0010s ]
SQL: SELECT COUNT(*) AS tp_count FROM `lp_member` LIMIT 1   [ RunTime:0.0000s ]
SQL: SELECT `uid`,`gid`,`name`,`token_id`,`head_pic`,`nick_name`,`email`,`qq`,`sex`,`mphone`,`password`,`lin_salt`,`nickname`,`regdate`,`addtime`,`J_Year`,`J_Month`,`J_Date` FROM `lp_member` ORDER BY regdate desc LIMIT 0,10   [ RunTime:0.0180s ]
SQL: SHOW COLUMNS FROM `lp_member_group` [ RunTime:0.0010s ]
SQL: SELECT * FROM `lp_member_group` WHERE `gid` = 1 LIMIT 1   [ RunTime:0.0000s ]
SQL: SELECT * FROM `lp_member_group` WHERE `gid` = 1 LIMIT 1   [ RunTime:0.0010s ]
SQL: SELECT * FROM `lp_member_group` WHERE `gid` = 1 LIMIT 1   [ RunTime:0.0000s ]
SQL: SELECT * FROM `lp_member_group` WHERE `gid` = 1 LIMIT 1   [ RunTime:0.0000s ]
SQL: SELECT * FROM `lp_member_group` WHERE `gid` = 1 LIMIT 1   [ RunTime:0.0010s ]
SQL: SELECT * FROM `lp_member_group` WHERE `gid` = 1 LIMIT 1   [ RunTime:0.0000s ]
SQL: SELECT * FROM `lp_member_group` WHERE `gid` = 1 LIMIT 1   [ RunTime:0.0000s ]
SQL: SELECT * FROM `lp_member_group` WHERE `gid` = 1 LIMIT 1   [ RunTime:0.0010s ]
SQL: SELECT * FROM `lp_member_group` WHERE `gid` = 1 LIMIT 1   [ RunTime:0.0000s ]
SQL: SELECT * FROM `lp_member_group` WHERE `gid` = 1 LIMIT 1   [ RunTime:0.0000s ]
INFO: [ view_parse ] --START--
INFO: [ template_filter ] --START--
INFO: Run Behavior\ContentReplaceBehavior [ RunTime:0.000000s ]
INFO: [ template_filter ] --END-- [ RunTime:0.001000s ]
INFO: Run Behavior\ParseTemplateBehavior [ RunTime:0.021000s ]
INFO: [ view_parse ] --END-- [ RunTime:0.021000s ]
INFO: [ view_filter ] --START--
INFO: Run Behavior\WriteHtmlCacheBehavior [ RunTime:0.000000s ]
INFO: [ view_filter ] --END-- [ RunTime:0.000000s ]
INFO: [ app_end ] --START--
INFO: Run Behavior\ShowPageTraceBehavior [ RunTime:0.001000s ]
INFO: [ app_end ] --END-- [ RunTime:0.001000s ]

[ 2017-03-12T09:59:28+08:00 ] ::1 /glgj/?g=admin&m=member&a=company
INFO: [ app_init ] --START--
INFO: Run Behavior\BuildLiteBehavior [ RunTime:0.000000s ]
INFO: [ app_init ] --END-- [ RunTime:0.001000s ]
INFO: [ app_begin ] --START--
INFO: Run Behavior\ReadHtmlCacheBehavior [ RunTime:0.000000s ]
INFO: [ app_begin ] --END-- [ RunTime:0.000000s ]
NOTIC: [8] Use of undefined constant UID - assumed 'UID' D:\wamp64\www\glgj\Application\Admin\Controller\AdminController.class.php 第 10 行.
SQL: SHOW COLUMNS FROM `lp_conf` [ RunTime:0.0020s ]
SQL: SELECT `value` FROM `lp_conf` WHERE `name` = 'distribution' LIMIT 1   [ RunTime:0.0010s ]
SQL: SHOW COLUMNS FROM `lp_admin_user` [ RunTime:0.0010s ]
SQL: SELECT * FROM `lp_admin_user` WHERE `user_id` = '1' LIMIT 1   [ RunTime:0.0010s ]
SQL: SHOW COLUMNS FROM `lp_company` [ RunTime:0.0010s ]
SQL: SELECT COUNT(*) AS tp_count FROM `lp_company` WHERE `status` < 2 LIMIT 1   [ RunTime:0.0140s ]
SQL: SELECT `id`,`user_id`,`company_category_id`,`name`,`logo`,`business`,`summary`,`issue_time`,`flags`,`status`,`review`,`grade`,`sort`,`modify_time`,`proprietary` FROM `lp_company` WHERE `status` < 2 ORDER BY proprietary DESC,id DESC LIMIT 0,10   [ RunTime:0.0160s ]
SQL: SHOW COLUMNS FROM `lp_company_link` [ RunTime:0.0090s ]
SQL: SHOW COLUMNS FROM `lp_flags` [ RunTime:0.0030s ]
SQL: SELECT * FROM `lp_company_link` WHERE `company_id` = 10639 LIMIT 1   [ RunTime:0.0020s ]
SQL: SELECT `attname` FROM `lp_flags` WHERE (  `att` = '' ) AND (  `att` <> '' ) LIMIT 1   [ RunTime:0.0000s ]
SQL: SELECT * FROM `lp_company_link` WHERE `company_id` = 10638 LIMIT 1   [ RunTime:0.0000s ]
SQL: SELECT `attname` FROM `lp_flags` WHERE (  `att` = '' ) AND (  `att` <> '' ) LIMIT 1   [ RunTime:0.0010s ]
SQL: SELECT * FROM `lp_company_link` WHERE `company_id` = 10637 LIMIT 1   [ RunTime:0.0000s ]
SQL: SELECT `attname` FROM `lp_flags` WHERE (  `att` = '' ) AND (  `att` <> '' ) LIMIT 1   [ RunTime:0.0000s ]
SQL: SELECT * FROM `lp_company_link` WHERE `company_id` = 10636 LIMIT 1   [ RunTime:0.0010s ]
SQL: SELECT `attname` FROM `lp_flags` WHERE (  `att` = '' ) AND (  `att` <> '' ) LIMIT 1   [ RunTime:0.0010s ]
SQL: SELECT * FROM `lp_company_link` WHERE `company_id` = 10635 LIMIT 1   [ RunTime:0.0000s ]
SQL: SELECT `attname` FROM `lp_flags` WHERE (  `att` = '' ) AND (  `att` <> '' ) LIMIT 1   [ RunTime:0.0000s ]
SQL: SELECT * FROM `lp_company_link` WHERE `company_id` = 10634 LIMIT 1   [ RunTime:0.0010s ]
SQL: SELECT `attname` FROM `lp_flags` WHERE (  `att` = '' ) AND (  `att` <> '' ) LIMIT 1   [ RunTime:0.0000s ]
SQL: SELECT * FROM `lp_company_link` WHERE `company_id` = 10633 LIMIT 1   [ RunTime:0.0000s ]
SQL: SELECT `attname` FROM `lp_flags` WHERE (  `att` = '' ) AND (  `att` <> '' ) LIMIT 1   [ RunTime:0.0000s ]
SQL: SELECT * FROM `lp_company_link` WHERE `company_id` = 10632 LIMIT 1   [ RunTime:0.0010s ]
SQL: SELECT `attname` FROM `lp_flags` WHERE (  `att` = '' ) AND (  `att` <> '' ) LIMIT 1   [ RunTime:0.0000s ]
SQL: SELECT * FROM `lp_company_link` WHERE `company_id` = 10631 LIMIT 1   [ RunTime:0.0000s ]
SQL: SELECT `attname` FROM `lp_flags` WHERE (  `att` = '' ) AND (  `att` <> '' ) LIMIT 1   [ RunTime:0.0010s ]
SQL: SELECT * FROM `lp_company_link` WHERE `company_id` = 10630 LIMIT 1   [ RunTime:0.0000s ]
SQL: SELECT `attname` FROM `lp_flags` WHERE (  `att` = '' ) AND (  `att` <> '' ) LIMIT 1   [ RunTime:0.0000s ]
SQL: SELECT * FROM `lp_flags` WHERE `att` <> ''  [ RunTime:0.0010s ]
INFO: [ view_parse ] --START--
INFO: [ template_filter ] --START--
INFO: Run Behavior\ContentReplaceBehavior [ RunTime:0.000000s ]
INFO: [ template_filter ] --END-- [ RunTime:0.001000s ]
NOTIC: [8] Undefined index: flags D:\wamp64\www\glgj\Application\Runtime\Cache\Admin\ace951fa70c834c0eb872e9916a722e2.php 第 129 行.
NOTIC: [8] Undefined variable: search D:\wamp64\www\glgj\Application\Runtime\Cache\Admin\ace951fa70c834c0eb872e9916a722e2.php 第 132 行.
INFO: Run Behavior\ParseTemplateBehavior [ RunTime:0.024000s ]
INFO: [ view_parse ] --END-- [ RunTime:0.024000s ]
INFO: [ view_filter ] --START--
INFO: Run Behavior\WriteHtmlCacheBehavior [ RunTime:0.001000s ]
INFO: [ view_filter ] --END-- [ RunTime:0.001000s ]
INFO: [ app_end ] --START--
INFO: Run Behavior\ShowPageTraceBehavior [ RunTime:0.001000s ]
INFO: [ app_end ] --END-- [ RunTime:0.001000s ]

[ 2017-03-12T09:59:34+08:00 ] ::1 /glgj/?g=admin&m=member&a=company_add&id=10639
INFO: [ app_init ] --START--
INFO: Run Behavior\BuildLiteBehavior [ RunTime:0.000000s ]
INFO: [ app_init ] --END-- [ RunTime:0.000000s ]
INFO: [ app_begin ] --START--
INFO: Run Behavior\ReadHtmlCacheBehavior [ RunTime:0.001000s ]
INFO: [ app_begin ] --END-- [ RunTime:0.001000s ]
NOTIC: [8] Use of undefined constant UID - assumed 'UID' D:\wamp64\www\glgj\Application\Admin\Controller\AdminController.class.php 第 10 行.
SQL: SHOW COLUMNS FROM `lp_conf` [ RunTime:0.0010s ]
SQL: SELECT `value` FROM `lp_conf` WHERE `name` = 'distribution' LIMIT 1   [ RunTime:0.0000s ]
SQL: SHOW COLUMNS FROM `lp_admin_user` [ RunTime:0.0000s ]
SQL: SELECT * FROM `lp_admin_user` WHERE `user_id` = '1' LIMIT 1   [ RunTime:0.0010s ]
SQL: SHOW COLUMNS FROM `lp_company` [ RunTime:0.0010s ]
SQL: SHOW COLUMNS FROM `lp_company_link` [ RunTime:0.0010s ]
SQL: SELECT * FROM `lp_company` WHERE `id` = 10639 LIMIT 1   [ RunTime:0.0010s ]
SQL: SELECT * FROM `lp_company_link` WHERE `company_id` = 10639 LIMIT 1   [ RunTime:0.0000s ]
NOTIC: [8] Undefined index: lnt D:\wamp64\www\glgj\Application\Admin\Controller\MemberController.class.php 第 319 行.
SQL: SHOW COLUMNS FROM `lp_company_category` [ RunTime:0.0030s ]
SQL: SELECT `id`,`name` FROM `lp_company_category` ORDER BY sort DESC  [ RunTime:0.0000s ]
SQL: SHOW COLUMNS FROM `lp_flags` [ RunTime:0.0010s ]
SQL: SELECT `att`,`attname` FROM `lp_flags` ORDER BY cid DESC  [ RunTime:0.0000s ]
SQL: SHOW COLUMNS FROM `lp_regions` [ RunTime:0.0010s ]
INFO: [ view_parse ] --START--
INFO: [ template_filter ] --START--
INFO: Run Behavior\ContentReplaceBehavior [ RunTime:0.000000s ]
INFO: [ template_filter ] --END-- [ RunTime:0.000000s ]
NOTIC: [8] Undefined index: theme_img D:\wamp64\www\glgj\Application\Runtime\Cache\Admin\1d24d69990bd5292efe4bb4744716bdf.php 第 287 行.
NOTIC: [8] Undefined index: theme_img D:\wamp64\www\glgj\Application\Runtime\Cache\Admin\1d24d69990bd5292efe4bb4744716bdf.php 第 293 行.
NOTIC: [8] Undefined variable: cert D:\wamp64\www\glgj\Application\Runtime\Cache\Admin\1d24d69990bd5292efe4bb4744716bdf.php 第 341 行.
NOTIC: [8] Undefined index:  D:\wamp64\www\glgj\Application\Runtime\Cache\Admin\1d24d69990bd5292efe4bb4744716bdf.php 第 378 行.
NOTIC: [8] Undefined index:  D:\wamp64\www\glgj\Application\Runtime\Cache\Admin\1d24d69990bd5292efe4bb4744716bdf.php 第 384 行.
NOTIC: [8] Undefined index: wechat D:\wamp64\www\glgj\Application\Runtime\Cache\Admin\1d24d69990bd5292efe4bb4744716bdf.php 第 432 行.
INFO: Run Behavior\ParseTemplateBehavior [ RunTime:0.022000s ]
INFO: [ view_parse ] --END-- [ RunTime:0.022000s ]
INFO: [ view_filter ] --START--
INFO: Run Behavior\WriteHtmlCacheBehavior [ RunTime:0.001000s ]
INFO: [ view_filter ] --END-- [ RunTime:0.001000s ]
INFO: [ app_end ] --START--
INFO: Run Behavior\ShowPageTraceBehavior [ RunTime:0.001000s ]
INFO: [ app_end ] --END-- [ RunTime:0.001000s ]

[ 2017-03-12T10:01:22+08:00 ] ::1 /glgj/?g=admin&m=more
INFO: [ app_init ] --START--
INFO: Run Behavior\BuildLiteBehavior [ RunTime:0.000000s ]
INFO: [ app_init ] --END-- [ RunTime:0.001000s ]
INFO: [ app_begin ] --START--
INFO: Run Behavior\ReadHtmlCacheBehavior [ RunTime:0.000000s ]
INFO: [ app_begin ] --END-- [ RunTime:0.001000s ]
NOTIC: [8] Use of undefined constant UID - assumed 'UID' D:\wamp64\www\glgj\Application\Admin\Controller\AdminController.class.php 第 10 行.
SQL: SHOW COLUMNS FROM `lp_conf` [ RunTime:0.0010s ]
SQL: SELECT `value` FROM `lp_conf` WHERE `name` = 'distribution' LIMIT 1   [ RunTime:0.0000s ]
SQL: SHOW COLUMNS FROM `lp_admin_user` [ RunTime:0.0010s ]
SQL: SELECT * FROM `lp_admin_user` WHERE `user_id` = '1' LIMIT 1   [ RunTime:0.0000s ]
SQL: SHOW COLUMNS FROM `lp_page` [ RunTime:0.0010s ]
SQL: SELECT COUNT(*) AS tp_count FROM `lp_page` WHERE `id` IN ('2','4','8') LIMIT 1   [ RunTime:0.0000s ]
SQL: SELECT * FROM `lp_page` WHERE `id` IN ('2','4','8') ORDER BY inputtime desc LIMIT 0,10   [ RunTime:0.0000s ]
INFO: [ view_parse ] --START--
INFO: [ template_filter ] --START--
INFO: Run Behavior\ContentReplaceBehavior [ RunTime:0.000000s ]
INFO: [ template_filter ] --END-- [ RunTime:0.001000s ]
INFO: Run Behavior\ParseTemplateBehavior [ RunTime:0.020000s ]
INFO: [ view_parse ] --END-- [ RunTime:0.020000s ]
INFO: [ view_filter ] --START--
INFO: Run Behavior\WriteHtmlCacheBehavior [ RunTime:0.000000s ]
INFO: [ view_filter ] --END-- [ RunTime:0.000000s ]
INFO: [ app_end ] --START--
INFO: Run Behavior\ShowPageTraceBehavior [ RunTime:0.001000s ]
INFO: [ app_end ] --END-- [ RunTime:0.001000s ]

[ 2017-03-12T10:01:23+08:00 ] ::1 /glgj/?g=admin&m=push
INFO: [ app_init ] --START--
INFO: Run Behavior\BuildLiteBehavior [ RunTime:0.000000s ]
INFO: [ app_init ] --END-- [ RunTime:0.000000s ]
INFO: [ app_begin ] --START--
INFO: Run Behavior\ReadHtmlCacheBehavior [ RunTime:0.000000s ]
INFO: [ app_begin ] --END-- [ RunTime:0.000000s ]
NOTIC: [8] Use of undefined constant UID - assumed 'UID' D:\wamp64\www\glgj\Application\Admin\Controller\AdminController.class.php 第 10 行.
SQL: SHOW COLUMNS FROM `lp_conf` [ RunTime:0.0010s ]
SQL: SELECT `value` FROM `lp_conf` WHERE `name` = 'distribution' LIMIT 1   [ RunTime:0.0000s ]
SQL: SHOW COLUMNS FROM `lp_admin_user` [ RunTime:0.0010s ]
SQL: SELECT * FROM `lp_admin_user` WHERE `user_id` = '1' LIMIT 1   [ RunTime:0.0000s ]
SQL: SHOW COLUMNS FROM `lp_push` [ RunTime:0.0040s ]
SQL: SELECT COUNT(*) AS tp_count FROM `lp_push` LIMIT 1   [ RunTime:0.0000s ]
SQL: SELECT * FROM `lp_push` ORDER BY addtime desc LIMIT 0,10   [ RunTime:0.0000s ]
INFO: [ view_parse ] --START--
INFO: [ template_filter ] --START--
INFO: Run Behavior\ContentReplaceBehavior [ RunTime:0.001000s ]
INFO: [ template_filter ] --END-- [ RunTime:0.001000s ]
INFO: Run Behavior\ParseTemplateBehavior [ RunTime:0.021000s ]
INFO: [ view_parse ] --END-- [ RunTime:0.021000s ]
INFO: [ view_filter ] --START--
INFO: Run Behavior\WriteHtmlCacheBehavior [ RunTime:0.001000s ]
INFO: [ view_filter ] --END-- [ RunTime:0.001000s ]
INFO: [ app_end ] --START--
INFO: Run Behavior\ShowPageTraceBehavior [ RunTime:0.001000s ]
INFO: [ app_end ] --END-- [ RunTime:0.001000s ]

[ 2017-03-12T10:01:24+08:00 ] ::1 /glgj/?g=admin&m=banner
INFO: [ app_init ] --START--
INFO: Run Behavior\BuildLiteBehavior [ RunTime:0.000000s ]
INFO: [ app_init ] --END-- [ RunTime:0.000000s ]
INFO: [ app_begin ] --START--
INFO: Run Behavior\ReadHtmlCacheBehavior [ RunTime:0.001000s ]
INFO: [ app_begin ] --END-- [ RunTime:0.001000s ]
NOTIC: [8] Use of undefined constant UID - assumed 'UID' D:\wamp64\www\glgj\Application\Admin\Controller\AdminController.class.php 第 10 行.
SQL: SHOW COLUMNS FROM `lp_conf` [ RunTime:0.0010s ]
SQL: SELECT `value` FROM `lp_conf` WHERE `name` = 'distribution' LIMIT 1   [ RunTime:0.0000s ]
SQL: SHOW COLUMNS FROM `lp_admin_user` [ RunTime:0.0010s ]
SQL: SELECT * FROM `lp_admin_user` WHERE `user_id` = '1' LIMIT 1   [ RunTime:0.0000s ]
SQL: SHOW COLUMNS FROM `lp_jdpic` [ RunTime:0.0010s ]
SQL: SELECT COUNT(*) AS tp_count FROM `lp_jdpic` LIMIT 1   [ RunTime:0.0000s ]
SQL: SELECT * FROM `lp_jdpic` ORDER BY listorder desc,id desc LIMIT 0,10   [ RunTime:0.0010s ]
SQL: SHOW COLUMNS FROM `lp_jdtype` [ RunTime:0.0040s ]
SQL: SELECT * FROM `lp_jdtype` WHERE `id` = 2 LIMIT 1   [ RunTime:0.0000s ]
SQL: SELECT * FROM `lp_jdtype` WHERE `id` = 2 LIMIT 1   [ RunTime:0.0010s ]
SQL: SELECT * FROM `lp_jdtype` WHERE `id` = 2 LIMIT 1   [ RunTime:0.0000s ]
SQL: SELECT * FROM `lp_jdtype` WHERE `id` = 2 LIMIT 1   [ RunTime:0.0000s ]
SQL: SELECT * FROM `lp_jdtype` WHERE `id` = 1 LIMIT 1   [ RunTime:0.0010s ]
SQL: SELECT * FROM `lp_jdtype` WHERE `id` = 1 LIMIT 1   [ RunTime:0.0000s ]
SQL: SELECT * FROM `lp_jdtype` WHERE `id` = 1 LIMIT 1   [ RunTime:0.0000s ]
INFO: [ view_parse ] --START--
INFO: [ template_filter ] --START--
INFO: Run Behavior\ContentReplaceBehavior [ RunTime:0.000000s ]
INFO: [ template_filter ] --END-- [ RunTime:0.000000s ]
INFO: Run Behavior\ParseTemplateBehavior [ RunTime:0.020000s ]
INFO: [ view_parse ] --END-- [ RunTime:0.020000s ]
INFO: [ view_filter ] --START--
INFO: Run Behavior\WriteHtmlCacheBehavior [ RunTime:0.001000s ]
INFO: [ view_filter ] --END-- [ RunTime:0.001000s ]
INFO: [ app_end ] --START--
INFO: Run Behavior\ShowPageTraceBehavior [ RunTime:0.000000s ]
INFO: [ app_end ] --END-- [ RunTime:0.000000s ]

[ 2017-03-12T10:01:26+08:00 ] ::1 /glgj/?g=admin&m=more
INFO: [ app_init ] --START--
INFO: Run Behavior\BuildLiteBehavior [ RunTime:0.000000s ]
INFO: [ app_init ] --END-- [ RunTime:0.001000s ]
INFO: [ app_begin ] --START--
INFO: Run Behavior\ReadHtmlCacheBehavior [ RunTime:0.001000s ]
INFO: [ app_begin ] --END-- [ RunTime:0.001000s ]
NOTIC: [8] Use of undefined constant UID - assumed 'UID' D:\wamp64\www\glgj\Application\Admin\Controller\AdminController.class.php 第 10 行.
SQL: SHOW COLUMNS FROM `lp_conf` [ RunTime:0.0010s ]
SQL: SELECT `value` FROM `lp_conf` WHERE `name` = 'distribution' LIMIT 1   [ RunTime:0.0010s ]
SQL: SHOW COLUMNS FROM `lp_admin_user` [ RunTime:0.0010s ]
SQL: SELECT * FROM `lp_admin_user` WHERE `user_id` = '1' LIMIT 1   [ RunTime:0.0000s ]
SQL: SHOW COLUMNS FROM `lp_page` [ RunTime:0.0000s ]
SQL: SELECT COUNT(*) AS tp_count FROM `lp_page` WHERE `id` IN ('2','4','8') LIMIT 1   [ RunTime:0.0000s ]
SQL: SELECT * FROM `lp_page` WHERE `id` IN ('2','4','8') ORDER BY inputtime desc LIMIT 0,10   [ RunTime:0.0000s ]
INFO: [ view_parse ] --START--
INFO: [ template_filter ] --START--
INFO: Run Behavior\ContentReplaceBehavior [ RunTime:0.000000s ]
INFO: [ template_filter ] --END-- [ RunTime:0.000000s ]
INFO: Run Behavior\ParseTemplateBehavior [ RunTime:0.013000s ]
INFO: [ view_parse ] --END-- [ RunTime:0.013000s ]
INFO: [ view_filter ] --START--
INFO: Run Behavior\WriteHtmlCacheBehavior [ RunTime:0.001000s ]
INFO: [ view_filter ] --END-- [ RunTime:0.001000s ]
INFO: [ app_end ] --START--
INFO: Run Behavior\ShowPageTraceBehavior [ RunTime:0.001000s ]
INFO: [ app_end ] --END-- [ RunTime:0.001000s ]

[ 2017-03-12T10:03:45+08:00 ] ::1 /glgj/?g=admin&m=more
INFO: [ app_init ] --START--
INFO: Run Behavior\BuildLiteBehavior [ RunTime:0.000000s ]
INFO: [ app_init ] --END-- [ RunTime:0.001000s ]
INFO: [ app_begin ] --START--
INFO: Run Behavior\ReadHtmlCacheBehavior [ RunTime:0.001000s ]
INFO: [ app_begin ] --END-- [ RunTime:0.001000s ]
NOTIC: [8] Use of undefined constant UID - assumed 'UID' D:\wamp64\www\glgj\Application\Admin\Controller\AdminController.class.php 第 10 行.
SQL: SHOW COLUMNS FROM `lp_conf` [ RunTime:0.0010s ]
SQL: SELECT `value` FROM `lp_conf` WHERE `name` = 'distribution' LIMIT 1   [ RunTime:0.0010s ]
SQL: SHOW COLUMNS FROM `lp_admin_user` [ RunTime:0.0000s ]
SQL: SELECT * FROM `lp_admin_user` WHERE `user_id` = '1' LIMIT 1   [ RunTime:0.0000s ]
SQL: SHOW COLUMNS FROM `lp_page` [ RunTime:0.0010s ]
SQL: SELECT COUNT(*) AS tp_count FROM `lp_page` WHERE `id` IN ('2','4','8') LIMIT 1   [ RunTime:0.0000s ]
SQL: SELECT * FROM `lp_page` WHERE `id` IN ('2','4','8') ORDER BY inputtime desc LIMIT 0,10   [ RunTime:0.0010s ]
INFO: [ view_parse ] --START--
INFO: [ template_filter ] --START--
INFO: Run Behavior\ContentReplaceBehavior [ RunTime:0.000000s ]
INFO: [ template_filter ] --END-- [ RunTime:0.001000s ]
INFO: Run Behavior\ParseTemplateBehavior [ RunTime:0.011000s ]
INFO: [ view_parse ] --END-- [ RunTime:0.011000s ]
INFO: [ view_filter ] --START--
INFO: Run Behavior\WriteHtmlCacheBehavior [ RunTime:0.000000s ]
INFO: [ view_filter ] --END-- [ RunTime:0.000000s ]
INFO: [ app_end ] --START--
INFO: Run Behavior\ShowPageTraceBehavior [ RunTime:0.001000s ]
INFO: [ app_end ] --END-- [ RunTime:0.001000s ]

[ 2017-03-12T10:05:25+08:00 ] ::1 /glgj/?g=admin&m=more
INFO: [ app_init ] --START--
INFO: Run Behavior\BuildLiteBehavior [ RunTime:0.000000s ]
INFO: [ app_init ] --END-- [ RunTime:0.001000s ]
INFO: [ app_begin ] --START--
INFO: Run Behavior\ReadHtmlCacheBehavior [ RunTime:0.001000s ]
INFO: [ app_begin ] --END-- [ RunTime:0.001000s ]
NOTIC: [8] Use of undefined constant UID - assumed 'UID' D:\wamp64\www\glgj\Application\Admin\Controller\AdminController.class.php 第 10 行.
SQL: SHOW COLUMNS FROM `lp_conf` [ RunTime:0.0010s ]
SQL: SELECT `value` FROM `lp_conf` WHERE `name` = 'distribution' LIMIT 1   [ RunTime:0.0010s ]
SQL: SHOW COLUMNS FROM `lp_admin_user` [ RunTime:0.0010s ]
SQL: SELECT * FROM `lp_admin_user` WHERE `user_id` = '1' LIMIT 1   [ RunTime:0.0010s ]
SQL: SHOW COLUMNS FROM `lp_page` [ RunTime:0.0010s ]
SQL: SELECT COUNT(*) AS tp_count FROM `lp_page` WHERE `id` IN ('2','3','4','5') LIMIT 1   [ RunTime:0.0010s ]
SQL: SELECT * FROM `lp_page` WHERE `id` IN ('2','3','4','5') ORDER BY inputtime desc LIMIT 0,10   [ RunTime:0.0010s ]
INFO: [ view_parse ] --START--
INFO: [ template_filter ] --START--
INFO: Run Behavior\ContentReplaceBehavior [ RunTime:0.000000s ]
INFO: [ template_filter ] --END-- [ RunTime:0.001000s ]
INFO: Run Behavior\ParseTemplateBehavior [ RunTime:0.021000s ]
INFO: [ view_parse ] --END-- [ RunTime:0.021000s ]
INFO: [ view_filter ] --START--
INFO: Run Behavior\WriteHtmlCacheBehavior [ RunTime:0.001000s ]
INFO: [ view_filter ] --END-- [ RunTime:0.001000s ]
INFO: [ app_end ] --START--
INFO: Run Behavior\ShowPageTraceBehavior [ RunTime:0.001000s ]
INFO: [ app_end ] --END-- [ RunTime:0.001000s ]

[ 2017-03-12T10:05:27+08:00 ] ::1 /glgj/?g=admin&m=more&a=add&id=5
INFO: [ app_init ] --START--
INFO: Run Behavior\BuildLiteBehavior [ RunTime:0.000000s ]
INFO: [ app_init ] --END-- [ RunTime:0.001000s ]
INFO: [ app_begin ] --START--
INFO: Run Behavior\ReadHtmlCacheBehavior [ RunTime:0.001000s ]
INFO: [ app_begin ] --END-- [ RunTime:0.001000s ]
NOTIC: [8] Use of undefined constant UID - assumed 'UID' D:\wamp64\www\glgj\Application\Admin\Controller\AdminController.class.php 第 10 行.
SQL: SHOW COLUMNS FROM `lp_conf` [ RunTime:0.0010s ]
SQL: SELECT `value` FROM `lp_conf` WHERE `name` = 'distribution' LIMIT 1   [ RunTime:0.0010s ]
SQL: SHOW COLUMNS FROM `lp_admin_user` [ RunTime:0.0000s ]
SQL: SELECT * FROM `lp_admin_user` WHERE `user_id` = '1' LIMIT 1   [ RunTime:0.0010s ]
SQL: SHOW COLUMNS FROM `lp_page` [ RunTime:0.0010s ]
SQL: SELECT * FROM `lp_page` WHERE `id` = 5 LIMIT 1   [ RunTime:0.0000s ]
INFO: [ view_parse ] --START--
INFO: [ template_filter ] --START--
INFO: Run Behavior\ContentReplaceBehavior [ RunTime:0.000000s ]
INFO: [ template_filter ] --END-- [ RunTime:0.000000s ]
INFO: Run Behavior\ParseTemplateBehavior [ RunTime:0.012000s ]
INFO: [ view_parse ] --END-- [ RunTime:0.012000s ]
INFO: [ view_filter ] --START--
INFO: Run Behavior\WriteHtmlCacheBehavior [ RunTime:0.000000s ]
INFO: [ view_filter ] --END-- [ RunTime:0.000000s ]
INFO: [ app_end ] --START--
INFO: Run Behavior\ShowPageTraceBehavior [ RunTime:0.001000s ]
INFO: [ app_end ] --END-- [ RunTime:0.001000s ]

[ 2017-03-12T10:05:29+08:00 ] ::1 /glgj/?g=admin&m=member
INFO: [ app_init ] --START--
INFO: Run Behavior\BuildLiteBehavior [ RunTime:0.000000s ]
INFO: [ app_init ] --END-- [ RunTime:0.000000s ]
INFO: [ app_begin ] --START--
INFO: Run Behavior\ReadHtmlCacheBehavior [ RunTime:0.000000s ]
INFO: [ app_begin ] --END-- [ RunTime:0.000000s ]
NOTIC: [8] Use of undefined constant UID - assumed 'UID' D:\wamp64\www\glgj\Application\Admin\Controller\AdminController.class.php 第 10 行.
SQL: SHOW COLUMNS FROM `lp_conf` [ RunTime:0.0010s ]
SQL: SELECT `value` FROM `lp_conf` WHERE `name` = 'distribution' LIMIT 1   [ RunTime:0.0000s ]
SQL: SHOW COLUMNS FROM `lp_admin_user` [ RunTime:0.0010s ]
SQL: SELECT * FROM `lp_admin_user` WHERE `user_id` = '1' LIMIT 1   [ RunTime:0.0000s ]
SQL: SHOW COLUMNS FROM `lp_member_group` [ RunTime:0.0010s ]
SQL: SELECT * FROM `lp_member_group` ORDER BY addtime desc  [ RunTime:0.0000s ]
SQL: SHOW COLUMNS FROM `lp_member` [ RunTime:0.0010s ]
SQL: SELECT COUNT(*) AS tp_count FROM `lp_member` LIMIT 1   [ RunTime:0.0010s ]
SQL: SELECT `uid`,`gid`,`name`,`token_id`,`head_pic`,`nick_name`,`email`,`qq`,`sex`,`mphone`,`password`,`lin_salt`,`nickname`,`regdate`,`addtime`,`J_Year`,`J_Month`,`J_Date` FROM `lp_member` ORDER BY regdate desc LIMIT 0,10   [ RunTime:0.0080s ]
SQL: SHOW COLUMNS FROM `lp_member_group` [ RunTime:0.0000s ]
SQL: SELECT * FROM `lp_member_group` WHERE `gid` = 1 LIMIT 1   [ RunTime:0.0000s ]
SQL: SELECT * FROM `lp_member_group` WHERE `gid` = 1 LIMIT 1   [ RunTime:0.0000s ]
SQL: SELECT * FROM `lp_member_group` WHERE `gid` = 1 LIMIT 1   [ RunTime:0.0000s ]
SQL: SELECT * FROM `lp_member_group` WHERE `gid` = 1 LIMIT 1   [ RunTime:0.0000s ]
SQL: SELECT * FROM `lp_member_group` WHERE `gid` = 1 LIMIT 1   [ RunTime:0.0010s ]
SQL: SELECT * FROM `lp_member_group` WHERE `gid` = 1 LIMIT 1   [ RunTime:0.0000s ]
SQL: SELECT * FROM `lp_member_group` WHERE `gid` = 1 LIMIT 1   [ RunTime:0.0000s ]
SQL: SELECT * FROM `lp_member_group` WHERE `gid` = 1 LIMIT 1   [ RunTime:0.0010s ]
SQL: SELECT * FROM `lp_member_group` WHERE `gid` = 1 LIMIT 1   [ RunTime:0.0000s ]
SQL: SELECT * FROM `lp_member_group` WHERE `gid` = 1 LIMIT 1   [ RunTime:0.0010s ]
INFO: [ view_parse ] --START--
INFO: [ template_filter ] --START--
INFO: Run Behavior\ContentReplaceBehavior [ RunTime:0.000000s ]
INFO: [ template_filter ] --END-- [ RunTime:0.000000s ]
INFO: Run Behavior\ParseTemplateBehavior [ RunTime:0.012000s ]
INFO: [ view_parse ] --END-- [ RunTime:0.012000s ]
INFO: [ view_filter ] --START--
INFO: Run Behavior\WriteHtmlCacheBehavior [ RunTime:0.000000s ]
INFO: [ view_filter ] --END-- [ RunTime:0.000000s ]
INFO: [ app_end ] --START--
INFO: Run Behavior\ShowPageTraceBehavior [ RunTime:0.001000s ]
INFO: [ app_end ] --END-- [ RunTime:0.001000s ]

[ 2017-03-12T10:55:47+08:00 ] ::1 /glgj/?g=admin
INFO: [ app_init ] --START--
INFO: Run Behavior\BuildLiteBehavior [ RunTime:0.000000s ]
INFO: [ app_init ] --END-- [ RunTime:0.001000s ]
INFO: [ app_begin ] --START--
INFO: Run Behavior\ReadHtmlCacheBehavior [ RunTime:0.001000s ]
INFO: [ app_begin ] --END-- [ RunTime:0.001000s ]
NOTIC: [8] Use of undefined constant UID - assumed 'UID' D:\wamp64\www\glgj\Application\Admin\Controller\AdminController.class.php 第 10 行.

[ 2017-03-12T10:55:47+08:00 ] ::1 /glgj/?g=admin
INFO: [ app_init ] --START--
INFO: Run Behavior\BuildLiteBehavior [ RunTime:0.000000s ]
INFO: [ app_init ] --END-- [ RunTime:0.001000s ]
INFO: [ app_begin ] --START--
INFO: Run Behavior\ReadHtmlCacheBehavior [ RunTime:0.000000s ]
INFO: [ app_begin ] --END-- [ RunTime:0.000000s ]
NOTIC: [8] Use of undefined constant UID - assumed 'UID' D:\wamp64\www\glgj\Application\Admin\Controller\AdminController.class.php 第 10 行.

[ 2017-03-12T10:55:47+08:00 ] ::1 /glgj/?g=admin&m=login
INFO: [ app_init ] --START--
INFO: Run Behavior\BuildLiteBehavior [ RunTime:0.000000s ]
INFO: [ app_init ] --END-- [ RunTime:0.000000s ]
INFO: [ app_begin ] --START--
INFO: Run Behavior\ReadHtmlCacheBehavior [ RunTime:0.000000s ]
INFO: [ app_begin ] --END-- [ RunTime:0.000000s ]
SQL: SHOW COLUMNS FROM `lp_conf` [ RunTime:0.0000s ]
SQL: SELECT * FROM `lp_conf` WHERE `name` = 'webname' LIMIT 1   [ RunTime:0.0030s ]
INFO: [ view_parse ] --START--
INFO: [ template_filter ] --START--
INFO: Run Behavior\ContentReplaceBehavior [ RunTime:0.000000s ]
INFO: [ template_filter ] --END-- [ RunTime:0.000000s ]
INFO: Run Behavior\ParseTemplateBehavior [ RunTime:0.010000s ]
INFO: [ view_parse ] --END-- [ RunTime:0.010000s ]
INFO: [ view_filter ] --START--
INFO: Run Behavior\WriteHtmlCacheBehavior [ RunTime:0.000000s ]
INFO: [ view_filter ] --END-- [ RunTime:0.000000s ]
INFO: [ app_end ] --START--
INFO: Run Behavior\ShowPageTraceBehavior [ RunTime:0.001000s ]
INFO: [ app_end ] --END-- [ RunTime:0.001000s ]

[ 2017-03-12T10:55:53+08:00 ] ::1 /glgj/?g=admin&m=login
INFO: [ app_init ] --START--
INFO: Run Behavior\BuildLiteBehavior [ RunTime:0.000000s ]
INFO: [ app_init ] --END-- [ RunTime:0.001000s ]
INFO: [ app_begin ] --START--
INFO: Run Behavior\ReadHtmlCacheBehavior [ RunTime:0.001000s ]
INFO: [ app_begin ] --END-- [ RunTime:0.001000s ]
SQL: SHOW COLUMNS FROM `lp_conf` [ RunTime:0.0010s ]
SQL: SELECT * FROM `lp_conf` WHERE `name` = 'webname' LIMIT 1   [ RunTime:0.0000s ]
SQL: SHOW COLUMNS FROM `lp_admin_user` [ RunTime:0.0020s ]
SQL: SHOW COLUMNS FROM `lp_admin_group` [ RunTime:0.0030s ]
SQL: SELECT * FROM `lp_admin_user` WHERE `user_name` = 'admin' LIMIT 1   [ RunTime:0.0000s ]
SQL: SELECT * FROM `lp_admin_group` WHERE `gid` = 1 LIMIT 1   [ RunTime:0.0010s ]
SQL: UPDATE `lp_admin_user` SET `last_ip`='::1',`last_login`='1489287353' WHERE `user_name` = 'admin' [ RunTime:0.0030s ]

[ 2017-03-12T10:55:55+08:00 ] ::1 /glgj/?g=admin&m=index
INFO: [ app_init ] --START--
INFO: Run Behavior\BuildLiteBehavior [ RunTime:0.000000s ]
INFO: [ app_init ] --END-- [ RunTime:0.001000s ]
INFO: [ app_begin ] --START--
INFO: Run Behavior\ReadHtmlCacheBehavior [ RunTime:0.001000s ]
INFO: [ app_begin ] --END-- [ RunTime:0.002000s ]
NOTIC: [8] Use of undefined constant UID - assumed 'UID' D:\wamp64\www\glgj\Application\Admin\Controller\AdminController.class.php 第 10 行.
SQL: SHOW COLUMNS FROM `lp_conf` [ RunTime:0.0010s ]
SQL: SELECT `value` FROM `lp_conf` WHERE `name` = 'distribution' LIMIT 1   [ RunTime:0.0000s ]
SQL: SHOW COLUMNS FROM `lp_admin_user` [ RunTime:0.0010s ]
SQL: SELECT * FROM `lp_admin_user` WHERE `user_id` = '1' LIMIT 1   [ RunTime:0.0050s ]
INFO: [ view_parse ] --START--
INFO: [ template_filter ] --START--
INFO: Run Behavior\ContentReplaceBehavior [ RunTime:0.000000s ]
INFO: [ template_filter ] --END-- [ RunTime:0.001000s ]
INFO: Run Behavior\ParseTemplateBehavior [ RunTime:0.027000s ]
INFO: [ view_parse ] --END-- [ RunTime:0.027000s ]
INFO: [ view_filter ] --START--
INFO: Run Behavior\WriteHtmlCacheBehavior [ RunTime:0.000000s ]
INFO: [ view_filter ] --END-- [ RunTime:0.000000s ]
INFO: [ app_end ] --START--
INFO: Run Behavior\ShowPageTraceBehavior [ RunTime:0.001000s ]
INFO: [ app_end ] --END-- [ RunTime:0.001000s ]

[ 2017-03-12T11:11:29+08:00 ] ::1 /glgj/?g=admin&m=member
INFO: [ app_init ] --START--
INFO: Run Behavior\BuildLiteBehavior [ RunTime:0.000000s ]
INFO: [ app_init ] --END-- [ RunTime:0.001000s ]
INFO: [ app_begin ] --START--
INFO: Run Behavior\ReadHtmlCacheBehavior [ RunTime:0.001000s ]
INFO: [ app_begin ] --END-- [ RunTime:0.001000s ]
NOTIC: [8] Use of undefined constant UID - assumed 'UID' D:\wamp64\www\glgj\Application\Admin\Controller\AdminController.class.php 第 10 行.
SQL: SHOW COLUMNS FROM `lp_conf` [ RunTime:0.0010s ]
SQL: SELECT `value` FROM `lp_conf` WHERE `name` = 'distribution' LIMIT 1   [ RunTime:0.0010s ]
SQL: SHOW COLUMNS FROM `lp_admin_user` [ RunTime:0.0010s ]
SQL: SELECT * FROM `lp_admin_user` WHERE `user_id` = '1' LIMIT 1   [ RunTime:0.0000s ]
SQL: SHOW COLUMNS FROM `lp_member_group` [ RunTime:0.0040s ]
SQL: SELECT * FROM `lp_member_group` ORDER BY addtime desc  [ RunTime:0.0010s ]
SQL: SHOW COLUMNS FROM `lp_member` [ RunTime:0.0030s ]
SQL: SELECT COUNT(*) AS tp_count FROM `lp_member` LIMIT 1   [ RunTime:0.0020s ]
SQL: SELECT `uid`,`gid`,`name`,`token_id`,`head_pic`,`nick_name`,`email`,`qq`,`sex`,`mphone`,`password`,`lin_salt`,`nickname`,`regdate`,`addtime`,`J_Year`,`J_Month`,`J_Date` FROM `lp_member` ORDER BY regdate desc LIMIT 0,10   [ RunTime:0.0140s ]
SQL: SHOW COLUMNS FROM `lp_member_group` [ RunTime:0.0000s ]
SQL: SELECT * FROM `lp_member_group` WHERE `gid` = 1 LIMIT 1   [ RunTime:0.0000s ]
SQL: SELECT * FROM `lp_member_group` WHERE `gid` = 1 LIMIT 1   [ RunTime:0.0000s ]
SQL: SELECT * FROM `lp_member_group` WHERE `gid` = 1 LIMIT 1   [ RunTime:0.0000s ]
SQL: SELECT * FROM `lp_member_group` WHERE `gid` = 1 LIMIT 1   [ RunTime:0.0000s ]
SQL: SELECT * FROM `lp_member_group` WHERE `gid` = 1 LIMIT 1   [ RunTime:0.0000s ]
SQL: SELECT * FROM `lp_member_group` WHERE `gid` = 1 LIMIT 1   [ RunTime:0.0000s ]
SQL: SELECT * FROM `lp_member_group` WHERE `gid` = 1 LIMIT 1   [ RunTime:0.0000s ]
SQL: SELECT * FROM `lp_member_group` WHERE `gid` = 1 LIMIT 1   [ RunTime:0.0000s ]
SQL: SELECT * FROM `lp_member_group` WHERE `gid` = 1 LIMIT 1   [ RunTime:0.0000s ]
SQL: SELECT * FROM `lp_member_group` WHERE `gid` = 1 LIMIT 1   [ RunTime:0.0000s ]
INFO: [ view_parse ] --START--
INFO: [ template_filter ] --START--
INFO: Run Behavior\ContentReplaceBehavior [ RunTime:0.000000s ]
INFO: [ template_filter ] --END-- [ RunTime:0.000000s ]
INFO: Run Behavior\ParseTemplateBehavior [ RunTime:0.014000s ]
INFO: [ view_parse ] --END-- [ RunTime:0.014000s ]
INFO: [ view_filter ] --START--
INFO: Run Behavior\WriteHtmlCacheBehavior [ RunTime:0.001000s ]
INFO: [ view_filter ] --END-- [ RunTime:0.001000s ]
INFO: [ app_end ] --START--
INFO: Run Behavior\ShowPageTraceBehavior [ RunTime:0.001000s ]
INFO: [ app_end ] --END-- [ RunTime:0.001000s ]

[ 2017-03-12T11:11:31+08:00 ] ::1 /glgj/?g=admin&m=member&a=add&id=24519
INFO: [ app_init ] --START--
INFO: Run Behavior\BuildLiteBehavior [ RunTime:0.000000s ]
INFO: [ app_init ] --END-- [ RunTime:0.001000s ]
INFO: [ app_begin ] --START--
INFO: Run Behavior\ReadHtmlCacheBehavior [ RunTime:0.001000s ]
INFO: [ app_begin ] --END-- [ RunTime:0.001000s ]
NOTIC: [8] Use of undefined constant UID - assumed 'UID' D:\wamp64\www\glgj\Application\Admin\Controller\AdminController.class.php 第 10 行.
SQL: SHOW COLUMNS FROM `lp_conf` [ RunTime:0.0010s ]
SQL: SELECT `value` FROM `lp_conf` WHERE `name` = 'distribution' LIMIT 1   [ RunTime:0.0000s ]
SQL: SHOW COLUMNS FROM `lp_admin_user` [ RunTime:0.0010s ]
SQL: SELECT * FROM `lp_admin_user` WHERE `user_id` = '1' LIMIT 1   [ RunTime:0.0000s ]
SQL: SHOW COLUMNS FROM `lp_member` [ RunTime:0.0010s ]
SQL: SELECT * FROM `lp_member` WHERE `uid` = 24519 LIMIT 1   [ RunTime:0.0020s ]
SQL: SHOW COLUMNS FROM `lp_member_group` [ RunTime:0.0010s ]
SQL: SELECT * FROM `lp_member_group`  [ RunTime:0.0010s ]
INFO: [ view_parse ] --START--
INFO: [ template_filter ] --START--
INFO: Run Behavior\ContentReplaceBehavior [ RunTime:0.000000s ]
INFO: [ template_filter ] --END-- [ RunTime:0.000000s ]
INFO: Run Behavior\ParseTemplateBehavior [ RunTime:0.017000s ]
INFO: [ view_parse ] --END-- [ RunTime:0.017000s ]
INFO: [ view_filter ] --START--
INFO: Run Behavior\WriteHtmlCacheBehavior [ RunTime:0.000000s ]
INFO: [ view_filter ] --END-- [ RunTime:0.000000s ]
INFO: [ app_end ] --START--
INFO: Run Behavior\ShowPageTraceBehavior [ RunTime:0.001000s ]
INFO: [ app_end ] --END-- [ RunTime:0.001000s ]

[ 2017-03-12T11:11:33+08:00 ] ::1 /glgj/?g=admin&m=member&a=company_group
INFO: [ app_init ] --START--
INFO: Run Behavior\BuildLiteBehavior [ RunTime:0.000000s ]
INFO: [ app_init ] --END-- [ RunTime:0.001000s ]
INFO: [ app_begin ] --START--
INFO: Run Behavior\ReadHtmlCacheBehavior [ RunTime:0.001000s ]
INFO: [ app_begin ] --END-- [ RunTime:0.001000s ]
NOTIC: [8] Use of undefined constant UID - assumed 'UID' D:\wamp64\www\glgj\Application\Admin\Controller\AdminController.class.php 第 10 行.
SQL: SHOW COLUMNS FROM `lp_conf` [ RunTime:0.0010s ]
SQL: SELECT `value` FROM `lp_conf` WHERE `name` = 'distribution' LIMIT 1   [ RunTime:0.0010s ]
SQL: SHOW COLUMNS FROM `lp_admin_user` [ RunTime:0.0010s ]
SQL: SELECT * FROM `lp_admin_user` WHERE `user_id` = '1' LIMIT 1   [ RunTime:0.0000s ]
SQL: SHOW COLUMNS FROM `lp_company_category` [ RunTime:0.0100s ]
SQL: SELECT COUNT(*) AS tp_count FROM `lp_company_category` LIMIT 1   [ RunTime:0.0010s ]
SQL: SELECT `id`,`pid`,`name`,`desc`,`addtime`,`sort` FROM `lp_company_category` ORDER BY id desc LIMIT 0,10   [ RunTime:0.0000s ]
INFO: [ view_parse ] --START--
INFO: [ template_filter ] --START--
INFO: Run Behavior\ContentReplaceBehavior [ RunTime:0.001000s ]
INFO: [ template_filter ] --END-- [ RunTime:0.001000s ]
NOTIC: [8] Undefined index: logo D:\wamp64\www\glgj\Application\Runtime\Cache\Admin\2a35b693462dce0372c7d05a442fc70d.php 第 140 行.
NOTIC: [8] Undefined index: logo D:\wamp64\www\glgj\Application\Runtime\Cache\Admin\2a35b693462dce0372c7d05a442fc70d.php 第 140 行.
NOTIC: [8] Undefined index: logo D:\wamp64\www\glgj\Application\Runtime\Cache\Admin\2a35b693462dce0372c7d05a442fc70d.php 第 140 行.
NOTIC: [8] Undefined index: logo D:\wamp64\www\glgj\Application\Runtime\Cache\Admin\2a35b693462dce0372c7d05a442fc70d.php 第 140 行.
NOTIC: [8] Undefined index: logo D:\wamp64\www\glgj\Application\Runtime\Cache\Admin\2a35b693462dce0372c7d05a442fc70d.php 第 140 行.
NOTIC: [8] Undefined index: logo D:\wamp64\www\glgj\Application\Runtime\Cache\Admin\2a35b693462dce0372c7d05a442fc70d.php 第 140 行.
NOTIC: [8] Undefined index: logo D:\wamp64\www\glgj\Application\Runtime\Cache\Admin\2a35b693462dce0372c7d05a442fc70d.php 第 140 行.
NOTIC: [8] Undefined index: logo D:\wamp64\www\glgj\Application\Runtime\Cache\Admin\2a35b693462dce0372c7d05a442fc70d.php 第 140 行.
NOTIC: [8] Undefined index: logo D:\wamp64\www\glgj\Application\Runtime\Cache\Admin\2a35b693462dce0372c7d05a442fc70d.php 第 140 行.
INFO: Run Behavior\ParseTemplateBehavior [ RunTime:0.016000s ]
INFO: [ view_parse ] --END-- [ RunTime:0.017000s ]
INFO: [ view_filter ] --START--
INFO: Run Behavior\WriteHtmlCacheBehavior [ RunTime:0.000000s ]
INFO: [ view_filter ] --END-- [ RunTime:0.000000s ]
INFO: [ app_end ] --START--
INFO: Run Behavior\ShowPageTraceBehavior [ RunTime:0.001000s ]
INFO: [ app_end ] --END-- [ RunTime:0.001000s ]

[ 2017-03-12T11:11:40+08:00 ] ::1 /glgj/?g=admin&m=member&a=company
INFO: [ app_init ] --START--
INFO: Run Behavior\BuildLiteBehavior [ RunTime:0.000000s ]
INFO: [ app_init ] --END-- [ RunTime:0.001000s ]
INFO: [ app_begin ] --START--
INFO: Run Behavior\ReadHtmlCacheBehavior [ RunTime:0.001000s ]
INFO: [ app_begin ] --END-- [ RunTime:0.001000s ]
NOTIC: [8] Use of undefined constant UID - assumed 'UID' D:\wamp64\www\glgj\Application\Admin\Controller\AdminController.class.php 第 10 行.
SQL: SHOW COLUMNS FROM `lp_conf` [ RunTime:0.0010s ]
SQL: SELECT `value` FROM `lp_conf` WHERE `name` = 'distribution' LIMIT 1   [ RunTime:0.0000s ]
SQL: SHOW COLUMNS FROM `lp_admin_user` [ RunTime:0.0010s ]
SQL: SELECT * FROM `lp_admin_user` WHERE `user_id` = '1' LIMIT 1   [ RunTime:0.0010s ]
SQL: SHOW COLUMNS FROM `lp_company` [ RunTime:0.0100s ]
SQL: SELECT COUNT(*) AS tp_count FROM `lp_company` WHERE `status` < 2 LIMIT 1   [ RunTime:0.0570s ]
SQL: SELECT `id`,`user_id`,`company_category_id`,`name`,`logo`,`business`,`summary`,`issue_time`,`flags`,`status`,`review`,`grade`,`sort`,`modify_time`,`proprietary` FROM `lp_company` WHERE `status` < 2 ORDER BY proprietary DESC,id DESC LIMIT 0,10   [ RunTime:0.0160s ]
SQL: SHOW COLUMNS FROM `lp_company_link` [ RunTime:0.0030s ]
SQL: SHOW COLUMNS FROM `lp_flags` [ RunTime:0.0030s ]
SQL: SELECT * FROM `lp_company_link` WHERE `company_id` = 10639 LIMIT 1   [ RunTime:0.0010s ]
SQL: SELECT `attname` FROM `lp_flags` WHERE (  `att` = '' ) AND (  `att` <> '' ) LIMIT 1   [ RunTime:0.0010s ]
SQL: SELECT * FROM `lp_company_link` WHERE `company_id` = 10638 LIMIT 1   [ RunTime:0.0000s ]
SQL: SELECT `attname` FROM `lp_flags` WHERE (  `att` = '' ) AND (  `att` <> '' ) LIMIT 1   [ RunTime:0.0010s ]
SQL: SELECT * FROM `lp_company_link` WHERE `company_id` = 10637 LIMIT 1   [ RunTime:0.0000s ]
SQL: SELECT `attname` FROM `lp_flags` WHERE (  `att` = '' ) AND (  `att` <> '' ) LIMIT 1   [ RunTime:0.0010s ]
SQL: SELECT * FROM `lp_company_link` WHERE `company_id` = 10636 LIMIT 1   [ RunTime:0.0000s ]
SQL: SELECT `attname` FROM `lp_flags` WHERE (  `att` = '' ) AND (  `att` <> '' ) LIMIT 1   [ RunTime:0.0010s ]
SQL: SELECT * FROM `lp_company_link` WHERE `company_id` = 10635 LIMIT 1   [ RunTime:0.0000s ]
SQL: SELECT `attname` FROM `lp_flags` WHERE (  `att` = '' ) AND (  `att` <> '' ) LIMIT 1   [ RunTime:0.0010s ]
SQL: SELECT * FROM `lp_company_link` WHERE `company_id` = 10634 LIMIT 1   [ RunTime:0.0000s ]
SQL: SELECT `attname` FROM `lp_flags` WHERE (  `att` = '' ) AND (  `att` <> '' ) LIMIT 1   [ RunTime:0.0010s ]
SQL: SELECT * FROM `lp_company_link` WHERE `company_id` = 10633 LIMIT 1   [ RunTime:0.0000s ]
SQL: SELECT `attname` FROM `lp_flags` WHERE (  `att` = '' ) AND (  `att` <> '' ) LIMIT 1   [ RunTime:0.0000s ]
SQL: SELECT * FROM `lp_company_link` WHERE `company_id` = 10632 LIMIT 1   [ RunTime:0.0000s ]
SQL: SELECT `attname` FROM `lp_flags` WHERE (  `att` = '' ) AND (  `att` <> '' ) LIMIT 1   [ RunTime:0.0000s ]
SQL: SELECT * FROM `lp_company_link` WHERE `company_id` = 10631 LIMIT 1   [ RunTime:0.0000s ]
SQL: SELECT `attname` FROM `lp_flags` WHERE (  `att` = '' ) AND (  `att` <> '' ) LIMIT 1   [ RunTime:0.0000s ]
SQL: SELECT * FROM `lp_company_link` WHERE `company_id` = 10630 LIMIT 1   [ RunTime:0.0010s ]
SQL: SELECT `attname` FROM `lp_flags` WHERE (  `att` = '' ) AND (  `att` <> '' ) LIMIT 1   [ RunTime:0.0000s ]
SQL: SELECT * FROM `lp_flags` WHERE `att` <> ''  [ RunTime:0.0010s ]
INFO: [ view_parse ] --START--
INFO: [ template_filter ] --START--
INFO: Run Behavior\ContentReplaceBehavior [ RunTime:0.000000s ]
INFO: [ template_filter ] --END-- [ RunTime:0.000000s ]
NOTIC: [8] Undefined index: flags D:\wamp64\www\glgj\Application\Runtime\Cache\Admin\ace951fa70c834c0eb872e9916a722e2.php 第 129 行.
NOTIC: [8] Undefined variable: search D:\wamp64\www\glgj\Application\Runtime\Cache\Admin\ace951fa70c834c0eb872e9916a722e2.php 第 132 行.
INFO: Run Behavior\ParseTemplateBehavior [ RunTime:0.015000s ]
INFO: [ view_parse ] --END-- [ RunTime:0.015000s ]
INFO: [ view_filter ] --START--
INFO: Run Behavior\WriteHtmlCacheBehavior [ RunTime:0.001000s ]
INFO: [ view_filter ] --END-- [ RunTime:0.001000s ]
INFO: [ app_end ] --START--
INFO: Run Behavior\ShowPageTraceBehavior [ RunTime:0.001000s ]
INFO: [ app_end ] --END-- [ RunTime:0.001000s ]

[ 2017-03-12T11:11:42+08:00 ] ::1 /glgj/?g=admin&m=member&a=company_add&id=10639
INFO: [ app_init ] --START--
INFO: Run Behavior\BuildLiteBehavior [ RunTime:0.000000s ]
INFO: [ app_init ] --END-- [ RunTime:0.000000s ]
INFO: [ app_begin ] --START--
INFO: Run Behavior\ReadHtmlCacheBehavior [ RunTime:0.001000s ]
INFO: [ app_begin ] --END-- [ RunTime:0.001000s ]
NOTIC: [8] Use of undefined constant UID - assumed 'UID' D:\wamp64\www\glgj\Application\Admin\Controller\AdminController.class.php 第 10 行.
SQL: SHOW COLUMNS FROM `lp_conf` [ RunTime:0.0010s ]
SQL: SELECT `value` FROM `lp_conf` WHERE `name` = 'distribution' LIMIT 1   [ RunTime:0.0010s ]
SQL: SHOW COLUMNS FROM `lp_admin_user` [ RunTime:0.0010s ]
SQL: SELECT * FROM `lp_admin_user` WHERE `user_id` = '1' LIMIT 1   [ RunTime:0.0000s ]
SQL: SHOW COLUMNS FROM `lp_company` [ RunTime:0.0010s ]
SQL: SHOW COLUMNS FROM `lp_company_link` [ RunTime:0.0010s ]
SQL: SELECT * FROM `lp_company` WHERE `id` = 10639 LIMIT 1   [ RunTime:0.0010s ]
SQL: SELECT * FROM `lp_company_link` WHERE `company_id` = 10639 LIMIT 1   [ RunTime:0.0000s ]
NOTIC: [8] Undefined index: lnt D:\wamp64\www\glgj\Application\Admin\Controller\MemberController.class.php 第 319 行.
SQL: SHOW COLUMNS FROM `lp_company_category` [ RunTime:0.0010s ]
SQL: SELECT `id`,`name` FROM `lp_company_category` ORDER BY sort DESC  [ RunTime:0.0010s ]
SQL: SHOW COLUMNS FROM `lp_flags` [ RunTime:0.0010s ]
SQL: SELECT `att`,`attname` FROM `lp_flags` ORDER BY cid DESC  [ RunTime:0.0000s ]
SQL: SHOW COLUMNS FROM `lp_regions` [ RunTime:0.0030s ]
INFO: [ view_parse ] --START--
INFO: [ template_filter ] --START--
INFO: Run Behavior\ContentReplaceBehavior [ RunTime:0.000000s ]
INFO: [ template_filter ] --END-- [ RunTime:0.000000s ]
NOTIC: [8] Undefined index: theme_img D:\wamp64\www\glgj\Application\Runtime\Cache\Admin\1d24d69990bd5292efe4bb4744716bdf.php 第 287 行.
NOTIC: [8] Undefined index: theme_img D:\wamp64\www\glgj\Application\Runtime\Cache\Admin\1d24d69990bd5292efe4bb4744716bdf.php 第 293 行.
NOTIC: [8] Undefined variable: cert D:\wamp64\www\glgj\Application\Runtime\Cache\Admin\1d24d69990bd5292efe4bb4744716bdf.php 第 341 行.
NOTIC: [8] Undefined index:  D:\wamp64\www\glgj\Application\Runtime\Cache\Admin\1d24d69990bd5292efe4bb4744716bdf.php 第 378 行.
NOTIC: [8] Undefined index:  D:\wamp64\www\glgj\Application\Runtime\Cache\Admin\1d24d69990bd5292efe4bb4744716bdf.php 第 384 行.
NOTIC: [8] Undefined index: wechat D:\wamp64\www\glgj\Application\Runtime\Cache\Admin\1d24d69990bd5292efe4bb4744716bdf.php 第 432 行.
INFO: Run Behavior\ParseTemplateBehavior [ RunTime:0.022000s ]
INFO: [ view_parse ] --END-- [ RunTime:0.023000s ]
INFO: [ view_filter ] --START--
INFO: Run Behavior\WriteHtmlCacheBehavior [ RunTime:0.000000s ]
INFO: [ view_filter ] --END-- [ RunTime:0.000000s ]
INFO: [ app_end ] --START--
INFO: Run Behavior\ShowPageTraceBehavior [ RunTime:0.001000s ]
INFO: [ app_end ] --END-- [ RunTime:0.001000s ]

[ 2017-03-12T11:12:11+08:00 ] ::1 /glgj/?g=admin&m=member&a=company_group
INFO: [ app_init ] --START--
INFO: Run Behavior\BuildLiteBehavior [ RunTime:0.000000s ]
INFO: [ app_init ] --END-- [ RunTime:0.001000s ]
INFO: [ app_begin ] --START--
INFO: Run Behavior\ReadHtmlCacheBehavior [ RunTime:0.001000s ]
INFO: [ app_begin ] --END-- [ RunTime:0.001000s ]
NOTIC: [8] Use of undefined constant UID - assumed 'UID' D:\wamp64\www\glgj\Application\Admin\Controller\AdminController.class.php 第 10 行.
SQL: SHOW COLUMNS FROM `lp_conf` [ RunTime:0.0010s ]
SQL: SELECT `value` FROM `lp_conf` WHERE `name` = 'distribution' LIMIT 1   [ RunTime:0.0000s ]
SQL: SHOW COLUMNS FROM `lp_admin_user` [ RunTime:0.0010s ]
SQL: SELECT * FROM `lp_admin_user` WHERE `user_id` = '1' LIMIT 1   [ RunTime:0.0000s ]
SQL: SHOW COLUMNS FROM `lp_company_category` [ RunTime:0.0010s ]
SQL: SELECT COUNT(*) AS tp_count FROM `lp_company_category` LIMIT 1   [ RunTime:0.0000s ]
SQL: SELECT `id`,`pid`,`name`,`desc`,`addtime`,`sort` FROM `lp_company_category` ORDER BY id desc LIMIT 0,10   [ RunTime:0.0010s ]
INFO: [ view_parse ] --START--
INFO: [ template_filter ] --START--
INFO: Run Behavior\ContentReplaceBehavior [ RunTime:0.001000s ]
INFO: [ template_filter ] --END-- [ RunTime:0.001000s ]
NOTIC: [8] Undefined index: logo D:\wamp64\www\glgj\Application\Runtime\Cache\Admin\2a35b693462dce0372c7d05a442fc70d.php 第 140 行.
NOTIC: [8] Undefined index: logo D:\wamp64\www\glgj\Application\Runtime\Cache\Admin\2a35b693462dce0372c7d05a442fc70d.php 第 140 行.
NOTIC: [8] Undefined index: logo D:\wamp64\www\glgj\Application\Runtime\Cache\Admin\2a35b693462dce0372c7d05a442fc70d.php 第 140 行.
NOTIC: [8] Undefined index: logo D:\wamp64\www\glgj\Application\Runtime\Cache\Admin\2a35b693462dce0372c7d05a442fc70d.php 第 140 行.
NOTIC: [8] Undefined index: logo D:\wamp64\www\glgj\Application\Runtime\Cache\Admin\2a35b693462dce0372c7d05a442fc70d.php 第 140 行.
NOTIC: [8] Undefined index: logo D:\wamp64\www\glgj\Application\Runtime\Cache\Admin\2a35b693462dce0372c7d05a442fc70d.php 第 140 行.
NOTIC: [8] Undefined index: logo D:\wamp64\www\glgj\Application\Runtime\Cache\Admin\2a35b693462dce0372c7d05a442fc70d.php 第 140 行.
NOTIC: [8] Undefined index: logo D:\wamp64\www\glgj\Application\Runtime\Cache\Admin\2a35b693462dce0372c7d05a442fc70d.php 第 140 行.
NOTIC: [8] Undefined index: logo D:\wamp64\www\glgj\Application\Runtime\Cache\Admin\2a35b693462dce0372c7d05a442fc70d.php 第 140 行.
INFO: Run Behavior\ParseTemplateBehavior [ RunTime:0.018000s ]
INFO: [ view_parse ] --END-- [ RunTime:0.018000s ]
INFO: [ view_filter ] --START--
INFO: Run Behavior\WriteHtmlCacheBehavior [ RunTime:0.000000s ]
INFO: [ view_filter ] --END-- [ RunTime:0.001000s ]
INFO: [ app_end ] --START--
INFO: Run Behavior\ShowPageTraceBehavior [ RunTime:0.001000s ]
INFO: [ app_end ] --END-- [ RunTime:0.001000s ]

[ 2017-03-12T11:12:13+08:00 ] ::1 /glgj/?g=admin&m=member&a=apply
INFO: [ app_init ] --START--
INFO: Run Behavior\BuildLiteBehavior [ RunTime:0.000000s ]
INFO: [ app_init ] --END-- [ RunTime:0.001000s ]
INFO: [ app_begin ] --START--
INFO: Run Behavior\ReadHtmlCacheBehavior [ RunTime:0.001000s ]
INFO: [ app_begin ] --END-- [ RunTime:0.001000s ]
NOTIC: [8] Use of undefined constant UID - assumed 'UID' D:\wamp64\www\glgj\Application\Admin\Controller\AdminController.class.php 第 10 行.
SQL: SHOW COLUMNS FROM `lp_conf` [ RunTime:0.0020s ]
SQL: SELECT `value` FROM `lp_conf` WHERE `name` = 'distribution' LIMIT 1   [ RunTime:0.0010s ]
SQL: SHOW COLUMNS FROM `lp_admin_user` [ RunTime:0.0010s ]
SQL: SELECT * FROM `lp_admin_user` WHERE `user_id` = '1' LIMIT 1   [ RunTime:0.0010s ]
SQL: SHOW COLUMNS FROM `lp_company` [ RunTime:0.0020s ]
SQL: SELECT COUNT(*) AS tp_count FROM `lp_company` WHERE `status` = 2 LIMIT 1   [ RunTime:0.0140s ]
SQL: SELECT `id`,`user_id`,`company_category_id`,`name`,`logo`,`business`,`summary`,`issue_time`,`flags`,`status`,`review`,`grade`,`sort`,`modify_time`,`proprietary` FROM `lp_company` WHERE `status` = 2 ORDER BY id desc LIMIT 0,10   [ RunTime:0.0420s ]
INFO: [ view_parse ] --START--
INFO: [ template_filter ] --START--
INFO: Run Behavior\ContentReplaceBehavior [ RunTime:0.000000s ]
INFO: [ template_filter ] --END-- [ RunTime:0.000000s ]
INFO: Run Behavior\ParseTemplateBehavior [ RunTime:0.020000s ]
INFO: [ view_parse ] --END-- [ RunTime:0.020000s ]
INFO: [ view_filter ] --START--
INFO: Run Behavior\WriteHtmlCacheBehavior [ RunTime:0.001000s ]
INFO: [ view_filter ] --END-- [ RunTime:0.001000s ]
INFO: [ app_end ] --START--
INFO: Run Behavior\ShowPageTraceBehavior [ RunTime:0.001000s ]
INFO: [ app_end ] --END-- [ RunTime:0.001000s ]

[ 2017-03-12T11:12:15+08:00 ] ::1 /glgj/?g=admin&m=member&a=company_group
INFO: [ app_init ] --START--
INFO: Run Behavior\BuildLiteBehavior [ RunTime:0.000000s ]
INFO: [ app_init ] --END-- [ RunTime:0.001000s ]
INFO: [ app_begin ] --START--
INFO: Run Behavior\ReadHtmlCacheBehavior [ RunTime:0.001000s ]
INFO: [ app_begin ] --END-- [ RunTime:0.001000s ]
NOTIC: [8] Use of undefined constant UID - assumed 'UID' D:\wamp64\www\glgj\Application\Admin\Controller\AdminController.class.php 第 10 行.
SQL: SHOW COLUMNS FROM `lp_conf` [ RunTime:0.0010s ]
SQL: SELECT `value` FROM `lp_conf` WHERE `name` = 'distribution' LIMIT 1   [ RunTime:0.0000s ]
SQL: SHOW COLUMNS FROM `lp_admin_user` [ RunTime:0.0010s ]
SQL: SELECT * FROM `lp_admin_user` WHERE `user_id` = '1' LIMIT 1   [ RunTime:0.0010s ]
SQL: SHOW COLUMNS FROM `lp_company_category` [ RunTime:0.0010s ]
SQL: SELECT COUNT(*) AS tp_count FROM `lp_company_category` LIMIT 1   [ RunTime:0.0000s ]
SQL: SELECT `id`,`pid`,`name`,`desc`,`addtime`,`sort` FROM `lp_company_category` ORDER BY id desc LIMIT 0,10   [ RunTime:0.0000s ]
INFO: [ view_parse ] --START--
INFO: [ template_filter ] --START--
INFO: Run Behavior\ContentReplaceBehavior [ RunTime:0.000000s ]
INFO: [ template_filter ] --END-- [ RunTime:0.000000s ]
NOTIC: [8] Undefined index: logo D:\wamp64\www\glgj\Application\Runtime\Cache\Admin\2a35b693462dce0372c7d05a442fc70d.php 第 140 行.
NOTIC: [8] Undefined index: logo D:\wamp64\www\glgj\Application\Runtime\Cache\Admin\2a35b693462dce0372c7d05a442fc70d.php 第 140 行.
NOTIC: [8] Undefined index: logo D:\wamp64\www\glgj\Application\Runtime\Cache\Admin\2a35b693462dce0372c7d05a442fc70d.php 第 140 行.
NOTIC: [8] Undefined index: logo D:\wamp64\www\glgj\Application\Runtime\Cache\Admin\2a35b693462dce0372c7d05a442fc70d.php 第 140 行.
NOTIC: [8] Undefined index: logo D:\wamp64\www\glgj\Application\Runtime\Cache\Admin\2a35b693462dce0372c7d05a442fc70d.php 第 140 行.
NOTIC: [8] Undefined index: logo D:\wamp64\www\glgj\Application\Runtime\Cache\Admin\2a35b693462dce0372c7d05a442fc70d.php 第 140 行.
NOTIC: [8] Undefined index: logo D:\wamp64\www\glgj\Application\Runtime\Cache\Admin\2a35b693462dce0372c7d05a442fc70d.php 第 140 行.
NOTIC: [8] Undefined index: logo D:\wamp64\www\glgj\Application\Runtime\Cache\Admin\2a35b693462dce0372c7d05a442fc70d.php 第 140 行.
NOTIC: [8] Undefined index: logo D:\wamp64\www\glgj\Application\Runtime\Cache\Admin\2a35b693462dce0372c7d05a442fc70d.php 第 140 行.
INFO: Run Behavior\ParseTemplateBehavior [ RunTime:0.017000s ]
INFO: [ view_parse ] --END-- [ RunTime:0.017000s ]
INFO: [ view_filter ] --START--
INFO: Run Behavior\WriteHtmlCacheBehavior [ RunTime:0.001000s ]
INFO: [ view_filter ] --END-- [ RunTime:0.001000s ]
INFO: [ app_end ] --START--
INFO: Run Behavior\ShowPageTraceBehavior [ RunTime:0.001000s ]
INFO: [ app_end ] --END-- [ RunTime:0.001000s ]

[ 2017-03-12T11:12:21+08:00 ] ::1 /glgj/?g=admin&m=member&a=company
INFO: [ app_init ] --START--
INFO: Run Behavior\BuildLiteBehavior [ RunTime:0.000000s ]
INFO: [ app_init ] --END-- [ RunTime:0.001000s ]
INFO: [ app_begin ] --START--
INFO: Run Behavior\ReadHtmlCacheBehavior [ RunTime:0.001000s ]
INFO: [ app_begin ] --END-- [ RunTime:0.001000s ]
NOTIC: [8] Use of undefined constant UID - assumed 'UID' D:\wamp64\www\glgj\Application\Admin\Controller\AdminController.class.php 第 10 行.
SQL: SHOW COLUMNS FROM `lp_conf` [ RunTime:0.0010s ]
SQL: SELECT `value` FROM `lp_conf` WHERE `name` = 'distribution' LIMIT 1   [ RunTime:0.0000s ]
SQL: SHOW COLUMNS FROM `lp_admin_user` [ RunTime:0.0010s ]
SQL: SELECT * FROM `lp_admin_user` WHERE `user_id` = '1' LIMIT 1   [ RunTime:0.0000s ]
SQL: SHOW COLUMNS FROM `lp_company` [ RunTime:0.0010s ]
SQL: SELECT COUNT(*) AS tp_count FROM `lp_company` WHERE `status` < 2 LIMIT 1   [ RunTime:0.0090s ]
SQL: SELECT `id`,`user_id`,`company_category_id`,`name`,`logo`,`business`,`summary`,`issue_time`,`flags`,`status`,`review`,`grade`,`sort`,`modify_time`,`proprietary` FROM `lp_company` WHERE `status` < 2 ORDER BY proprietary DESC,id DESC LIMIT 0,10   [ RunTime:0.0090s ]
SQL: SHOW COLUMNS FROM `lp_company_link` [ RunTime:0.0010s ]
SQL: SHOW COLUMNS FROM `lp_flags` [ RunTime:0.0000s ]
SQL: SELECT * FROM `lp_company_link` WHERE `company_id` = 10639 LIMIT 1   [ RunTime:0.0000s ]
SQL: SELECT `attname` FROM `lp_flags` WHERE (  `att` = '' ) AND (  `att` <> '' ) LIMIT 1   [ RunTime:0.0000s ]
SQL: SELECT * FROM `lp_company_link` WHERE `company_id` = 10638 LIMIT 1   [ RunTime:0.0000s ]
SQL: SELECT `attname` FROM `lp_flags` WHERE (  `att` = '' ) AND (  `att` <> '' ) LIMIT 1   [ RunTime:0.0000s ]
SQL: SELECT * FROM `lp_company_link` WHERE `company_id` = 10637 LIMIT 1   [ RunTime:0.0000s ]
SQL: SELECT `attname` FROM `lp_flags` WHERE (  `att` = '' ) AND (  `att` <> '' ) LIMIT 1   [ RunTime:0.0000s ]
SQL: SELECT * FROM `lp_company_link` WHERE `company_id` = 10636 LIMIT 1   [ RunTime:0.0000s ]
SQL: SELECT `attname` FROM `lp_flags` WHERE (  `att` = '' ) AND (  `att` <> '' ) LIMIT 1   [ RunTime:0.0000s ]
SQL: SELECT * FROM `lp_company_link` WHERE `company_id` = 10635 LIMIT 1   [ RunTime:0.0000s ]
SQL: SELECT `attname` FROM `lp_flags` WHERE (  `att` = '' ) AND (  `att` <> '' ) LIMIT 1   [ RunTime:0.0000s ]
SQL: SELECT * FROM `lp_company_link` WHERE `company_id` = 10634 LIMIT 1   [ RunTime:0.0000s ]
SQL: SELECT `attname` FROM `lp_flags` WHERE (  `att` = '' ) AND (  `att` <> '' ) LIMIT 1   [ RunTime:0.0000s ]
SQL: SELECT * FROM `lp_company_link` WHERE `company_id` = 10633 LIMIT 1   [ RunTime:0.0000s ]
SQL: SELECT `attname` FROM `lp_flags` WHERE (  `att` = '' ) AND (  `att` <> '' ) LIMIT 1   [ RunTime:0.0000s ]
SQL: SELECT * FROM `lp_company_link` WHERE `company_id` = 10632 LIMIT 1   [ RunTime:0.0010s ]
SQL: SELECT `attname` FROM `lp_flags` WHERE (  `att` = '' ) AND (  `att` <> '' ) LIMIT 1   [ RunTime:0.0000s ]
SQL: SELECT * FROM `lp_company_link` WHERE `company_id` = 10631 LIMIT 1   [ RunTime:0.0010s ]
SQL: SELECT `attname` FROM `lp_flags` WHERE (  `att` = '' ) AND (  `att` <> '' ) LIMIT 1   [ RunTime:0.0000s ]
SQL: SELECT * FROM `lp_company_link` WHERE `company_id` = 10630 LIMIT 1   [ RunTime:0.0000s ]
SQL: SELECT `attname` FROM `lp_flags` WHERE (  `att` = '' ) AND (  `att` <> '' ) LIMIT 1   [ RunTime:0.0000s ]
SQL: SELECT * FROM `lp_flags` WHERE `att` <> ''  [ RunTime:0.0000s ]
INFO: [ view_parse ] --START--
INFO: [ template_filter ] --START--
INFO: Run Behavior\ContentReplaceBehavior [ RunTime:0.001000s ]
INFO: [ template_filter ] --END-- [ RunTime:0.001000s ]
NOTIC: [8] Undefined index: flags D:\wamp64\www\glgj\Application\Runtime\Cache\Admin\ace951fa70c834c0eb872e9916a722e2.php 第 129 行.
NOTIC: [8] Undefined variable: search D:\wamp64\www\glgj\Application\Runtime\Cache\Admin\ace951fa70c834c0eb872e9916a722e2.php 第 132 行.
INFO: Run Behavior\ParseTemplateBehavior [ RunTime:0.013000s ]
INFO: [ view_parse ] --END-- [ RunTime:0.013000s ]
INFO: [ view_filter ] --START--
INFO: Run Behavior\WriteHtmlCacheBehavior [ RunTime:0.000000s ]
INFO: [ view_filter ] --END-- [ RunTime:0.000000s ]
INFO: [ app_end ] --START--
INFO: Run Behavior\ShowPageTraceBehavior [ RunTime:0.000000s ]
INFO: [ app_end ] --END-- [ RunTime:0.000000s ]

