[ 2017-03-12T09:58:48+08:00 ] ::1 /glgj/?g=app&m=index&a=index
INFO: [ app_init ] --START--
INFO: Run Behavior\BuildLiteBehavior [ RunTime:0.000000s ]
INFO: [ app_init ] --END-- [ RunTime:0.001000s ]
INFO: [ app_begin ] --START--
INFO: Run Behavior\ReadHtmlCacheBehavior [ RunTime:0.001000s ]
INFO: [ app_begin ] --END-- [ RunTime:0.001000s ]
NOTIC: [8] Use of undefined constant APPSIGN - assumed 'APPSIGN' D:\wamp64\www\glgj\Application\App\Controller\AppController.class.php 第 18 行.
NOTIC: [8] Use of undefined constant UID - assumed 'UID' D:\wamp64\www\glgj\Application\App\Controller\AppController.class.php 第 31 行.
SQL: SHOW COLUMNS FROM `lp_jdpic` [ RunTime:0.0010s ]
SQL: SELECT * FROM `lp_jdpic` WHERE `tid` = 2 ORDER BY listorder,addtime desc LIMIT 6   [ RunTime:0.0070s ]
SQL: SHOW COLUMNS FROM `lp_article` [ RunTime:0.0040s ]
SQL: SELECT `id`,`title` FROM `lp_article` ORDER BY addtime desc LIMIT 6   [ RunTime:0.0150s ]
SQL: SHOW COLUMNS FROM `lp_company` [ RunTime:0.0030s ]
SQL: SELECT `id`,`name`,`logo` FROM `lp_company` WHERE `flags` IN ('c') AND `status` = 1 ORDER BY sort desc,modify_time desc LIMIT 10   [ RunTime:0.0500s ]
SQL: SELECT `id`,`title`,`image`,FROM_UNIXTIME(addtime,'%Y-%m-%d') addtime FROM `lp_article` WHERE `flags` IN ('c') ORDER BY sort desc LIMIT 3   [ RunTime:0.0040s ]
SQL: SELECT `id`,`name`,`logo` FROM `lp_company` WHERE `status` = 1 ORDER BY issue_time desc LIMIT 10   [ RunTime:0.0080s ]
INFO: [ view_parse ] --START--
INFO: [ template_filter ] --START--
INFO: Run Behavior\ContentReplaceBehavior [ RunTime:0.001000s ]
INFO: [ template_filter ] --END-- [ RunTime:0.001000s ]
NOTIC: [8] Undefined index: id D:\wamp64\www\glgj\Application\Runtime\Cache\App\476ae490e5165eaeaeab1044bf80f4d6.php 第 144 行.
NOTIC: [8] Undefined index: logo D:\wamp64\www\glgj\Application\Runtime\Cache\App\476ae490e5165eaeaeab1044bf80f4d6.php 第 146 行.
NOTIC: [8] Undefined index: id D:\wamp64\www\glgj\Application\Runtime\Cache\App\476ae490e5165eaeaeab1044bf80f4d6.php 第 144 行.
NOTIC: [8] Undefined index: logo D:\wamp64\www\glgj\Application\Runtime\Cache\App\476ae490e5165eaeaeab1044bf80f4d6.php 第 146 行.
NOTIC: [8] Undefined index: id D:\wamp64\www\glgj\Application\Runtime\Cache\App\476ae490e5165eaeaeab1044bf80f4d6.php 第 144 行.
NOTIC: [8] Undefined index: logo D:\wamp64\www\glgj\Application\Runtime\Cache\App\476ae490e5165eaeaeab1044bf80f4d6.php 第 146 行.
NOTIC: [8] Undefined index: id D:\wamp64\www\glgj\Application\Runtime\Cache\App\476ae490e5165eaeaeab1044bf80f4d6.php 第 144 行.
NOTIC: [8] Undefined index: logo D:\wamp64\www\glgj\Application\Runtime\Cache\App\476ae490e5165eaeaeab1044bf80f4d6.php 第 146 行.
NOTIC: [8] Undefined index: id D:\wamp64\www\glgj\Application\Runtime\Cache\App\476ae490e5165eaeaeab1044bf80f4d6.php 第 144 行.
NOTIC: [8] Undefined index: logo D:\wamp64\www\glgj\Application\Runtime\Cache\App\476ae490e5165eaeaeab1044bf80f4d6.php 第 146 行.
NOTIC: [8] Undefined index: id D:\wamp64\www\glgj\Application\Runtime\Cache\App\476ae490e5165eaeaeab1044bf80f4d6.php 第 144 行.
NOTIC: [8] Undefined index: logo D:\wamp64\www\glgj\Application\Runtime\Cache\App\476ae490e5165eaeaeab1044bf80f4d6.php 第 146 行.
NOTIC: [8] Undefined variable: appsign D:\wamp64\www\glgj\Application\Runtime\Cache\App\476ae490e5165eaeaeab1044bf80f4d6.php 第 204 行.
NOTIC: [8] Undefined variable: city_name D:\wamp64\www\glgj\Application\Runtime\Cache\App\476ae490e5165eaeaeab1044bf80f4d6.php 第 213 行.
INFO: Run Behavior\ParseTemplateBehavior [ RunTime:0.016000s ]
INFO: [ view_parse ] --END-- [ RunTime:0.016000s ]
INFO: [ view_filter ] --START--
INFO: Run Behavior\WriteHtmlCacheBehavior [ RunTime:0.001000s ]
INFO: [ view_filter ] --END-- [ RunTime:0.001000s ]
INFO: [ app_end ] --START--
INFO: Run Behavior\ShowPageTraceBehavior [ RunTime:0.001000s ]
INFO: [ app_end ] --END-- [ RunTime:0.001000s ]

[ 2017-03-12T09:58:51+08:00 ] ::1 /glgj/?g=app&m=product
INFO: [ app_init ] --START--
INFO: Run Behavior\BuildLiteBehavior [ RunTime:0.000000s ]
INFO: [ app_init ] --END-- [ RunTime:0.000000s ]
INFO: [ app_begin ] --START--
INFO: Run Behavior\ReadHtmlCacheBehavior [ RunTime:0.001000s ]
INFO: [ app_begin ] --END-- [ RunTime:0.001000s ]
NOTIC: [8] Use of undefined constant APPSIGN - assumed 'APPSIGN' D:\wamp64\www\glgj\Application\App\Controller\AppController.class.php 第 18 行.
NOTIC: [8] Use of undefined constant UID - assumed 'UID' D:\wamp64\www\glgj\Application\App\Controller\AppController.class.php 第 31 行.
SQL: SHOW COLUMNS FROM `lp_announce` [ RunTime:0.0040s ]
SQL: SELECT `id`,`desc` FROM `lp_announce` WHERE `flags` = 'c' ORDER BY sort desc LIMIT 8   [ RunTime:0.0100s ]
INFO: [ view_parse ] --START--
INFO: [ template_filter ] --START--
INFO: Run Behavior\ContentReplaceBehavior [ RunTime:0.000000s ]
INFO: [ template_filter ] --END-- [ RunTime:0.000000s ]
NOTIC: [8] Undefined variable: appsign D:\wamp64\www\glgj\Application\Runtime\Cache\App\45a9d3869e2dec35d0beddfae9b0fbb6.php 第 23 行.
NOTIC: [8] Undefined variable: appsign D:\wamp64\www\glgj\Application\Runtime\Cache\App\45a9d3869e2dec35d0beddfae9b0fbb6.php 第 86 行.
INFO: Run Behavior\ParseTemplateBehavior [ RunTime:0.007000s ]
INFO: [ view_parse ] --END-- [ RunTime:0.007000s ]
INFO: [ view_filter ] --START--
INFO: Run Behavior\WriteHtmlCacheBehavior [ RunTime:0.001000s ]
INFO: [ view_filter ] --END-- [ RunTime:0.001000s ]
INFO: [ app_end ] --START--
INFO: Run Behavior\ShowPageTraceBehavior [ RunTime:0.001000s ]
INFO: [ app_end ] --END-- [ RunTime:0.001000s ]

