[ 2017-03-08T08:21:21+08:00 ] 192.168.27.10 /?g=app&m=member&a=applyPerGoods
INFO: [ app_init ] --START--
INFO: Run Behavior\BuildLiteBehavior [ RunTime:0.000011s ]
INFO: [ app_init ] --END-- [ RunTime:0.000265s ]
INFO: [ app_begin ] --START--
INFO: Run Behavior\ReadHtmlCacheBehavior [ RunTime:0.000398s ]
INFO: [ app_begin ] --END-- [ RunTime:0.000449s ]
NOTIC: [8] Use of undefined constant APPSIGN - assumed 'APPSIGN' /home/apps/glgj/Application/App/Controller/AppController.class.php 第 18 行.
NOTIC: [8] Use of undefined constant UID - assumed 'UID' /home/apps/glgj/Application/App/Controller/AppController.class.php 第 31 行.

[ 2017-03-08T08:21:21+08:00 ] 192.168.27.10 /?g=app&m=login
INFO: [ app_init ] --START--
INFO: Run Behavior\BuildLiteBehavior [ RunTime:0.000016s ]
INFO: [ app_init ] --END-- [ RunTime:0.000376s ]
INFO: [ app_begin ] --START--
INFO: Run Behavior\ReadHtmlCacheBehavior [ RunTime:0.000570s ]
INFO: [ app_begin ] --END-- [ RunTime:0.000629s ]
INFO: [ view_parse ] --START--
INFO: [ template_filter ] --START--
INFO: Run Behavior\ContentReplaceBehavior [ RunTime:0.000050s ]
INFO: [ template_filter ] --END-- [ RunTime:0.000101s ]
NOTIC: [8] Undefined variable: appsign /home/apps/glgj/Application/Runtime/Cache/App/68d899f0833b04e71b07b35725880559.php 第 22 行.
INFO: Run Behavior\ParseTemplateBehavior [ RunTime:0.022747s ]
INFO: [ view_parse ] --END-- [ RunTime:0.022811s ]
INFO: [ view_filter ] --START--
INFO: Run Behavior\WriteHtmlCacheBehavior [ RunTime:0.000151s ]
INFO: [ view_filter ] --END-- [ RunTime:0.000178s ]
INFO: [ app_end ] --START--
INFO: Run Behavior\ShowPageTraceBehavior [ RunTime:0.000330s ]
INFO: [ app_end ] --END-- [ RunTime:0.000361s ]

[ 2017-03-08T08:21:33+08:00 ] 192.168.27.10 /?g=app&m=member&a=applyPerGoods
INFO: [ app_init ] --START--
INFO: Run Behavior\BuildLiteBehavior [ RunTime:0.000009s ]
INFO: [ app_init ] --END-- [ RunTime:0.000203s ]
INFO: [ app_begin ] --START--
INFO: Run Behavior\ReadHtmlCacheBehavior [ RunTime:0.000301s ]
INFO: [ app_begin ] --END-- [ RunTime:0.000335s ]
NOTIC: [8] Use of undefined constant APPSIGN - assumed 'APPSIGN' /home/apps/glgj/Application/App/Controller/AppController.class.php 第 18 行.
NOTIC: [8] Use of undefined constant UID - assumed 'UID' /home/apps/glgj/Application/App/Controller/AppController.class.php 第 31 行.

[ 2017-03-08T08:21:33+08:00 ] 192.168.27.10 /?g=app&m=login
INFO: [ app_init ] --START--
INFO: Run Behavior\BuildLiteBehavior [ RunTime:0.000011s ]
INFO: [ app_init ] --END-- [ RunTime:0.000293s ]
INFO: [ app_begin ] --START--
INFO: Run Behavior\ReadHtmlCacheBehavior [ RunTime:0.000402s ]
INFO: [ app_begin ] --END-- [ RunTime:0.000447s ]
INFO: [ view_parse ] --START--
INFO: [ template_filter ] --START--
INFO: Run Behavior\ContentReplaceBehavior [ RunTime:0.000056s ]
INFO: [ template_filter ] --END-- [ RunTime:0.000134s ]
NOTIC: [8] Undefined variable: appsign /home/apps/glgj/Application/Runtime/Cache/App/68d899f0833b04e71b07b35725880559.php 第 22 行.
INFO: Run Behavior\ParseTemplateBehavior [ RunTime:0.005927s ]
INFO: [ view_parse ] --END-- [ RunTime:0.005974s ]
INFO: [ view_filter ] --START--
INFO: Run Behavior\WriteHtmlCacheBehavior [ RunTime:0.000249s ]
INFO: [ view_filter ] --END-- [ RunTime:0.000288s ]
INFO: [ app_end ] --START--
INFO: Run Behavior\ShowPageTraceBehavior [ RunTime:0.000426s ]
INFO: [ app_end ] --END-- [ RunTime:0.000475s ]

[ 2017-03-08T14:28:25+08:00 ] 192.168.27.10 /?g=app&m=member&a=Invite_friends
INFO: [ app_init ] --START--
INFO: Run Behavior\BuildLiteBehavior [ RunTime:0.000011s ]
INFO: [ app_init ] --END-- [ RunTime:0.000224s ]
INFO: [ app_begin ] --START--
INFO: Run Behavior\ReadHtmlCacheBehavior [ RunTime:0.000278s ]
INFO: [ app_begin ] --END-- [ RunTime:0.000312s ]
NOTIC: [8] Use of undefined constant APPSIGN - assumed 'APPSIGN' /home/apps/glgj/Application/App/Controller/AppController.class.php 第 18 行.
NOTIC: [8] Use of undefined constant UID - assumed 'UID' /home/apps/glgj/Application/App/Controller/AppController.class.php 第 31 行.

[ 2017-03-08T14:28:25+08:00 ] 192.168.27.10 /?g=app&m=login
INFO: [ app_init ] --START--
INFO: Run Behavior\BuildLiteBehavior [ RunTime:0.000008s ]
INFO: [ app_init ] --END-- [ RunTime:0.000196s ]
INFO: [ app_begin ] --START--
INFO: Run Behavior\ReadHtmlCacheBehavior [ RunTime:0.000291s ]
INFO: [ app_begin ] --END-- [ RunTime:0.000327s ]
INFO: [ view_parse ] --START--
INFO: [ template_filter ] --START--
INFO: Run Behavior\ContentReplaceBehavior [ RunTime:0.000045s ]
INFO: [ template_filter ] --END-- [ RunTime:0.000080s ]
NOTIC: [8] Undefined variable: appsign /home/apps/glgj/Application/Runtime/Cache/App/68d899f0833b04e71b07b35725880559.php 第 22 行.
INFO: Run Behavior\ParseTemplateBehavior [ RunTime:0.003704s ]
INFO: [ view_parse ] --END-- [ RunTime:0.003736s ]
INFO: [ view_filter ] --START--
INFO: Run Behavior\WriteHtmlCacheBehavior [ RunTime:0.000168s ]
INFO: [ view_filter ] --END-- [ RunTime:0.000195s ]
INFO: [ app_end ] --START--
INFO: Run Behavior\ShowPageTraceBehavior [ RunTime:0.000284s ]
INFO: [ app_end ] --END-- [ RunTime:0.000318s ]

[ 2017-03-08T14:28:25+08:00 ] 192.168.27.10 /?g=app&m=member&a=announce
INFO: [ app_init ] --START--
INFO: Run Behavior\BuildLiteBehavior [ RunTime:0.000013s ]
INFO: [ app_init ] --END-- [ RunTime:0.000317s ]
INFO: [ app_begin ] --START--
INFO: Run Behavior\ReadHtmlCacheBehavior [ RunTime:0.000426s ]
INFO: [ app_begin ] --END-- [ RunTime:0.000478s ]
NOTIC: [8] Use of undefined constant APPSIGN - assumed 'APPSIGN' /home/apps/glgj/Application/App/Controller/AppController.class.php 第 18 行.
NOTIC: [8] Use of undefined constant UID - assumed 'UID' /home/apps/glgj/Application/App/Controller/AppController.class.php 第 31 行.

[ 2017-03-08T14:28:25+08:00 ] 192.168.27.10 /?g=app&m=login
INFO: [ app_init ] --START--
INFO: Run Behavior\BuildLiteBehavior [ RunTime:0.000020s ]
INFO: [ app_init ] --END-- [ RunTime:0.000217s ]
INFO: [ app_begin ] --START--
INFO: Run Behavior\ReadHtmlCacheBehavior [ RunTime:0.000280s ]
INFO: [ app_begin ] --END-- [ RunTime:0.000317s ]
INFO: [ view_parse ] --START--
INFO: [ template_filter ] --START--
INFO: Run Behavior\ContentReplaceBehavior [ RunTime:0.000042s ]
INFO: [ template_filter ] --END-- [ RunTime:0.000077s ]
NOTIC: [8] Undefined variable: appsign /home/apps/glgj/Application/Runtime/Cache/App/68d899f0833b04e71b07b35725880559.php 第 22 行.
INFO: Run Behavior\ParseTemplateBehavior [ RunTime:0.003659s ]
INFO: [ view_parse ] --END-- [ RunTime:0.003691s ]
INFO: [ view_filter ] --START--
INFO: Run Behavior\WriteHtmlCacheBehavior [ RunTime:0.000161s ]
INFO: [ view_filter ] --END-- [ RunTime:0.000189s ]
INFO: [ app_end ] --START--
INFO: Run Behavior\ShowPageTraceBehavior [ RunTime:0.000282s ]
INFO: [ app_end ] --END-- [ RunTime:0.000314s ]

[ 2017-03-08T15:00:58+08:00 ] 192.168.27.10 /?g=app&m=member&a=publishTruck
INFO: [ app_init ] --START--
INFO: Run Behavior\BuildLiteBehavior [ RunTime:0.000011s ]
INFO: [ app_init ] --END-- [ RunTime:0.000231s ]
INFO: [ app_begin ] --START--
INFO: Run Behavior\ReadHtmlCacheBehavior [ RunTime:0.000311s ]
INFO: [ app_begin ] --END-- [ RunTime:0.000349s ]
NOTIC: [8] Use of undefined constant APPSIGN - assumed 'APPSIGN' /home/apps/glgj/Application/App/Controller/AppController.class.php 第 18 行.
NOTIC: [8] Use of undefined constant UID - assumed 'UID' /home/apps/glgj/Application/App/Controller/AppController.class.php 第 31 行.

[ 2017-03-08T15:00:58+08:00 ] 192.168.27.10 /?g=app&m=login
INFO: [ app_init ] --START--
INFO: Run Behavior\BuildLiteBehavior [ RunTime:0.000009s ]
INFO: [ app_init ] --END-- [ RunTime:0.000205s ]
INFO: [ app_begin ] --START--
INFO: Run Behavior\ReadHtmlCacheBehavior [ RunTime:0.000261s ]
INFO: [ app_begin ] --END-- [ RunTime:0.000295s ]
INFO: [ view_parse ] --START--
INFO: [ template_filter ] --START--
INFO: Run Behavior\ContentReplaceBehavior [ RunTime:0.000038s ]
INFO: [ template_filter ] --END-- [ RunTime:0.000070s ]
NOTIC: [8] Undefined variable: appsign /home/apps/glgj/Application/Runtime/Cache/App/68d899f0833b04e71b07b35725880559.php 第 22 行.
INFO: Run Behavior\ParseTemplateBehavior [ RunTime:0.003582s ]
INFO: [ view_parse ] --END-- [ RunTime:0.003612s ]
INFO: [ view_filter ] --START--
INFO: Run Behavior\WriteHtmlCacheBehavior [ RunTime:0.000132s ]
INFO: [ view_filter ] --END-- [ RunTime:0.000157s ]
INFO: [ app_end ] --START--
INFO: Run Behavior\ShowPageTraceBehavior [ RunTime:0.000256s ]
INFO: [ app_end ] --END-- [ RunTime:0.000283s ]

[ 2017-03-08T15:01:17+08:00 ] 192.168.27.10 /?g=app&m=member&a=truck
INFO: [ app_init ] --START--
INFO: Run Behavior\BuildLiteBehavior [ RunTime:0.000010s ]
INFO: [ app_init ] --END-- [ RunTime:0.000236s ]
INFO: [ app_begin ] --START--
INFO: Run Behavior\ReadHtmlCacheBehavior [ RunTime:0.000334s ]
INFO: [ app_begin ] --END-- [ RunTime:0.000375s ]
NOTIC: [8] Use of undefined constant APPSIGN - assumed 'APPSIGN' /home/apps/glgj/Application/App/Controller/AppController.class.php 第 18 行.
NOTIC: [8] Use of undefined constant UID - assumed 'UID' /home/apps/glgj/Application/App/Controller/AppController.class.php 第 31 行.

[ 2017-03-08T15:01:17+08:00 ] 192.168.27.10 /?g=app&m=login
INFO: [ app_init ] --START--
INFO: Run Behavior\BuildLiteBehavior [ RunTime:0.000011s ]
INFO: [ app_init ] --END-- [ RunTime:0.000265s ]
INFO: [ app_begin ] --START--
INFO: Run Behavior\ReadHtmlCacheBehavior [ RunTime:0.000456s ]
INFO: [ app_begin ] --END-- [ RunTime:0.000507s ]
INFO: [ view_parse ] --START--
INFO: [ template_filter ] --START--
INFO: Run Behavior\ContentReplaceBehavior [ RunTime:0.000047s ]
INFO: [ template_filter ] --END-- [ RunTime:0.000091s ]
NOTIC: [8] Undefined variable: appsign /home/apps/glgj/Application/Runtime/Cache/App/68d899f0833b04e71b07b35725880559.php 第 22 行.
INFO: Run Behavior\ParseTemplateBehavior [ RunTime:0.004604s ]
INFO: [ view_parse ] --END-- [ RunTime:0.004639s ]
INFO: [ view_filter ] --START--
INFO: Run Behavior\WriteHtmlCacheBehavior [ RunTime:0.000190s ]
INFO: [ view_filter ] --END-- [ RunTime:0.000221s ]
INFO: [ app_end ] --START--
INFO: Run Behavior\ShowPageTraceBehavior [ RunTime:0.000357s ]
INFO: [ app_end ] --END-- [ RunTime:0.000391s ]

[ 2017-03-08T15:29:44+08:00 ] 192.168.27.10 /?g=app&m=member&a=company_collect
INFO: [ app_init ] --START--
INFO: Run Behavior\BuildLiteBehavior [ RunTime:0.000009s ]
INFO: [ app_init ] --END-- [ RunTime:0.000221s ]
INFO: [ app_begin ] --START--
INFO: Run Behavior\ReadHtmlCacheBehavior [ RunTime:0.000311s ]
INFO: [ app_begin ] --END-- [ RunTime:0.000349s ]
NOTIC: [8] Use of undefined constant APPSIGN - assumed 'APPSIGN' /home/apps/glgj/Application/App/Controller/AppController.class.php 第 18 行.
NOTIC: [8] Use of undefined constant UID - assumed 'UID' /home/apps/glgj/Application/App/Controller/AppController.class.php 第 31 行.

[ 2017-03-08T15:29:44+08:00 ] 192.168.27.10 /?g=app&m=login
INFO: [ app_init ] --START--
INFO: Run Behavior\BuildLiteBehavior [ RunTime:0.000011s ]
INFO: [ app_init ] --END-- [ RunTime:0.000253s ]
INFO: [ app_begin ] --START--
INFO: Run Behavior\ReadHtmlCacheBehavior [ RunTime:0.000517s ]
INFO: [ app_begin ] --END-- [ RunTime:0.000572s ]
INFO: [ view_parse ] --START--
INFO: [ template_filter ] --START--
INFO: Run Behavior\ContentReplaceBehavior [ RunTime:0.000076s ]
INFO: [ template_filter ] --END-- [ RunTime:0.000165s ]
NOTIC: [8] Undefined variable: appsign /home/apps/glgj/Application/Runtime/Cache/App/68d899f0833b04e71b07b35725880559.php 第 22 行.
INFO: Run Behavior\ParseTemplateBehavior [ RunTime:0.006850s ]
INFO: [ view_parse ] --END-- [ RunTime:0.006904s ]
INFO: [ view_filter ] --START--
INFO: Run Behavior\WriteHtmlCacheBehavior [ RunTime:0.000312s ]
INFO: [ view_filter ] --END-- [ RunTime:0.000372s ]
INFO: [ app_end ] --START--
INFO: Run Behavior\ShowPageTraceBehavior [ RunTime:0.000519s ]
INFO: [ app_end ] --END-- [ RunTime:0.000571s ]

[ 2017-03-08T19:24:54+08:00 ] 192.168.27.10 /?g=app&m=news&a=detail&id=2228
INFO: [ app_init ] --START--
INFO: Run Behavior\BuildLiteBehavior [ RunTime:0.000017s ]
INFO: [ app_init ] --END-- [ RunTime:0.000366s ]
INFO: [ app_begin ] --START--
INFO: Run Behavior\ReadHtmlCacheBehavior [ RunTime:0.000594s ]
INFO: [ app_begin ] --END-- [ RunTime:0.000655s ]
NOTIC: [8] Use of undefined constant APPSIGN - assumed 'APPSIGN' /home/apps/glgj/Application/App/Controller/AppController.class.php 第 18 行.
NOTIC: [8] Use of undefined constant UID - assumed 'UID' /home/apps/glgj/Application/App/Controller/AppController.class.php 第 31 行.
SQL: SHOW COLUMNS FROM `lp_article` [ RunTime:0.0293s ]
SQL: SELECT * FROM `lp_article` WHERE `id` = 2228 LIMIT 1   [ RunTime:0.0071s ]
SQL: SELECT `id`,`title` FROM `lp_article` WHERE `id` > 2228 ORDER BY id LIMIT 1   [ RunTime:0.0009s ]
SQL: SELECT `id`,`title` FROM `lp_article` WHERE `id` < 2228 ORDER BY id desc LIMIT 1   [ RunTime:0.0061s ]
INFO: [ view_parse ] --START--
INFO: [ template_filter ] --START--
INFO: Run Behavior\ContentReplaceBehavior [ RunTime:0.000070s ]
INFO: [ template_filter ] --END-- [ RunTime:0.000158s ]
INFO: Run Behavior\ParseTemplateBehavior [ RunTime:0.057529s ]
INFO: [ view_parse ] --END-- [ RunTime:0.057630s ]
INFO: [ view_filter ] --START--
INFO: Run Behavior\WriteHtmlCacheBehavior [ RunTime:0.000269s ]
INFO: [ view_filter ] --END-- [ RunTime:0.000321s ]
INFO: [ app_end ] --START--
INFO: Run Behavior\ShowPageTraceBehavior [ RunTime:0.000489s ]
INFO: [ app_end ] --END-- [ RunTime:0.000539s ]

