[ 2017-03-10T17:10:59+08:00 ] ::1 /glgj/
INFO: [ app_init ] --START--
INFO: Run Behavior\BuildLiteBehavior [ RunTime:0.000000s ]
INFO: [ app_init ] --END-- [ RunTime:0.001000s ]
INFO: [ app_begin ] --START--
INFO: Run Behavior\ReadHtmlCacheBehavior [ RunTime:0.000000s ]
INFO: [ app_begin ] --END-- [ RunTime:0.000000s ]
NOTIC: [8] Use of undefined constant APPSIGN - assumed 'APPSIGN' D:\wamp64\www\glgj\Application\App\Controller\AppController.class.php 第 18 行.
NOTIC: [8] Use of undefined constant UID - assumed 'UID' D:\wamp64\www\glgj\Application\App\Controller\AppController.class.php 第 31 行.
SQL: SHOW COLUMNS FROM `lp_jdpic` [ RunTime:0.0010s ]
SQL: SELECT * FROM `lp_jdpic` WHERE `tid` = 2 ORDER BY listorder,addtime desc LIMIT 6   [ RunTime:0.0010s ]
SQL: SHOW COLUMNS FROM `lp_article` [ RunTime:0.0000s ]
SQL: SELECT `id`,`title` FROM `lp_article` ORDER BY addtime desc LIMIT 6   [ RunTime:0.0040s ]
SQL: SHOW COLUMNS FROM `lp_company` [ RunTime:0.0010s ]
SQL: SELECT `id`,`name`,`logo` FROM `lp_company` WHERE `flags` IN ('c') AND `status` = 1 ORDER BY sort desc,modify_time desc LIMIT 10   [ RunTime:0.0090s ]
SQL: SELECT `id`,`title`,`image`,FROM_UNIXTIME(addtime,'%Y-%m-%d') addtime FROM `lp_article` WHERE `flags` IN ('c') ORDER BY sort desc LIMIT 3   [ RunTime:0.0040s ]
SQL: SELECT `id`,`name`,`logo` FROM `lp_company` WHERE `status` = 1 ORDER BY issue_time desc LIMIT 10   [ RunTime:0.0090s ]
INFO: [ view_parse ] --START--
INFO: [ template_filter ] --START--
INFO: Run Behavior\ContentReplaceBehavior [ RunTime:0.000000s ]
INFO: [ template_filter ] --END-- [ RunTime:0.000000s ]
NOTIC: [8] Undefined index: id D:\wamp64\www\glgj\Application\Runtime\Cache\App\476ae490e5165eaeaeab1044bf80f4d6.php 第 144 行.
NOTIC: [8] Undefined index: logo D:\wamp64\www\glgj\Application\Runtime\Cache\App\476ae490e5165eaeaeab1044bf80f4d6.php 第 146 行.
NOTIC: [8] Undefined index: id D:\wamp64\www\glgj\Application\Runtime\Cache\App\476ae490e5165eaeaeab1044bf80f4d6.php 第 144 行.
NOTIC: [8] Undefined index: logo D:\wamp64\www\glgj\Application\Runtime\Cache\App\476ae490e5165eaeaeab1044bf80f4d6.php 第 146 行.
NOTIC: [8] Undefined index: id D:\wamp64\www\glgj\Application\Runtime\Cache\App\476ae490e5165eaeaeab1044bf80f4d6.php 第 144 行.
NOTIC: [8] Undefined index: logo D:\wamp64\www\glgj\Application\Runtime\Cache\App\476ae490e5165eaeaeab1044bf80f4d6.php 第 146 行.
NOTIC: [8] Undefined index: id D:\wamp64\www\glgj\Application\Runtime\Cache\App\476ae490e5165eaeaeab1044bf80f4d6.php 第 144 行.
NOTIC: [8] Undefined index: logo D:\wamp64\www\glgj\Application\Runtime\Cache\App\476ae490e5165eaeaeab1044bf80f4d6.php 第 146 行.
NOTIC: [8] Undefined index: id D:\wamp64\www\glgj\Application\Runtime\Cache\App\476ae490e5165eaeaeab1044bf80f4d6.php 第 144 行.
NOTIC: [8] Undefined index: logo D:\wamp64\www\glgj\Application\Runtime\Cache\App\476ae490e5165eaeaeab1044bf80f4d6.php 第 146 行.
NOTIC: [8] Undefined index: id D:\wamp64\www\glgj\Application\Runtime\Cache\App\476ae490e5165eaeaeab1044bf80f4d6.php 第 144 行.
NOTIC: [8] Undefined index: logo D:\wamp64\www\glgj\Application\Runtime\Cache\App\476ae490e5165eaeaeab1044bf80f4d6.php 第 146 行.
NOTIC: [8] Undefined variable: appsign D:\wamp64\www\glgj\Application\Runtime\Cache\App\476ae490e5165eaeaeab1044bf80f4d6.php 第 204 行.
NOTIC: [8] Undefined variable: city_name D:\wamp64\www\glgj\Application\Runtime\Cache\App\476ae490e5165eaeaeab1044bf80f4d6.php 第 213 行.
INFO: Run Behavior\ParseTemplateBehavior [ RunTime:0.011000s ]
INFO: [ view_parse ] --END-- [ RunTime:0.011000s ]
INFO: [ view_filter ] --START--
INFO: Run Behavior\WriteHtmlCacheBehavior [ RunTime:0.001000s ]
INFO: [ view_filter ] --END-- [ RunTime:0.001000s ]
INFO: [ app_end ] --START--
INFO: Run Behavior\ShowPageTraceBehavior [ RunTime:0.001000s ]
INFO: [ app_end ] --END-- [ RunTime:0.001000s ]

[ 2017-03-10T17:11:02+08:00 ] ::1 /glgj/?g=app&m=member
INFO: [ app_init ] --START--
INFO: Run Behavior\BuildLiteBehavior [ RunTime:0.000000s ]
INFO: [ app_init ] --END-- [ RunTime:0.000000s ]
INFO: [ app_begin ] --START--
INFO: Run Behavior\ReadHtmlCacheBehavior [ RunTime:0.001000s ]
INFO: [ app_begin ] --END-- [ RunTime:0.001000s ]
NOTIC: [8] Use of undefined constant APPSIGN - assumed 'APPSIGN' D:\wamp64\www\glgj\Application\App\Controller\AppController.class.php 第 18 行.
NOTIC: [8] Use of undefined constant UID - assumed 'UID' D:\wamp64\www\glgj\Application\App\Controller\AppController.class.php 第 31 行.

[ 2017-03-10T17:11:02+08:00 ] ::1 /glgj/?g=app&m=login
INFO: [ app_init ] --START--
INFO: Run Behavior\BuildLiteBehavior [ RunTime:0.000000s ]
INFO: [ app_init ] --END-- [ RunTime:0.001000s ]
INFO: [ app_begin ] --START--
INFO: Run Behavior\ReadHtmlCacheBehavior [ RunTime:0.000000s ]
INFO: [ app_begin ] --END-- [ RunTime:0.000000s ]
INFO: [ view_parse ] --START--
INFO: [ template_filter ] --START--
INFO: Run Behavior\ContentReplaceBehavior [ RunTime:0.000000s ]
INFO: [ template_filter ] --END-- [ RunTime:0.000000s ]
NOTIC: [8] Undefined variable: appsign D:\wamp64\www\glgj\Application\Runtime\Cache\App\68d899f0833b04e71b07b35725880559.php 第 22 行.
INFO: Run Behavior\ParseTemplateBehavior [ RunTime:0.006000s ]
INFO: [ view_parse ] --END-- [ RunTime:0.006000s ]
INFO: [ view_filter ] --START--
INFO: Run Behavior\WriteHtmlCacheBehavior [ RunTime:0.000000s ]
INFO: [ view_filter ] --END-- [ RunTime:0.000000s ]
INFO: [ app_end ] --START--
INFO: Run Behavior\ShowPageTraceBehavior [ RunTime:0.001000s ]
INFO: [ app_end ] --END-- [ RunTime:0.001000s ]

[ 2017-03-10T17:11:03+08:00 ] ::1 /glgj/?g=app&m=login
INFO: [ app_init ] --START--
INFO: Run Behavior\BuildLiteBehavior [ RunTime:0.000000s ]
INFO: [ app_init ] --END-- [ RunTime:0.000000s ]
INFO: [ app_begin ] --START--
INFO: Run Behavior\ReadHtmlCacheBehavior [ RunTime:0.001000s ]
INFO: [ app_begin ] --END-- [ RunTime:0.001000s ]
SQL: SHOW COLUMNS FROM `lp_member` [ RunTime:0.0010s ]

[ 2017-03-10T17:11:12+08:00 ] ::1 /glgj/?g=app&m=login
INFO: [ app_init ] --START--
INFO: Run Behavior\BuildLiteBehavior [ RunTime:0.000000s ]
INFO: [ app_init ] --END-- [ RunTime:0.000000s ]
INFO: [ app_begin ] --START--
INFO: Run Behavior\ReadHtmlCacheBehavior [ RunTime:0.001000s ]
INFO: [ app_begin ] --END-- [ RunTime:0.001000s ]
SQL: SHOW COLUMNS FROM `lp_member` [ RunTime:0.0000s ]
SQL: SHOW COLUMNS FROM `lp_member` [ RunTime:0.0000s ]
SQL: SELECT * FROM `lp_member` WHERE `mphone` = '18656955428' LIMIT 1   [ RunTime:0.0000s ]

[ 2017-03-10T17:11:12+08:00 ] ::1 /glgj/?g=app&m=member
INFO: [ app_init ] --START--
INFO: Run Behavior\BuildLiteBehavior [ RunTime:0.000000s ]
INFO: [ app_init ] --END-- [ RunTime:0.000000s ]
INFO: [ app_begin ] --START--
INFO: Run Behavior\ReadHtmlCacheBehavior [ RunTime:0.000000s ]
INFO: [ app_begin ] --END-- [ RunTime:0.000000s ]
NOTIC: [8] Use of undefined constant APPSIGN - assumed 'APPSIGN' D:\wamp64\www\glgj\Application\App\Controller\AppController.class.php 第 18 行.
NOTIC: [8] Use of undefined constant UID - assumed 'UID' D:\wamp64\www\glgj\Application\App\Controller\AppController.class.php 第 31 行.
SQL: SHOW COLUMNS FROM `lp_member` [ RunTime:0.0010s ]
SQL: SELECT * FROM `lp_member` WHERE `uid` = 10813 LIMIT 1   [ RunTime:0.0060s ]
SQL: SHOW COLUMNS FROM `lp_conf` [ RunTime:0.0010s ]
SQL: SELECT `value` FROM `lp_conf` WHERE `name` = 'companphone' LIMIT 1   [ RunTime:0.0010s ]
INFO: [ view_parse ] --START--
INFO: [ template_filter ] --START--
INFO: Run Behavior\ContentReplaceBehavior [ RunTime:0.000000s ]
INFO: [ template_filter ] --END-- [ RunTime:0.000000s ]
NOTIC: [8] Undefined variable: appsign D:\wamp64\www\glgj\Application\Runtime\Cache\App\3e2ce3e0e21e5106bdf4ec30c5b3ec8a.php 第 209 行.
INFO: Run Behavior\ParseTemplateBehavior [ RunTime:0.008000s ]
INFO: [ view_parse ] --END-- [ RunTime:0.008000s ]
INFO: [ view_filter ] --START--
INFO: Run Behavior\WriteHtmlCacheBehavior [ RunTime:0.000000s ]
INFO: [ view_filter ] --END-- [ RunTime:0.000000s ]
INFO: [ app_end ] --START--
INFO: Run Behavior\ShowPageTraceBehavior [ RunTime:0.001000s ]
INFO: [ app_end ] --END-- [ RunTime:0.001000s ]

[ 2017-03-10T17:25:31+08:00 ] ::1 /glgj/?g=app&m=company
INFO: [ app_init ] --START--
INFO: Run Behavior\BuildLiteBehavior [ RunTime:0.000000s ]
INFO: [ app_init ] --END-- [ RunTime:0.001000s ]
INFO: [ app_begin ] --START--
INFO: Run Behavior\ReadHtmlCacheBehavior [ RunTime:0.000000s ]
INFO: [ app_begin ] --END-- [ RunTime:0.001000s ]
NOTIC: [8] Use of undefined constant APPSIGN - assumed 'APPSIGN' D:\wamp64\www\glgj\Application\App\Controller\AppController.class.php 第 18 行.
NOTIC: [8] Use of undefined constant UID - assumed 'UID' D:\wamp64\www\glgj\Application\App\Controller\AppController.class.php 第 31 行.
SQL: SHOW COLUMNS FROM `lp_company` [ RunTime:0.0000s ]
SQL: SELECT l.id,l.name,r.contact_user,r.telephone,r.subphone,r.address FROM lp_company l INNER JOIN lp_company_link r ON l.id=r.company_id  WHERE l.status = 1 ORDER BY l.flags desc,l.sort desc,l.id desc LIMIT 0,10   [ RunTime:0.0340s ]
SQL: SHOW COLUMNS FROM `lp_company_category` [ RunTime:0.0010s ]
SQL: SELECT `id`,`name` FROM `lp_company_category` ORDER BY sort desc  [ RunTime:0.0000s ]
INFO: [ view_parse ] --START--
INFO: [ template_filter ] --START--
INFO: Run Behavior\ContentReplaceBehavior [ RunTime:0.000000s ]
INFO: [ template_filter ] --END-- [ RunTime:0.000000s ]
NOTIC: [8] Undefined variable: appsign D:\wamp64\www\glgj\Application\Runtime\Cache\App\971fa39a4abff03f3677855957e88e2a.php 第 23 行.
NOTIC: [8] Undefined index: cid D:\wamp64\www\glgj\Application\Runtime\Cache\App\971fa39a4abff03f3677855957e88e2a.php 第 37 行.
NOTIC: [8] Undefined index: cid D:\wamp64\www\glgj\Application\Runtime\Cache\App\971fa39a4abff03f3677855957e88e2a.php 第 37 行.
NOTIC: [8] Undefined index: cid D:\wamp64\www\glgj\Application\Runtime\Cache\App\971fa39a4abff03f3677855957e88e2a.php 第 37 行.
NOTIC: [8] Undefined index: cid D:\wamp64\www\glgj\Application\Runtime\Cache\App\971fa39a4abff03f3677855957e88e2a.php 第 37 行.
NOTIC: [8] Undefined index: cid D:\wamp64\www\glgj\Application\Runtime\Cache\App\971fa39a4abff03f3677855957e88e2a.php 第 37 行.
NOTIC: [8] Undefined index: cid D:\wamp64\www\glgj\Application\Runtime\Cache\App\971fa39a4abff03f3677855957e88e2a.php 第 37 行.
NOTIC: [8] Undefined index: cid D:\wamp64\www\glgj\Application\Runtime\Cache\App\971fa39a4abff03f3677855957e88e2a.php 第 37 行.
NOTIC: [8] Undefined index: cid D:\wamp64\www\glgj\Application\Runtime\Cache\App\971fa39a4abff03f3677855957e88e2a.php 第 37 行.
NOTIC: [8] Undefined index: cid D:\wamp64\www\glgj\Application\Runtime\Cache\App\971fa39a4abff03f3677855957e88e2a.php 第 37 行.
NOTIC: [8] Undefined variable: appsign D:\wamp64\www\glgj\Application\Runtime\Cache\App\971fa39a4abff03f3677855957e88e2a.php 第 79 行.
NOTIC: [8] Undefined index: title D:\wamp64\www\glgj\Application\Runtime\Cache\App\971fa39a4abff03f3677855957e88e2a.php 第 87 行.
NOTIC: [8] Undefined index: cid D:\wamp64\www\glgj\Application\Runtime\Cache\App\971fa39a4abff03f3677855957e88e2a.php 第 88 行.
INFO: Run Behavior\ParseTemplateBehavior [ RunTime:0.010000s ]
INFO: [ view_parse ] --END-- [ RunTime:0.010000s ]
INFO: [ view_filter ] --START--
INFO: Run Behavior\WriteHtmlCacheBehavior [ RunTime:0.000000s ]
INFO: [ view_filter ] --END-- [ RunTime:0.000000s ]
INFO: [ app_end ] --START--
INFO: Run Behavior\ShowPageTraceBehavior [ RunTime:0.001000s ]
INFO: [ app_end ] --END-- [ RunTime:0.001000s ]

[ 2017-03-10T17:25:33+08:00 ] ::1 /glgj/?g=app&m=company&a=detail&id=9485
INFO: [ app_init ] --START--
INFO: Run Behavior\BuildLiteBehavior [ RunTime:0.000000s ]
INFO: [ app_init ] --END-- [ RunTime:0.001000s ]
INFO: [ app_begin ] --START--
INFO: Run Behavior\ReadHtmlCacheBehavior [ RunTime:0.001000s ]
INFO: [ app_begin ] --END-- [ RunTime:0.001000s ]
NOTIC: [8] Use of undefined constant APPSIGN - assumed 'APPSIGN' D:\wamp64\www\glgj\Application\App\Controller\AppController.class.php 第 18 行.
NOTIC: [8] Use of undefined constant UID - assumed 'UID' D:\wamp64\www\glgj\Application\App\Controller\AppController.class.php 第 31 行.
INFO: [ view_parse ] --START--
INFO: [ template_filter ] --START--
INFO: Run Behavior\ContentReplaceBehavior [ RunTime:0.000000s ]
INFO: [ template_filter ] --END-- [ RunTime:0.000000s ]
NOTIC: [8] Undefined variable: appsign D:\wamp64\www\glgj\Application\Runtime\Cache\App\1f0815af7e4e9f2bbec65808d216ef6e.php 第 23 行.
NOTIC: [8] Undefined variable: appsign D:\wamp64\www\glgj\Application\Runtime\Cache\App\1f0815af7e4e9f2bbec65808d216ef6e.php 第 34 行.
NOTIC: [8] Undefined variable: company_info D:\wamp64\www\glgj\Application\Runtime\Cache\App\1f0815af7e4e9f2bbec65808d216ef6e.php 第 43 行.
NOTIC: [8] Undefined variable: company_info D:\wamp64\www\glgj\Application\Runtime\Cache\App\1f0815af7e4e9f2bbec65808d216ef6e.php 第 47 行.
NOTIC: [8] Undefined variable: company_info D:\wamp64\www\glgj\Application\Runtime\Cache\App\1f0815af7e4e9f2bbec65808d216ef6e.php 第 50 行.
NOTIC: [8] Undefined index: uuid D:\wamp64\www\glgj\Application\Runtime\Cache\App\1f0815af7e4e9f2bbec65808d216ef6e.php 第 52 行.
NOTIC: [8] Undefined variable: sign D:\wamp64\www\glgj\Application\Runtime\Cache\App\1f0815af7e4e9f2bbec65808d216ef6e.php 第 53 行.
NOTIC: [8] Undefined variable: sign D:\wamp64\www\glgj\Application\Runtime\Cache\App\1f0815af7e4e9f2bbec65808d216ef6e.php 第 54 行.
NOTIC: [8] Undefined variable: company_info D:\wamp64\www\glgj\Application\Runtime\Cache\App\1f0815af7e4e9f2bbec65808d216ef6e.php 第 84 行.
NOTIC: [8] Undefined variable: appsign D:\wamp64\www\glgj\Application\Runtime\Cache\App\1f0815af7e4e9f2bbec65808d216ef6e.php 第 84 行.
INFO: Run Behavior\ParseTemplateBehavior [ RunTime:0.009000s ]
INFO: [ view_parse ] --END-- [ RunTime:0.009000s ]
INFO: [ view_filter ] --START--
INFO: Run Behavior\WriteHtmlCacheBehavior [ RunTime:0.001000s ]
INFO: [ view_filter ] --END-- [ RunTime:0.001000s ]
INFO: [ app_end ] --START--
INFO: Run Behavior\ShowPageTraceBehavior [ RunTime:0.000000s ]
INFO: [ app_end ] --END-- [ RunTime:0.000000s ]

