[ 2017-03-06T17:18:54+08:00 ] 192.168.27.10 /?g=app&m=product&a=truckList
INFO: [ app_init ] --START--
INFO: Run Behavior\BuildLiteBehavior [ RunTime:0.000010s ]
INFO: [ app_init ] --END-- [ RunTime:0.000229s ]
INFO: [ app_begin ] --START--
INFO: Run Behavior\ReadHtmlCacheBehavior [ RunTime:0.000389s ]
INFO: [ app_begin ] --END-- [ RunTime:0.000432s ]
NOTIC: [8] Use of undefined constant APPSIGN - assumed 'APPSIGN' /home/apps/glgj/Application/App/Controller/AppController.class.php 第 18 行.
NOTIC: [8] Use of undefined constant UID - assumed 'UID' /home/apps/glgj/Application/App/Controller/AppController.class.php 第 31 行.
SQL: SHOW COLUMNS FROM `lp_truck` [ RunTime:0.0058s ]
SQL: SELECT r.head_pic,l.truck_no,l.truck_type,l.truck_length,l.source_type,l.provincen,l.cityn,l.countryn,l.provincen2,l.cityn2,l.countryn2,l.uid,l.master FROM lp_truck l LEFT JOIN lp_member r ON l.uid=r.uid LEFT JOIN lp_master m ON l.uid=m.uid  WHERE l.status = 1 LIMIT 10   [ RunTime:0.0010s ]
SQL: SHOW COLUMNS FROM `lp_master` [ RunTime:0.0020s ]
ERR: SQLSTATE[42S22]: Column not found: 1054 Unknown column 'Array' in 'where clause'

[ 2017-03-06T17:19:48+08:00 ] 192.168.27.10 /?g=app&m=product&a=truckList
INFO: [ app_init ] --START--
INFO: Run Behavior\BuildLiteBehavior [ RunTime:0.000019s ]
INFO: [ app_init ] --END-- [ RunTime:0.000359s ]
INFO: [ app_begin ] --START--
INFO: Run Behavior\ReadHtmlCacheBehavior [ RunTime:0.000531s ]
INFO: [ app_begin ] --END-- [ RunTime:0.000590s ]
NOTIC: [8] Use of undefined constant APPSIGN - assumed 'APPSIGN' /home/apps/glgj/Application/App/Controller/AppController.class.php 第 18 行.
NOTIC: [8] Use of undefined constant UID - assumed 'UID' /home/apps/glgj/Application/App/Controller/AppController.class.php 第 31 行.
SQL: SHOW COLUMNS FROM `lp_truck` [ RunTime:0.0027s ]
SQL: SELECT r.head_pic,l.truck_no,l.truck_type,l.truck_length,l.source_type,l.provincen,l.cityn,l.countryn,l.provincen2,l.cityn2,l.countryn2,l.uid,l.master FROM lp_truck l LEFT JOIN lp_member r ON l.uid=r.uid LEFT JOIN lp_master m ON l.uid=m.uid  WHERE l.status = 1 LIMIT 10   [ RunTime:0.0006s ]
SQL: SHOW COLUMNS FROM `lp_master` [ RunTime:0.0018s ]
ERR: SQLSTATE[42S22]: Column not found: 1054 Unknown column 'Array' in 'where clause'

[ 2017-03-06T17:21:15+08:00 ] 192.168.27.10 /?g=app&m=product&a=truckList
INFO: [ app_init ] --START--
INFO: Run Behavior\BuildLiteBehavior [ RunTime:0.000018s ]
INFO: [ app_init ] --END-- [ RunTime:0.000374s ]
INFO: [ app_begin ] --START--
INFO: Run Behavior\ReadHtmlCacheBehavior [ RunTime:0.000530s ]
INFO: [ app_begin ] --END-- [ RunTime:0.000600s ]
NOTIC: [8] Use of undefined constant APPSIGN - assumed 'APPSIGN' /home/apps/glgj/Application/App/Controller/AppController.class.php 第 18 行.
NOTIC: [8] Use of undefined constant UID - assumed 'UID' /home/apps/glgj/Application/App/Controller/AppController.class.php 第 31 行.
SQL: SHOW COLUMNS FROM `lp_truck` [ RunTime:0.0027s ]
SQL: SELECT r.head_pic,l.truck_no,l.truck_type,l.truck_length,l.source_type,l.provincen,l.cityn,l.countryn,l.provincen2,l.cityn2,l.countryn2,l.uid,l.master FROM lp_truck l LEFT JOIN lp_member r ON l.uid=r.uid LEFT JOIN lp_master m ON l.uid=m.uid  WHERE l.status = 1 LIMIT 10   [ RunTime:0.0005s ]
SQL: SHOW COLUMNS FROM `lp_master` [ RunTime:0.0018s ]

[ 2017-03-06T17:21:50+08:00 ] 192.168.27.10 /?g=app&m=product&a=truckList
INFO: [ app_init ] --START--
INFO: Run Behavior\BuildLiteBehavior [ RunTime:0.000010s ]
INFO: [ app_init ] --END-- [ RunTime:0.000263s ]
INFO: [ app_begin ] --START--
INFO: Run Behavior\ReadHtmlCacheBehavior [ RunTime:0.000319s ]
INFO: [ app_begin ] --END-- [ RunTime:0.000360s ]
NOTIC: [8] Use of undefined constant APPSIGN - assumed 'APPSIGN' /home/apps/glgj/Application/App/Controller/AppController.class.php 第 18 行.
NOTIC: [8] Use of undefined constant UID - assumed 'UID' /home/apps/glgj/Application/App/Controller/AppController.class.php 第 31 行.
SQL: SHOW COLUMNS FROM `lp_truck` [ RunTime:0.0026s ]
SQL: SELECT r.head_pic,l.truck_no,l.truck_type,l.truck_length,l.source_type,l.provincen,l.cityn,l.countryn,l.provincen2,l.cityn2,l.countryn2,l.uid,l.master FROM lp_truck l LEFT JOIN lp_member r ON l.uid=r.uid LEFT JOIN lp_master m ON l.uid=m.uid  WHERE l.status = 1 LIMIT 10   [ RunTime:0.0006s ]
SQL: SHOW COLUMNS FROM `lp_master` [ RunTime:0.0018s ]

[ 2017-03-06T17:22:57+08:00 ] 192.168.27.10 /?g=app&m=product&a=truckList
INFO: [ app_init ] --START--
INFO: Run Behavior\BuildLiteBehavior [ RunTime:0.000017s ]
INFO: [ app_init ] --END-- [ RunTime:0.000290s ]
INFO: [ app_begin ] --START--
INFO: Run Behavior\ReadHtmlCacheBehavior [ RunTime:0.000344s ]
INFO: [ app_begin ] --END-- [ RunTime:0.000385s ]
NOTIC: [8] Use of undefined constant APPSIGN - assumed 'APPSIGN' /home/apps/glgj/Application/App/Controller/AppController.class.php 第 18 行.
NOTIC: [8] Use of undefined constant UID - assumed 'UID' /home/apps/glgj/Application/App/Controller/AppController.class.php 第 31 行.
SQL: SHOW COLUMNS FROM `lp_truck` [ RunTime:0.0026s ]
SQL: SELECT r.head_pic,l.truck_no,l.truck_type,l.truck_length,l.source_type,l.provincen,l.cityn,l.countryn,l.provincen2,l.cityn2,l.countryn2,l.uid,l.master FROM lp_truck l LEFT JOIN lp_member r ON l.uid=r.uid LEFT JOIN lp_master m ON l.uid=m.uid  WHERE l.status = 1 LIMIT 10   [ RunTime:0.0005s ]
SQL: SHOW COLUMNS FROM `lp_master` [ RunTime:0.0017s ]

[ 2017-03-06T17:23:01+08:00 ] 192.168.27.10 /?g=app&m=product&a=truckList
INFO: [ app_init ] --START--
INFO: Run Behavior\BuildLiteBehavior [ RunTime:0.000016s ]
INFO: [ app_init ] --END-- [ RunTime:0.000341s ]
INFO: [ app_begin ] --START--
INFO: Run Behavior\ReadHtmlCacheBehavior [ RunTime:0.000500s ]
INFO: [ app_begin ] --END-- [ RunTime:0.000562s ]
NOTIC: [8] Use of undefined constant APPSIGN - assumed 'APPSIGN' /home/apps/glgj/Application/App/Controller/AppController.class.php 第 18 行.
NOTIC: [8] Use of undefined constant UID - assumed 'UID' /home/apps/glgj/Application/App/Controller/AppController.class.php 第 31 行.
SQL: SHOW COLUMNS FROM `lp_truck` [ RunTime:0.0028s ]
SQL: SELECT r.head_pic,l.truck_no,l.truck_type,l.truck_length,l.source_type,l.provincen,l.cityn,l.countryn,l.provincen2,l.cityn2,l.countryn2,l.uid,l.master FROM lp_truck l LEFT JOIN lp_member r ON l.uid=r.uid LEFT JOIN lp_master m ON l.uid=m.uid  WHERE l.status = 1 LIMIT 10   [ RunTime:0.0008s ]
SQL: SHOW COLUMNS FROM `lp_master` [ RunTime:0.0019s ]
SQL: SELECT `id`,`type`,`phone`,`name` FROM `lp_master` WHERE `uid` IN ('23815') AND `type` IN ('4','5')  [ RunTime:0.0006s ]

[ 2017-03-06T17:33:28+08:00 ] 192.168.27.10 /?g=app&m=product&a=truckList
INFO: [ app_init ] --START--
INFO: Run Behavior\BuildLiteBehavior [ RunTime:0.000011s ]
INFO: [ app_init ] --END-- [ RunTime:0.000295s ]
INFO: [ app_begin ] --START--
INFO: Run Behavior\ReadHtmlCacheBehavior [ RunTime:0.000408s ]
INFO: [ app_begin ] --END-- [ RunTime:0.000460s ]

[ 2017-03-06T17:35:10+08:00 ] 192.168.27.10 /?g=app&m=product&a=truckList
INFO: [ app_init ] --START--
INFO: Run Behavior\BuildLiteBehavior [ RunTime:0.000012s ]
INFO: [ app_init ] --END-- [ RunTime:0.000237s ]
INFO: [ app_begin ] --START--
INFO: Run Behavior\ReadHtmlCacheBehavior [ RunTime:0.000322s ]
INFO: [ app_begin ] --END-- [ RunTime:0.000363s ]
NOTIC: [8] Use of undefined constant APPSIGN - assumed 'APPSIGN' /home/apps/glgj/Application/App/Controller/AppController.class.php 第 18 行.
NOTIC: [8] Use of undefined constant UID - assumed 'UID' /home/apps/glgj/Application/App/Controller/AppController.class.php 第 31 行.
SQL: SHOW COLUMNS FROM `lp_truck` [ RunTime:0.0026s ]
SQL: SELECT r.head_pic,l.truck_no,l.truck_type,l.truck_length,l.source_type,l.provincen,l.cityn,l.countryn,l.provincen2,l.cityn2,l.countryn2,l.uid,l.master FROM lp_truck l LEFT JOIN lp_member r ON l.uid=r.uid LEFT JOIN lp_master m ON l.uid=m.uid  WHERE l.status = 1 LIMIT 10   [ RunTime:0.0191s ]
SQL: SHOW COLUMNS FROM `lp_master` [ RunTime:0.0018s ]
SQL: SELECT `uid`,`type`,`phone`,`name` FROM `lp_master` WHERE `uid` IN ('23815') AND `type` IN ('4','5')  [ RunTime:0.0005s ]
SQL: SHOW COLUMNS FROM `lp_regions` [ RunTime:0.0019s ]
SQL: SELECT `id`,`name` FROM `lp_regions`  [ RunTime:0.0173s ]
INFO: [ view_parse ] --START--
INFO: [ template_filter ] --START--
INFO: Run Behavior\ContentReplaceBehavior [ RunTime:0.000060s ]
INFO: [ template_filter ] --END-- [ RunTime:0.000112s ]
NOTIC: [8] Undefined variable: appsign /home/apps/glgj/Application/Runtime/Cache/App/94a38c060050bfd59c512535be83971c.php 第 23 行.
NOTIC: [8] Undefined index: id /home/apps/glgj/Application/Runtime/Cache/App/94a38c060050bfd59c512535be83971c.php 第 36 行.
NOTIC: [8] Undefined index: name /home/apps/glgj/Application/Runtime/Cache/App/94a38c060050bfd59c512535be83971c.php 第 42 行.
NOTIC: [8] Undefined index: id /home/apps/glgj/Application/Runtime/Cache/App/94a38c060050bfd59c512535be83971c.php 第 36 行.
NOTIC: [8] Undefined index: name /home/apps/glgj/Application/Runtime/Cache/App/94a38c060050bfd59c512535be83971c.php 第 42 行.
NOTIC: [8] Undefined index: id /home/apps/glgj/Application/Runtime/Cache/App/94a38c060050bfd59c512535be83971c.php 第 36 行.
NOTIC: [8] Undefined index: name /home/apps/glgj/Application/Runtime/Cache/App/94a38c060050bfd59c512535be83971c.php 第 42 行.
NOTIC: [8] Undefined index: id /home/apps/glgj/Application/Runtime/Cache/App/94a38c060050bfd59c512535be83971c.php 第 36 行.
NOTIC: [8] Undefined index: name /home/apps/glgj/Application/Runtime/Cache/App/94a38c060050bfd59c512535be83971c.php 第 42 行.
NOTIC: [8] Undefined index: id /home/apps/glgj/Application/Runtime/Cache/App/94a38c060050bfd59c512535be83971c.php 第 36 行.
NOTIC: [8] Undefined index: name /home/apps/glgj/Application/Runtime/Cache/App/94a38c060050bfd59c512535be83971c.php 第 42 行.
NOTIC: [8] Undefined index: id /home/apps/glgj/Application/Runtime/Cache/App/94a38c060050bfd59c512535be83971c.php 第 36 行.
NOTIC: [8] Undefined index: name /home/apps/glgj/Application/Runtime/Cache/App/94a38c060050bfd59c512535be83971c.php 第 42 行.
NOTIC: [8] Undefined index: id /home/apps/glgj/Application/Runtime/Cache/App/94a38c060050bfd59c512535be83971c.php 第 36 行.
NOTIC: [8] Undefined index: name /home/apps/glgj/Application/Runtime/Cache/App/94a38c060050bfd59c512535be83971c.php 第 42 行.
NOTIC: [8] Undefined index: id /home/apps/glgj/Application/Runtime/Cache/App/94a38c060050bfd59c512535be83971c.php 第 36 行.
NOTIC: [8] Undefined index: name /home/apps/glgj/Application/Runtime/Cache/App/94a38c060050bfd59c512535be83971c.php 第 42 行.
NOTIC: [8] Undefined index: id /home/apps/glgj/Application/Runtime/Cache/App/94a38c060050bfd59c512535be83971c.php 第 36 行.
NOTIC: [8] Undefined index: name /home/apps/glgj/Application/Runtime/Cache/App/94a38c060050bfd59c512535be83971c.php 第 42 行.
NOTIC: [8] Undefined index: id /home/apps/glgj/Application/Runtime/Cache/App/94a38c060050bfd59c512535be83971c.php 第 36 行.
NOTIC: [8] Undefined index: name /home/apps/glgj/Application/Runtime/Cache/App/94a38c060050bfd59c512535be83971c.php 第 42 行.
INFO: Run Behavior\ParseTemplateBehavior [ RunTime:0.005816s ]
INFO: [ view_parse ] --END-- [ RunTime:0.005863s ]
INFO: [ view_filter ] --START--
INFO: Run Behavior\WriteHtmlCacheBehavior [ RunTime:0.000223s ]
INFO: [ view_filter ] --END-- [ RunTime:0.000253s ]
INFO: [ app_end ] --START--
INFO: Run Behavior\ShowPageTraceBehavior [ RunTime:0.000356s ]
INFO: [ app_end ] --END-- [ RunTime:0.000398s ]

[ 2017-03-06T17:35:21+08:00 ] 192.168.27.10 /?g=app&m=product&a=truckList
INFO: [ app_init ] --START--
INFO: Run Behavior\BuildLiteBehavior [ RunTime:0.000018s ]
INFO: [ app_init ] --END-- [ RunTime:0.000383s ]
INFO: [ app_begin ] --START--
INFO: Run Behavior\ReadHtmlCacheBehavior [ RunTime:0.000337s ]
INFO: [ app_begin ] --END-- [ RunTime:0.000378s ]
NOTIC: [8] Use of undefined constant APPSIGN - assumed 'APPSIGN' /home/apps/glgj/Application/App/Controller/AppController.class.php 第 18 行.
NOTIC: [8] Use of undefined constant UID - assumed 'UID' /home/apps/glgj/Application/App/Controller/AppController.class.php 第 31 行.
SQL: SHOW COLUMNS FROM `lp_truck` [ RunTime:0.0028s ]
SQL: SELECT r.head_pic,l.truck_no,l.truck_type,l.truck_length,l.source_type,l.provincen,l.cityn,l.countryn,l.provincen2,l.cityn2,l.countryn2,l.uid,l.master FROM lp_truck l LEFT JOIN lp_member r ON l.uid=r.uid LEFT JOIN lp_master m ON l.uid=m.uid  WHERE l.status = 1 LIMIT 10   [ RunTime:0.0005s ]
SQL: SHOW COLUMNS FROM `lp_master` [ RunTime:0.0019s ]
SQL: SELECT `uid`,`type`,`phone`,`name` FROM `lp_master` WHERE `uid` IN ('23815') AND `type` IN ('4','5')  [ RunTime:0.0003s ]
SQL: SHOW COLUMNS FROM `lp_regions` [ RunTime:0.0017s ]

[ 2017-03-06T17:36:28+08:00 ] 192.168.27.10 /?g=app&m=product&a=truckList
INFO: [ app_init ] --START--
INFO: Run Behavior\BuildLiteBehavior [ RunTime:0.000011s ]
INFO: [ app_init ] --END-- [ RunTime:0.000246s ]
INFO: [ app_begin ] --START--
INFO: Run Behavior\ReadHtmlCacheBehavior [ RunTime:0.000375s ]
INFO: [ app_begin ] --END-- [ RunTime:0.000416s ]
NOTIC: [8] Use of undefined constant APPSIGN - assumed 'APPSIGN' /home/apps/glgj/Application/App/Controller/AppController.class.php 第 18 行.
NOTIC: [8] Use of undefined constant UID - assumed 'UID' /home/apps/glgj/Application/App/Controller/AppController.class.php 第 31 行.
SQL: SHOW COLUMNS FROM `lp_truck` [ RunTime:0.0027s ]
SQL: SELECT r.head_pic,l.truck_no,l.truck_type,l.truck_length,l.source_type,l.provincen,l.cityn,l.countryn,l.provincen2,l.cityn2,l.countryn2,l.uid,l.master FROM lp_truck l LEFT JOIN lp_member r ON l.uid=r.uid LEFT JOIN lp_master m ON l.uid=m.uid  WHERE l.status = 1 LIMIT 10   [ RunTime:0.0009s ]
SQL: SHOW COLUMNS FROM `lp_master` [ RunTime:0.0018s ]
SQL: SELECT `uid`,`type`,`phone`,`name` FROM `lp_master` WHERE `uid` IN ('23815') AND `type` IN ('4','5')  [ RunTime:0.0003s ]
SQL: SHOW COLUMNS FROM `lp_regions` [ RunTime:0.0017s ]
NOTIC: [8] Undefined index: 23815 /home/apps/glgj/Application/App/Controller/ProductController.class.php 第 162 行.
NOTIC: [8] Undefined index: 23815 /home/apps/glgj/Application/App/Controller/ProductController.class.php 第 163 行.
NOTIC: [8] Undefined index: 23815 /home/apps/glgj/Application/App/Controller/ProductController.class.php 第 162 行.
NOTIC: [8] Undefined index: 23815 /home/apps/glgj/Application/App/Controller/ProductController.class.php 第 163 行.
NOTIC: [8] Undefined index: 23815 /home/apps/glgj/Application/App/Controller/ProductController.class.php 第 162 行.
NOTIC: [8] Undefined index: 23815 /home/apps/glgj/Application/App/Controller/ProductController.class.php 第 163 行.
NOTIC: [8] Undefined index: 23815 /home/apps/glgj/Application/App/Controller/ProductController.class.php 第 162 行.
NOTIC: [8] Undefined index: 23815 /home/apps/glgj/Application/App/Controller/ProductController.class.php 第 163 行.
NOTIC: [8] Undefined index: 23815 /home/apps/glgj/Application/App/Controller/ProductController.class.php 第 162 行.
NOTIC: [8] Undefined index: 23815 /home/apps/glgj/Application/App/Controller/ProductController.class.php 第 163 行.
NOTIC: [8] Undefined index: 23815 /home/apps/glgj/Application/App/Controller/ProductController.class.php 第 162 行.
NOTIC: [8] Undefined index: 23815 /home/apps/glgj/Application/App/Controller/ProductController.class.php 第 163 行.
NOTIC: [8] Undefined index: 23815 /home/apps/glgj/Application/App/Controller/ProductController.class.php 第 162 行.
NOTIC: [8] Undefined index: 23815 /home/apps/glgj/Application/App/Controller/ProductController.class.php 第 163 行.
NOTIC: [8] Undefined index: 23815 /home/apps/glgj/Application/App/Controller/ProductController.class.php 第 162 行.
NOTIC: [8] Undefined index: 23815 /home/apps/glgj/Application/App/Controller/ProductController.class.php 第 163 行.
NOTIC: [8] Undefined index: 23815 /home/apps/glgj/Application/App/Controller/ProductController.class.php 第 162 行.
NOTIC: [8] Undefined index: 23815 /home/apps/glgj/Application/App/Controller/ProductController.class.php 第 163 行.
NOTIC: [8] Undefined index: 23815 /home/apps/glgj/Application/App/Controller/ProductController.class.php 第 162 行.
NOTIC: [8] Undefined index: 23815 /home/apps/glgj/Application/App/Controller/ProductController.class.php 第 163 行.
INFO: [ view_parse ] --START--
INFO: [ template_filter ] --START--
INFO: Run Behavior\ContentReplaceBehavior [ RunTime:0.000090s ]
INFO: [ template_filter ] --END-- [ RunTime:0.000171s ]
NOTIC: [8] Undefined variable: appsign /home/apps/glgj/Application/Runtime/Cache/App/94a38c060050bfd59c512535be83971c.php 第 23 行.
NOTIC: [8] Undefined index: id /home/apps/glgj/Application/Runtime/Cache/App/94a38c060050bfd59c512535be83971c.php 第 36 行.
NOTIC: [8] Undefined index: id /home/apps/glgj/Application/Runtime/Cache/App/94a38c060050bfd59c512535be83971c.php 第 36 行.
NOTIC: [8] Undefined index: id /home/apps/glgj/Application/Runtime/Cache/App/94a38c060050bfd59c512535be83971c.php 第 36 行.
NOTIC: [8] Undefined index: id /home/apps/glgj/Application/Runtime/Cache/App/94a38c060050bfd59c512535be83971c.php 第 36 行.
NOTIC: [8] Undefined index: id /home/apps/glgj/Application/Runtime/Cache/App/94a38c060050bfd59c512535be83971c.php 第 36 行.
NOTIC: [8] Undefined index: id /home/apps/glgj/Application/Runtime/Cache/App/94a38c060050bfd59c512535be83971c.php 第 36 行.
NOTIC: [8] Undefined index: id /home/apps/glgj/Application/Runtime/Cache/App/94a38c060050bfd59c512535be83971c.php 第 36 行.
NOTIC: [8] Undefined index: id /home/apps/glgj/Application/Runtime/Cache/App/94a38c060050bfd59c512535be83971c.php 第 36 行.
NOTIC: [8] Undefined index: id /home/apps/glgj/Application/Runtime/Cache/App/94a38c060050bfd59c512535be83971c.php 第 36 行.
NOTIC: [8] Undefined index: id /home/apps/glgj/Application/Runtime/Cache/App/94a38c060050bfd59c512535be83971c.php 第 36 行.
INFO: Run Behavior\ParseTemplateBehavior [ RunTime:0.009355s ]
INFO: [ view_parse ] --END-- [ RunTime:0.009433s ]
INFO: [ view_filter ] --START--
INFO: Run Behavior\WriteHtmlCacheBehavior [ RunTime:0.000281s ]
INFO: [ view_filter ] --END-- [ RunTime:0.000334s ]
INFO: [ app_end ] --START--
INFO: Run Behavior\ShowPageTraceBehavior [ RunTime:0.000547s ]
INFO: [ app_end ] --END-- [ RunTime:0.000609s ]

[ 2017-03-06T17:36:38+08:00 ] 192.168.27.10 /?g=app&m=product&a=truckList
INFO: [ app_init ] --START--
INFO: Run Behavior\BuildLiteBehavior [ RunTime:0.000013s ]
INFO: [ app_init ] --END-- [ RunTime:0.000260s ]
INFO: [ app_begin ] --START--
INFO: Run Behavior\ReadHtmlCacheBehavior [ RunTime:0.000349s ]
INFO: [ app_begin ] --END-- [ RunTime:0.000394s ]
NOTIC: [8] Use of undefined constant APPSIGN - assumed 'APPSIGN' /home/apps/glgj/Application/App/Controller/AppController.class.php 第 18 行.
NOTIC: [8] Use of undefined constant UID - assumed 'UID' /home/apps/glgj/Application/App/Controller/AppController.class.php 第 31 行.
SQL: SHOW COLUMNS FROM `lp_truck` [ RunTime:0.0028s ]
SQL: SELECT r.head_pic,l.truck_no,l.truck_type,l.truck_length,l.source_type,l.provincen,l.cityn,l.countryn,l.provincen2,l.cityn2,l.countryn2,l.uid,l.master FROM lp_truck l LEFT JOIN lp_member r ON l.uid=r.uid LEFT JOIN lp_master m ON l.uid=m.uid  WHERE l.status = 1 LIMIT 10   [ RunTime:0.5758s ]
SQL: SHOW COLUMNS FROM `lp_master` [ RunTime:0.0025s ]
SQL: SELECT `uid`,`type`,`phone`,`name` FROM `lp_master` WHERE `uid` IN ('23815') AND `type` IN ('4','5')  [ RunTime:0.0004s ]
SQL: SHOW COLUMNS FROM `lp_regions` [ RunTime:0.0017s ]
NOTIC: [8] Undefined index: 23815 /home/apps/glgj/Application/App/Controller/ProductController.class.php 第 162 行.
NOTIC: [8] Undefined index: 23815 /home/apps/glgj/Application/App/Controller/ProductController.class.php 第 163 行.
NOTIC: [8] Undefined index: 23815 /home/apps/glgj/Application/App/Controller/ProductController.class.php 第 162 行.
NOTIC: [8] Undefined index: 23815 /home/apps/glgj/Application/App/Controller/ProductController.class.php 第 163 行.
NOTIC: [8] Undefined index: 23815 /home/apps/glgj/Application/App/Controller/ProductController.class.php 第 162 行.
NOTIC: [8] Undefined index: 23815 /home/apps/glgj/Application/App/Controller/ProductController.class.php 第 163 行.
NOTIC: [8] Undefined index: 23815 /home/apps/glgj/Application/App/Controller/ProductController.class.php 第 162 行.
NOTIC: [8] Undefined index: 23815 /home/apps/glgj/Application/App/Controller/ProductController.class.php 第 163 行.
NOTIC: [8] Undefined index: 23815 /home/apps/glgj/Application/App/Controller/ProductController.class.php 第 162 行.
NOTIC: [8] Undefined index: 23815 /home/apps/glgj/Application/App/Controller/ProductController.class.php 第 163 行.
NOTIC: [8] Undefined index: 23815 /home/apps/glgj/Application/App/Controller/ProductController.class.php 第 162 行.
NOTIC: [8] Undefined index: 23815 /home/apps/glgj/Application/App/Controller/ProductController.class.php 第 163 行.
NOTIC: [8] Undefined index: 23815 /home/apps/glgj/Application/App/Controller/ProductController.class.php 第 162 行.
NOTIC: [8] Undefined index: 23815 /home/apps/glgj/Application/App/Controller/ProductController.class.php 第 163 行.
NOTIC: [8] Undefined index: 23815 /home/apps/glgj/Application/App/Controller/ProductController.class.php 第 162 行.
NOTIC: [8] Undefined index: 23815 /home/apps/glgj/Application/App/Controller/ProductController.class.php 第 163 行.
NOTIC: [8] Undefined index: 23815 /home/apps/glgj/Application/App/Controller/ProductController.class.php 第 162 行.
NOTIC: [8] Undefined index: 23815 /home/apps/glgj/Application/App/Controller/ProductController.class.php 第 163 行.
NOTIC: [8] Undefined index: 23815 /home/apps/glgj/Application/App/Controller/ProductController.class.php 第 162 行.
NOTIC: [8] Undefined index: 23815 /home/apps/glgj/Application/App/Controller/ProductController.class.php 第 163 行.

[ 2017-03-06T17:38:18+08:00 ] 192.168.27.10 /?g=app&m=product&a=truckList
INFO: [ app_init ] --START--
INFO: Run Behavior\BuildLiteBehavior [ RunTime:0.000011s ]
INFO: [ app_init ] --END-- [ RunTime:0.000265s ]
INFO: [ app_begin ] --START--
INFO: Run Behavior\ReadHtmlCacheBehavior [ RunTime:0.000359s ]
INFO: [ app_begin ] --END-- [ RunTime:0.000399s ]
NOTIC: [8] Use of undefined constant APPSIGN - assumed 'APPSIGN' /home/apps/glgj/Application/App/Controller/AppController.class.php 第 18 行.
NOTIC: [8] Use of undefined constant UID - assumed 'UID' /home/apps/glgj/Application/App/Controller/AppController.class.php 第 31 行.
SQL: SHOW COLUMNS FROM `lp_truck` [ RunTime:0.0023s ]
SQL: SELECT r.head_pic,l.truck_no,l.truck_type,l.truck_length,l.source_type,l.provincen,l.cityn,l.countryn,l.provincen2,l.cityn2,l.countryn2,l.uid,l.master FROM lp_truck l LEFT JOIN lp_member r ON l.uid=r.uid LEFT JOIN lp_master m ON l.uid=m.uid  WHERE l.status = 1 LIMIT 10   [ RunTime:0.0009s ]
SQL: SHOW COLUMNS FROM `lp_master` [ RunTime:0.0020s ]
SQL: SELECT `uid`,`type`,`phone`,`name` FROM `lp_master` WHERE `uid` IN ('23815') AND `type` IN ('4','5')  [ RunTime:0.0005s ]
SQL: SHOW COLUMNS FROM `lp_regions` [ RunTime:0.0018s ]
NOTIC: [8] Undefined index: 23815 /home/apps/glgj/Application/App/Controller/ProductController.class.php 第 162 行.
NOTIC: [8] Undefined index: 23815 /home/apps/glgj/Application/App/Controller/ProductController.class.php 第 163 行.
NOTIC: [8] Undefined index: 23815 /home/apps/glgj/Application/App/Controller/ProductController.class.php 第 162 行.
NOTIC: [8] Undefined index: 23815 /home/apps/glgj/Application/App/Controller/ProductController.class.php 第 163 行.
NOTIC: [8] Undefined index: 23815 /home/apps/glgj/Application/App/Controller/ProductController.class.php 第 162 行.
NOTIC: [8] Undefined index: 23815 /home/apps/glgj/Application/App/Controller/ProductController.class.php 第 163 行.
NOTIC: [8] Undefined index: 23815 /home/apps/glgj/Application/App/Controller/ProductController.class.php 第 162 行.
NOTIC: [8] Undefined index: 23815 /home/apps/glgj/Application/App/Controller/ProductController.class.php 第 163 行.
NOTIC: [8] Undefined index: 23815 /home/apps/glgj/Application/App/Controller/ProductController.class.php 第 162 行.
NOTIC: [8] Undefined index: 23815 /home/apps/glgj/Application/App/Controller/ProductController.class.php 第 163 行.
NOTIC: [8] Undefined index: 23815 /home/apps/glgj/Application/App/Controller/ProductController.class.php 第 162 行.
NOTIC: [8] Undefined index: 23815 /home/apps/glgj/Application/App/Controller/ProductController.class.php 第 163 行.
NOTIC: [8] Undefined index: 23815 /home/apps/glgj/Application/App/Controller/ProductController.class.php 第 162 行.
NOTIC: [8] Undefined index: 23815 /home/apps/glgj/Application/App/Controller/ProductController.class.php 第 163 行.
NOTIC: [8] Undefined index: 23815 /home/apps/glgj/Application/App/Controller/ProductController.class.php 第 162 行.
NOTIC: [8] Undefined index: 23815 /home/apps/glgj/Application/App/Controller/ProductController.class.php 第 163 行.
NOTIC: [8] Undefined index: 23815 /home/apps/glgj/Application/App/Controller/ProductController.class.php 第 162 行.
NOTIC: [8] Undefined index: 23815 /home/apps/glgj/Application/App/Controller/ProductController.class.php 第 163 行.
NOTIC: [8] Undefined index: 23815 /home/apps/glgj/Application/App/Controller/ProductController.class.php 第 162 行.
NOTIC: [8] Undefined index: 23815 /home/apps/glgj/Application/App/Controller/ProductController.class.php 第 163 行.
INFO: [ view_parse ] --START--
INFO: [ template_filter ] --START--
INFO: Run Behavior\ContentReplaceBehavior [ RunTime:0.000066s ]
INFO: [ template_filter ] --END-- [ RunTime:0.000125s ]
NOTIC: [8] Undefined variable: appsign /home/apps/glgj/Application/Runtime/Cache/App/94a38c060050bfd59c512535be83971c.php 第 23 行.
NOTIC: [8] Undefined index: id /home/apps/glgj/Application/Runtime/Cache/App/94a38c060050bfd59c512535be83971c.php 第 36 行.
NOTIC: [8] Undefined index: id /home/apps/glgj/Application/Runtime/Cache/App/94a38c060050bfd59c512535be83971c.php 第 36 行.
NOTIC: [8] Undefined index: id /home/apps/glgj/Application/Runtime/Cache/App/94a38c060050bfd59c512535be83971c.php 第 36 行.
NOTIC: [8] Undefined index: id /home/apps/glgj/Application/Runtime/Cache/App/94a38c060050bfd59c512535be83971c.php 第 36 行.
NOTIC: [8] Undefined index: id /home/apps/glgj/Application/Runtime/Cache/App/94a38c060050bfd59c512535be83971c.php 第 36 行.
NOTIC: [8] Undefined index: id /home/apps/glgj/Application/Runtime/Cache/App/94a38c060050bfd59c512535be83971c.php 第 36 行.
NOTIC: [8] Undefined index: id /home/apps/glgj/Application/Runtime/Cache/App/94a38c060050bfd59c512535be83971c.php 第 36 行.
NOTIC: [8] Undefined index: id /home/apps/glgj/Application/Runtime/Cache/App/94a38c060050bfd59c512535be83971c.php 第 36 行.
NOTIC: [8] Undefined index: id /home/apps/glgj/Application/Runtime/Cache/App/94a38c060050bfd59c512535be83971c.php 第 36 行.
NOTIC: [8] Undefined index: id /home/apps/glgj/Application/Runtime/Cache/App/94a38c060050bfd59c512535be83971c.php 第 36 行.
INFO: Run Behavior\ParseTemplateBehavior [ RunTime:0.006488s ]
INFO: [ view_parse ] --END-- [ RunTime:0.006539s ]
INFO: [ view_filter ] --START--
INFO: Run Behavior\WriteHtmlCacheBehavior [ RunTime:0.000196s ]
INFO: [ view_filter ] --END-- [ RunTime:0.000229s ]
INFO: [ app_end ] --START--
INFO: Run Behavior\ShowPageTraceBehavior [ RunTime:0.000363s ]
INFO: [ app_end ] --END-- [ RunTime:0.000405s ]

[ 2017-03-06T17:38:34+08:00 ] 192.168.27.10 /?g=app&m=product&a=truckList
INFO: [ app_init ] --START--
INFO: Run Behavior\BuildLiteBehavior [ RunTime:0.000018s ]
INFO: [ app_init ] --END-- [ RunTime:0.000373s ]
INFO: [ app_begin ] --START--
INFO: Run Behavior\ReadHtmlCacheBehavior [ RunTime:0.000496s ]
INFO: [ app_begin ] --END-- [ RunTime:0.000558s ]
NOTIC: [8] Use of undefined constant APPSIGN - assumed 'APPSIGN' /home/apps/glgj/Application/App/Controller/AppController.class.php 第 18 行.
NOTIC: [8] Use of undefined constant UID - assumed 'UID' /home/apps/glgj/Application/App/Controller/AppController.class.php 第 31 行.
SQL: SHOW COLUMNS FROM `lp_truck` [ RunTime:0.0030s ]
SQL: SELECT r.head_pic,l.truck_no,l.truck_type,l.truck_length,l.source_type,l.provincen,l.cityn,l.countryn,l.provincen2,l.cityn2,l.countryn2,l.uid,l.master FROM lp_truck l LEFT JOIN lp_member r ON l.uid=r.uid LEFT JOIN lp_master m ON l.uid=m.uid  WHERE l.status = 1 LIMIT 10   [ RunTime:0.0007s ]
SQL: SHOW COLUMNS FROM `lp_master` [ RunTime:0.0019s ]
SQL: SELECT `uid`,`type`,`phone`,`name` FROM `lp_master` WHERE `uid` IN ('23815') AND `type` IN ('4','5')  [ RunTime:0.0003s ]
SQL: SHOW COLUMNS FROM `lp_regions` [ RunTime:0.0018s ]
NOTIC: [8] Undefined index: 23815 /home/apps/glgj/Application/App/Controller/ProductController.class.php 第 162 行.
NOTIC: [8] Undefined index: 23815 /home/apps/glgj/Application/App/Controller/ProductController.class.php 第 163 行.
NOTIC: [8] Undefined index: 23815 /home/apps/glgj/Application/App/Controller/ProductController.class.php 第 162 行.
NOTIC: [8] Undefined index: 23815 /home/apps/glgj/Application/App/Controller/ProductController.class.php 第 163 行.
NOTIC: [8] Undefined index: 23815 /home/apps/glgj/Application/App/Controller/ProductController.class.php 第 162 行.
NOTIC: [8] Undefined index: 23815 /home/apps/glgj/Application/App/Controller/ProductController.class.php 第 163 行.
NOTIC: [8] Undefined index: 23815 /home/apps/glgj/Application/App/Controller/ProductController.class.php 第 162 行.
NOTIC: [8] Undefined index: 23815 /home/apps/glgj/Application/App/Controller/ProductController.class.php 第 163 行.
NOTIC: [8] Undefined index: 23815 /home/apps/glgj/Application/App/Controller/ProductController.class.php 第 162 行.
NOTIC: [8] Undefined index: 23815 /home/apps/glgj/Application/App/Controller/ProductController.class.php 第 163 行.
NOTIC: [8] Undefined index: 23815 /home/apps/glgj/Application/App/Controller/ProductController.class.php 第 162 行.
NOTIC: [8] Undefined index: 23815 /home/apps/glgj/Application/App/Controller/ProductController.class.php 第 163 行.
NOTIC: [8] Undefined index: 23815 /home/apps/glgj/Application/App/Controller/ProductController.class.php 第 162 行.
NOTIC: [8] Undefined index: 23815 /home/apps/glgj/Application/App/Controller/ProductController.class.php 第 163 行.
NOTIC: [8] Undefined index: 23815 /home/apps/glgj/Application/App/Controller/ProductController.class.php 第 162 行.
NOTIC: [8] Undefined index: 23815 /home/apps/glgj/Application/App/Controller/ProductController.class.php 第 163 行.
NOTIC: [8] Undefined index: 23815 /home/apps/glgj/Application/App/Controller/ProductController.class.php 第 162 行.
NOTIC: [8] Undefined index: 23815 /home/apps/glgj/Application/App/Controller/ProductController.class.php 第 163 行.
NOTIC: [8] Undefined index: 23815 /home/apps/glgj/Application/App/Controller/ProductController.class.php 第 162 行.
NOTIC: [8] Undefined index: 23815 /home/apps/glgj/Application/App/Controller/ProductController.class.php 第 163 行.

[ 2017-03-06T17:40:38+08:00 ] 192.168.27.10 /?g=app&m=product&a=truckList
INFO: [ app_init ] --START--
INFO: Run Behavior\BuildLiteBehavior [ RunTime:0.000010s ]
INFO: [ app_init ] --END-- [ RunTime:0.000241s ]
INFO: [ app_begin ] --START--
INFO: Run Behavior\ReadHtmlCacheBehavior [ RunTime:0.000375s ]
INFO: [ app_begin ] --END-- [ RunTime:0.000428s ]
NOTIC: [8] Use of undefined constant APPSIGN - assumed 'APPSIGN' /home/apps/glgj/Application/App/Controller/AppController.class.php 第 18 行.
NOTIC: [8] Use of undefined constant UID - assumed 'UID' /home/apps/glgj/Application/App/Controller/AppController.class.php 第 31 行.
SQL: SHOW COLUMNS FROM `lp_truck` [ RunTime:0.0025s ]
SQL: SELECT r.head_pic,l.truck_no,l.truck_type,l.truck_length,l.source_type,l.provincen,l.cityn,l.countryn,l.provincen2,l.cityn2,l.countryn2,l.uid,l.master FROM lp_truck l LEFT JOIN lp_member r ON l.uid=r.uid LEFT JOIN lp_master m ON l.uid=m.uid  WHERE l.status = 1 LIMIT 10   [ RunTime:0.0010s ]
SQL: SHOW COLUMNS FROM `lp_master` [ RunTime:0.0018s ]
SQL: SELECT `uid`,`type`,`phone`,`name` FROM `lp_master` WHERE `uid` IN ('23815') AND `type` IN ('4','5')  [ RunTime:0.0006s ]
SQL: SHOW COLUMNS FROM `lp_regions` [ RunTime:0.0018s ]
NOTIC: [8] Undefined index: 0 /home/apps/glgj/Application/App/Controller/ProductController.class.php 第 154 行.
NOTIC: [8] Undefined index: 23815 /home/apps/glgj/Application/App/Controller/ProductController.class.php 第 162 行.
NOTIC: [8] Undefined index: 23815 /home/apps/glgj/Application/App/Controller/ProductController.class.php 第 163 行.
NOTIC: [8] Undefined index: 23815 /home/apps/glgj/Application/App/Controller/ProductController.class.php 第 162 行.
NOTIC: [8] Undefined index: 23815 /home/apps/glgj/Application/App/Controller/ProductController.class.php 第 163 行.
NOTIC: [8] Undefined index: 23815 /home/apps/glgj/Application/App/Controller/ProductController.class.php 第 162 行.
NOTIC: [8] Undefined index: 23815 /home/apps/glgj/Application/App/Controller/ProductController.class.php 第 163 行.
NOTIC: [8] Undefined index: 3357 /home/apps/glgj/Application/App/Controller/ProductController.class.php 第 154 行.
NOTIC: [8] Undefined index: 23815 /home/apps/glgj/Application/App/Controller/ProductController.class.php 第 162 行.
NOTIC: [8] Undefined index: 23815 /home/apps/glgj/Application/App/Controller/ProductController.class.php 第 163 行.
NOTIC: [8] Undefined index: 0 /home/apps/glgj/Application/App/Controller/ProductController.class.php 第 153 行.
NOTIC: [8] Undefined index: 0 /home/apps/glgj/Application/App/Controller/ProductController.class.php 第 154 行.
NOTIC: [8] Undefined index: 23815 /home/apps/glgj/Application/App/Controller/ProductController.class.php 第 162 行.
NOTIC: [8] Undefined index: 23815 /home/apps/glgj/Application/App/Controller/ProductController.class.php 第 163 行.
NOTIC: [8] Undefined index: 23815 /home/apps/glgj/Application/App/Controller/ProductController.class.php 第 162 行.
NOTIC: [8] Undefined index: 23815 /home/apps/glgj/Application/App/Controller/ProductController.class.php 第 163 行.
NOTIC: [8] Undefined index: 23815 /home/apps/glgj/Application/App/Controller/ProductController.class.php 第 162 行.
NOTIC: [8] Undefined index: 23815 /home/apps/glgj/Application/App/Controller/ProductController.class.php 第 163 行.
NOTIC: [8] Undefined index: 23815 /home/apps/glgj/Application/App/Controller/ProductController.class.php 第 162 行.
NOTIC: [8] Undefined index: 23815 /home/apps/glgj/Application/App/Controller/ProductController.class.php 第 163 行.
NOTIC: [8] Undefined index: 0 /home/apps/glgj/Application/App/Controller/ProductController.class.php 第 153 行.
NOTIC: [8] Undefined index: 23815 /home/apps/glgj/Application/App/Controller/ProductController.class.php 第 162 行.
NOTIC: [8] Undefined index: 23815 /home/apps/glgj/Application/App/Controller/ProductController.class.php 第 163 行.
NOTIC: [8] Undefined index: 0 /home/apps/glgj/Application/App/Controller/ProductController.class.php 第 153 行.
NOTIC: [8] Undefined index: 0 /home/apps/glgj/Application/App/Controller/ProductController.class.php 第 154 行.
NOTIC: [8] Undefined index: 23815 /home/apps/glgj/Application/App/Controller/ProductController.class.php 第 162 行.
NOTIC: [8] Undefined index: 23815 /home/apps/glgj/Application/App/Controller/ProductController.class.php 第 163 行.

[ 2017-03-06T17:40:48+08:00 ] 192.168.27.10 /?g=app&m=product&a=truckList
INFO: [ app_init ] --START--
INFO: Run Behavior\BuildLiteBehavior [ RunTime:0.000010s ]
INFO: [ app_init ] --END-- [ RunTime:0.000255s ]
INFO: [ app_begin ] --START--
INFO: Run Behavior\ReadHtmlCacheBehavior [ RunTime:0.000336s ]
INFO: [ app_begin ] --END-- [ RunTime:0.000377s ]
NOTIC: [8] Use of undefined constant APPSIGN - assumed 'APPSIGN' /home/apps/glgj/Application/App/Controller/AppController.class.php 第 18 行.
NOTIC: [8] Use of undefined constant UID - assumed 'UID' /home/apps/glgj/Application/App/Controller/AppController.class.php 第 31 行.
SQL: SHOW COLUMNS FROM `lp_truck` [ RunTime:0.0026s ]
SQL: SELECT r.head_pic,l.truck_no,l.truck_type,l.truck_length,l.source_type,l.provincen,l.cityn,l.countryn,l.provincen2,l.cityn2,l.countryn2,l.uid,l.master FROM lp_truck l LEFT JOIN lp_member r ON l.uid=r.uid LEFT JOIN lp_master m ON l.uid=m.uid  WHERE l.status = 1 LIMIT 10   [ RunTime:0.0006s ]
SQL: SHOW COLUMNS FROM `lp_master` [ RunTime:0.0018s ]
SQL: SELECT `uid`,`type`,`phone`,`name` FROM `lp_master` WHERE `uid` IN ('23815') AND `type` IN ('4','5')  [ RunTime:0.0005s ]
SQL: SHOW COLUMNS FROM `lp_regions` [ RunTime:0.0017s ]
NOTIC: [8] Undefined index: 0 /home/apps/glgj/Application/App/Controller/ProductController.class.php 第 154 行.
NOTIC: [8] Undefined index: 23815 /home/apps/glgj/Application/App/Controller/ProductController.class.php 第 162 行.
NOTIC: [8] Undefined index: 23815 /home/apps/glgj/Application/App/Controller/ProductController.class.php 第 163 行.
NOTIC: [8] Undefined index: 23815 /home/apps/glgj/Application/App/Controller/ProductController.class.php 第 162 行.
NOTIC: [8] Undefined index: 23815 /home/apps/glgj/Application/App/Controller/ProductController.class.php 第 163 行.
NOTIC: [8] Undefined index: 23815 /home/apps/glgj/Application/App/Controller/ProductController.class.php 第 162 行.
NOTIC: [8] Undefined index: 23815 /home/apps/glgj/Application/App/Controller/ProductController.class.php 第 163 行.
NOTIC: [8] Undefined index: 3357 /home/apps/glgj/Application/App/Controller/ProductController.class.php 第 154 行.
NOTIC: [8] Undefined index: 23815 /home/apps/glgj/Application/App/Controller/ProductController.class.php 第 162 行.
NOTIC: [8] Undefined index: 23815 /home/apps/glgj/Application/App/Controller/ProductController.class.php 第 163 行.
NOTIC: [8] Undefined index: 0 /home/apps/glgj/Application/App/Controller/ProductController.class.php 第 153 行.
NOTIC: [8] Undefined index: 0 /home/apps/glgj/Application/App/Controller/ProductController.class.php 第 154 行.
NOTIC: [8] Undefined index: 23815 /home/apps/glgj/Application/App/Controller/ProductController.class.php 第 162 行.
NOTIC: [8] Undefined index: 23815 /home/apps/glgj/Application/App/Controller/ProductController.class.php 第 163 行.
NOTIC: [8] Undefined index: 23815 /home/apps/glgj/Application/App/Controller/ProductController.class.php 第 162 行.
NOTIC: [8] Undefined index: 23815 /home/apps/glgj/Application/App/Controller/ProductController.class.php 第 163 行.
NOTIC: [8] Undefined index: 23815 /home/apps/glgj/Application/App/Controller/ProductController.class.php 第 162 行.
NOTIC: [8] Undefined index: 23815 /home/apps/glgj/Application/App/Controller/ProductController.class.php 第 163 行.
NOTIC: [8] Undefined index: 23815 /home/apps/glgj/Application/App/Controller/ProductController.class.php 第 162 行.
NOTIC: [8] Undefined index: 23815 /home/apps/glgj/Application/App/Controller/ProductController.class.php 第 163 行.
NOTIC: [8] Undefined index: 0 /home/apps/glgj/Application/App/Controller/ProductController.class.php 第 153 行.
NOTIC: [8] Undefined index: 23815 /home/apps/glgj/Application/App/Controller/ProductController.class.php 第 162 行.
NOTIC: [8] Undefined index: 23815 /home/apps/glgj/Application/App/Controller/ProductController.class.php 第 163 行.
NOTIC: [8] Undefined index: 0 /home/apps/glgj/Application/App/Controller/ProductController.class.php 第 153 行.
NOTIC: [8] Undefined index: 0 /home/apps/glgj/Application/App/Controller/ProductController.class.php 第 154 行.
NOTIC: [8] Undefined index: 23815 /home/apps/glgj/Application/App/Controller/ProductController.class.php 第 162 行.
NOTIC: [8] Undefined index: 23815 /home/apps/glgj/Application/App/Controller/ProductController.class.php 第 163 行.
INFO: [ view_parse ] --START--
INFO: [ template_filter ] --START--
INFO: Run Behavior\ContentReplaceBehavior [ RunTime:0.000058s ]
INFO: [ template_filter ] --END-- [ RunTime:0.000105s ]
NOTIC: [8] Undefined variable: appsign /home/apps/glgj/Application/Runtime/Cache/App/94a38c060050bfd59c512535be83971c.php 第 23 行.
NOTIC: [8] Undefined index: id /home/apps/glgj/Application/Runtime/Cache/App/94a38c060050bfd59c512535be83971c.php 第 36 行.
NOTIC: [8] Undefined index: id /home/apps/glgj/Application/Runtime/Cache/App/94a38c060050bfd59c512535be83971c.php 第 54 行.
NOTIC: [8] Undefined index: id /home/apps/glgj/Application/Runtime/Cache/App/94a38c060050bfd59c512535be83971c.php 第 55 行.
NOTIC: [8] Undefined index: id /home/apps/glgj/Application/Runtime/Cache/App/94a38c060050bfd59c512535be83971c.php 第 36 行.
NOTIC: [8] Undefined index: id /home/apps/glgj/Application/Runtime/Cache/App/94a38c060050bfd59c512535be83971c.php 第 54 行.
NOTIC: [8] Undefined index: id /home/apps/glgj/Application/Runtime/Cache/App/94a38c060050bfd59c512535be83971c.php 第 55 行.
NOTIC: [8] Undefined index: id /home/apps/glgj/Application/Runtime/Cache/App/94a38c060050bfd59c512535be83971c.php 第 36 行.
NOTIC: [8] Undefined index: id /home/apps/glgj/Application/Runtime/Cache/App/94a38c060050bfd59c512535be83971c.php 第 54 行.
NOTIC: [8] Undefined index: id /home/apps/glgj/Application/Runtime/Cache/App/94a38c060050bfd59c512535be83971c.php 第 55 行.
NOTIC: [8] Undefined index: id /home/apps/glgj/Application/Runtime/Cache/App/94a38c060050bfd59c512535be83971c.php 第 36 行.
NOTIC: [8] Undefined index: id /home/apps/glgj/Application/Runtime/Cache/App/94a38c060050bfd59c512535be83971c.php 第 54 行.
NOTIC: [8] Undefined index: id /home/apps/glgj/Application/Runtime/Cache/App/94a38c060050bfd59c512535be83971c.php 第 55 行.
NOTIC: [8] Undefined index: id /home/apps/glgj/Application/Runtime/Cache/App/94a38c060050bfd59c512535be83971c.php 第 36 行.
NOTIC: [8] Undefined index: id /home/apps/glgj/Application/Runtime/Cache/App/94a38c060050bfd59c512535be83971c.php 第 54 行.
NOTIC: [8] Undefined index: id /home/apps/glgj/Application/Runtime/Cache/App/94a38c060050bfd59c512535be83971c.php 第 55 行.
NOTIC: [8] Undefined index: id /home/apps/glgj/Application/Runtime/Cache/App/94a38c060050bfd59c512535be83971c.php 第 36 行.
NOTIC: [8] Undefined index: id /home/apps/glgj/Application/Runtime/Cache/App/94a38c060050bfd59c512535be83971c.php 第 54 行.
NOTIC: [8] Undefined index: id /home/apps/glgj/Application/Runtime/Cache/App/94a38c060050bfd59c512535be83971c.php 第 55 行.
NOTIC: [8] Undefined index: id /home/apps/glgj/Application/Runtime/Cache/App/94a38c060050bfd59c512535be83971c.php 第 36 行.
NOTIC: [8] Undefined index: id /home/apps/glgj/Application/Runtime/Cache/App/94a38c060050bfd59c512535be83971c.php 第 54 行.
NOTIC: [8] Undefined index: id /home/apps/glgj/Application/Runtime/Cache/App/94a38c060050bfd59c512535be83971c.php 第 55 行.
NOTIC: [8] Undefined index: id /home/apps/glgj/Application/Runtime/Cache/App/94a38c060050bfd59c512535be83971c.php 第 36 行.
NOTIC: [8] Undefined index: id /home/apps/glgj/Application/Runtime/Cache/App/94a38c060050bfd59c512535be83971c.php 第 54 行.
NOTIC: [8] Undefined index: id /home/apps/glgj/Application/Runtime/Cache/App/94a38c060050bfd59c512535be83971c.php 第 55 行.
NOTIC: [8] Undefined index: id /home/apps/glgj/Application/Runtime/Cache/App/94a38c060050bfd59c512535be83971c.php 第 36 行.
NOTIC: [8] Undefined index: id /home/apps/glgj/Application/Runtime/Cache/App/94a38c060050bfd59c512535be83971c.php 第 54 行.
NOTIC: [8] Undefined index: id /home/apps/glgj/Application/Runtime/Cache/App/94a38c060050bfd59c512535be83971c.php 第 55 行.
NOTIC: [8] Undefined index: id /home/apps/glgj/Application/Runtime/Cache/App/94a38c060050bfd59c512535be83971c.php 第 36 行.
NOTIC: [8] Undefined index: id /home/apps/glgj/Application/Runtime/Cache/App/94a38c060050bfd59c512535be83971c.php 第 54 行.
NOTIC: [8] Undefined index: id /home/apps/glgj/Application/Runtime/Cache/App/94a38c060050bfd59c512535be83971c.php 第 55 行.
INFO: Run Behavior\ParseTemplateBehavior [ RunTime:0.005830s ]
INFO: [ view_parse ] --END-- [ RunTime:0.005873s ]
INFO: [ view_filter ] --START--
INFO: Run Behavior\WriteHtmlCacheBehavior [ RunTime:0.000181s ]
INFO: [ view_filter ] --END-- [ RunTime:0.000212s ]
INFO: [ app_end ] --START--
INFO: Run Behavior\ShowPageTraceBehavior [ RunTime:0.000311s ]
INFO: [ app_end ] --END-- [ RunTime:0.000347s ]

[ 2017-03-06T17:40:48+08:00 ] 192.168.27.10 /?g=app&m=product&a=truckList
INFO: [ app_init ] --START--
INFO: Run Behavior\BuildLiteBehavior [ RunTime:0.000016s ]
INFO: [ app_init ] --END-- [ RunTime:0.000388s ]
INFO: [ app_begin ] --START--
INFO: Run Behavior\ReadHtmlCacheBehavior [ RunTime:0.000494s ]
INFO: [ app_begin ] --END-- [ RunTime:0.000555s ]
NOTIC: [8] Use of undefined constant APPSIGN - assumed 'APPSIGN' /home/apps/glgj/Application/App/Controller/AppController.class.php 第 18 行.
NOTIC: [8] Use of undefined constant UID - assumed 'UID' /home/apps/glgj/Application/App/Controller/AppController.class.php 第 31 行.
SQL: SHOW COLUMNS FROM `lp_truck` [ RunTime:0.0023s ]
SQL: SELECT r.head_pic,l.truck_no,l.truck_type,l.truck_length,l.source_type,l.provincen,l.cityn,l.countryn,l.provincen2,l.cityn2,l.countryn2,l.uid,l.master FROM lp_truck l LEFT JOIN lp_member r ON l.uid=r.uid LEFT JOIN lp_master m ON l.uid=m.uid  WHERE l.status = 1 LIMIT 10   [ RunTime:0.0006s ]
SQL: SHOW COLUMNS FROM `lp_master` [ RunTime:0.0018s ]
SQL: SELECT `uid`,`type`,`phone`,`name` FROM `lp_master` WHERE `uid` IN ('23815') AND `type` IN ('4','5')  [ RunTime:0.0005s ]
SQL: SHOW COLUMNS FROM `lp_regions` [ RunTime:0.0017s ]
NOTIC: [8] Undefined index: 0 /home/apps/glgj/Application/App/Controller/ProductController.class.php 第 154 行.
NOTIC: [8] Undefined index: 23815 /home/apps/glgj/Application/App/Controller/ProductController.class.php 第 162 行.
NOTIC: [8] Undefined index: 23815 /home/apps/glgj/Application/App/Controller/ProductController.class.php 第 163 行.
NOTIC: [8] Undefined index: 23815 /home/apps/glgj/Application/App/Controller/ProductController.class.php 第 162 行.
NOTIC: [8] Undefined index: 23815 /home/apps/glgj/Application/App/Controller/ProductController.class.php 第 163 行.
NOTIC: [8] Undefined index: 23815 /home/apps/glgj/Application/App/Controller/ProductController.class.php 第 162 行.
NOTIC: [8] Undefined index: 23815 /home/apps/glgj/Application/App/Controller/ProductController.class.php 第 163 行.
NOTIC: [8] Undefined index: 3357 /home/apps/glgj/Application/App/Controller/ProductController.class.php 第 154 行.
NOTIC: [8] Undefined index: 23815 /home/apps/glgj/Application/App/Controller/ProductController.class.php 第 162 行.
NOTIC: [8] Undefined index: 23815 /home/apps/glgj/Application/App/Controller/ProductController.class.php 第 163 行.
NOTIC: [8] Undefined index: 0 /home/apps/glgj/Application/App/Controller/ProductController.class.php 第 153 行.
NOTIC: [8] Undefined index: 0 /home/apps/glgj/Application/App/Controller/ProductController.class.php 第 154 行.
NOTIC: [8] Undefined index: 23815 /home/apps/glgj/Application/App/Controller/ProductController.class.php 第 162 行.
NOTIC: [8] Undefined index: 23815 /home/apps/glgj/Application/App/Controller/ProductController.class.php 第 163 行.
NOTIC: [8] Undefined index: 23815 /home/apps/glgj/Application/App/Controller/ProductController.class.php 第 162 行.
NOTIC: [8] Undefined index: 23815 /home/apps/glgj/Application/App/Controller/ProductController.class.php 第 163 行.
NOTIC: [8] Undefined index: 23815 /home/apps/glgj/Application/App/Controller/ProductController.class.php 第 162 行.
NOTIC: [8] Undefined index: 23815 /home/apps/glgj/Application/App/Controller/ProductController.class.php 第 163 行.
NOTIC: [8] Undefined index: 23815 /home/apps/glgj/Application/App/Controller/ProductController.class.php 第 162 行.
NOTIC: [8] Undefined index: 23815 /home/apps/glgj/Application/App/Controller/ProductController.class.php 第 163 行.
NOTIC: [8] Undefined index: 0 /home/apps/glgj/Application/App/Controller/ProductController.class.php 第 153 行.
NOTIC: [8] Undefined index: 23815 /home/apps/glgj/Application/App/Controller/ProductController.class.php 第 162 行.
NOTIC: [8] Undefined index: 23815 /home/apps/glgj/Application/App/Controller/ProductController.class.php 第 163 行.
NOTIC: [8] Undefined index: 0 /home/apps/glgj/Application/App/Controller/ProductController.class.php 第 153 行.
NOTIC: [8] Undefined index: 0 /home/apps/glgj/Application/App/Controller/ProductController.class.php 第 154 行.
NOTIC: [8] Undefined index: 23815 /home/apps/glgj/Application/App/Controller/ProductController.class.php 第 162 行.
NOTIC: [8] Undefined index: 23815 /home/apps/glgj/Application/App/Controller/ProductController.class.php 第 163 行.
INFO: [ view_parse ] --START--
INFO: [ template_filter ] --START--
INFO: Run Behavior\ContentReplaceBehavior [ RunTime:0.000052s ]
INFO: [ template_filter ] --END-- [ RunTime:0.000094s ]
NOTIC: [8] Undefined variable: appsign /home/apps/glgj/Application/Runtime/Cache/App/94a38c060050bfd59c512535be83971c.php 第 23 行.
NOTIC: [8] Undefined index: id /home/apps/glgj/Application/Runtime/Cache/App/94a38c060050bfd59c512535be83971c.php 第 36 行.
NOTIC: [8] Undefined index: id /home/apps/glgj/Application/Runtime/Cache/App/94a38c060050bfd59c512535be83971c.php 第 54 行.
NOTIC: [8] Undefined index: id /home/apps/glgj/Application/Runtime/Cache/App/94a38c060050bfd59c512535be83971c.php 第 55 行.
NOTIC: [8] Undefined index: id /home/apps/glgj/Application/Runtime/Cache/App/94a38c060050bfd59c512535be83971c.php 第 36 行.
NOTIC: [8] Undefined index: id /home/apps/glgj/Application/Runtime/Cache/App/94a38c060050bfd59c512535be83971c.php 第 54 行.
NOTIC: [8] Undefined index: id /home/apps/glgj/Application/Runtime/Cache/App/94a38c060050bfd59c512535be83971c.php 第 55 行.
NOTIC: [8] Undefined index: id /home/apps/glgj/Application/Runtime/Cache/App/94a38c060050bfd59c512535be83971c.php 第 36 行.
NOTIC: [8] Undefined index: id /home/apps/glgj/Application/Runtime/Cache/App/94a38c060050bfd59c512535be83971c.php 第 54 行.
NOTIC: [8] Undefined index: id /home/apps/glgj/Application/Runtime/Cache/App/94a38c060050bfd59c512535be83971c.php 第 55 行.
NOTIC: [8] Undefined index: id /home/apps/glgj/Application/Runtime/Cache/App/94a38c060050bfd59c512535be83971c.php 第 36 行.
NOTIC: [8] Undefined index: id /home/apps/glgj/Application/Runtime/Cache/App/94a38c060050bfd59c512535be83971c.php 第 54 行.
NOTIC: [8] Undefined index: id /home/apps/glgj/Application/Runtime/Cache/App/94a38c060050bfd59c512535be83971c.php 第 55 行.
NOTIC: [8] Undefined index: id /home/apps/glgj/Application/Runtime/Cache/App/94a38c060050bfd59c512535be83971c.php 第 36 行.
NOTIC: [8] Undefined index: id /home/apps/glgj/Application/Runtime/Cache/App/94a38c060050bfd59c512535be83971c.php 第 54 行.
NOTIC: [8] Undefined index: id /home/apps/glgj/Application/Runtime/Cache/App/94a38c060050bfd59c512535be83971c.php 第 55 行.
NOTIC: [8] Undefined index: id /home/apps/glgj/Application/Runtime/Cache/App/94a38c060050bfd59c512535be83971c.php 第 36 行.
NOTIC: [8] Undefined index: id /home/apps/glgj/Application/Runtime/Cache/App/94a38c060050bfd59c512535be83971c.php 第 54 行.
NOTIC: [8] Undefined index: id /home/apps/glgj/Application/Runtime/Cache/App/94a38c060050bfd59c512535be83971c.php 第 55 行.
NOTIC: [8] Undefined index: id /home/apps/glgj/Application/Runtime/Cache/App/94a38c060050bfd59c512535be83971c.php 第 36 行.
NOTIC: [8] Undefined index: id /home/apps/glgj/Application/Runtime/Cache/App/94a38c060050bfd59c512535be83971c.php 第 54 行.
NOTIC: [8] Undefined index: id /home/apps/glgj/Application/Runtime/Cache/App/94a38c060050bfd59c512535be83971c.php 第 55 行.
NOTIC: [8] Undefined index: id /home/apps/glgj/Application/Runtime/Cache/App/94a38c060050bfd59c512535be83971c.php 第 36 行.
NOTIC: [8] Undefined index: id /home/apps/glgj/Application/Runtime/Cache/App/94a38c060050bfd59c512535be83971c.php 第 54 行.
NOTIC: [8] Undefined index: id /home/apps/glgj/Application/Runtime/Cache/App/94a38c060050bfd59c512535be83971c.php 第 55 行.
NOTIC: [8] Undefined index: id /home/apps/glgj/Application/Runtime/Cache/App/94a38c060050bfd59c512535be83971c.php 第 36 行.
NOTIC: [8] Undefined index: id /home/apps/glgj/Application/Runtime/Cache/App/94a38c060050bfd59c512535be83971c.php 第 54 行.
NOTIC: [8] Undefined index: id /home/apps/glgj/Application/Runtime/Cache/App/94a38c060050bfd59c512535be83971c.php 第 55 行.
NOTIC: [8] Undefined index: id /home/apps/glgj/Application/Runtime/Cache/App/94a38c060050bfd59c512535be83971c.php 第 36 行.
NOTIC: [8] Undefined index: id /home/apps/glgj/Application/Runtime/Cache/App/94a38c060050bfd59c512535be83971c.php 第 54 行.
NOTIC: [8] Undefined index: id /home/apps/glgj/Application/Runtime/Cache/App/94a38c060050bfd59c512535be83971c.php 第 55 行.
INFO: Run Behavior\ParseTemplateBehavior [ RunTime:0.005661s ]
INFO: [ view_parse ] --END-- [ RunTime:0.005701s ]
INFO: [ view_filter ] --START--
INFO: Run Behavior\WriteHtmlCacheBehavior [ RunTime:0.000163s ]
INFO: [ view_filter ] --END-- [ RunTime:0.000190s ]
INFO: [ app_end ] --START--
INFO: Run Behavior\ShowPageTraceBehavior [ RunTime:0.000298s ]
INFO: [ app_end ] --END-- [ RunTime:0.000338s ]

[ 2017-03-06T17:40:56+08:00 ] 192.168.27.10 /?g=app&m=product&a=truckDetail&id=
INFO: [ app_init ] --START--
INFO: Run Behavior\BuildLiteBehavior [ RunTime:0.000010s ]
INFO: [ app_init ] --END-- [ RunTime:0.000224s ]
INFO: [ app_begin ] --START--
INFO: Run Behavior\ReadHtmlCacheBehavior [ RunTime:0.000302s ]
INFO: [ app_begin ] --END-- [ RunTime:0.000340s ]
NOTIC: [8] Use of undefined constant APPSIGN - assumed 'APPSIGN' /home/apps/glgj/Application/App/Controller/AppController.class.php 第 18 行.
NOTIC: [8] Use of undefined constant UID - assumed 'UID' /home/apps/glgj/Application/App/Controller/AppController.class.php 第 31 行.
INFO: [ view_parse ] --START--
INFO: [ template_filter ] --START--
INFO: Run Behavior\ContentReplaceBehavior [ RunTime:0.000058s ]
INFO: [ template_filter ] --END-- [ RunTime:0.000109s ]
NOTIC: [8] Undefined variable: site_keywords /home/apps/glgj/Application/Runtime/Cache/App/db12bbfe2fe546166a6b6f54fdb0b3c4.php 第 10 行.
NOTIC: [8] Undefined variable: site_description /home/apps/glgj/Application/Runtime/Cache/App/db12bbfe2fe546166a6b6f54fdb0b3c4.php 第 11 行.
NOTIC: [8] Undefined variable: site_title /home/apps/glgj/Application/Runtime/Cache/App/db12bbfe2fe546166a6b6f54fdb0b3c4.php 第 12 行.
NOTIC: [8] Undefined variable: appsign /home/apps/glgj/Application/Runtime/Cache/App/db12bbfe2fe546166a6b6f54fdb0b3c4.php 第 23 行.
NOTIC: [8] Undefined variable: site_title /home/apps/glgj/Application/Runtime/Cache/App/db12bbfe2fe546166a6b6f54fdb0b3c4.php 第 29 行.
INFO: Run Behavior\ParseTemplateBehavior [ RunTime:0.004804s ]
INFO: [ view_parse ] --END-- [ RunTime:0.004837s ]
INFO: [ view_filter ] --START--
INFO: Run Behavior\WriteHtmlCacheBehavior [ RunTime:0.000193s ]
INFO: [ view_filter ] --END-- [ RunTime:0.000225s ]
INFO: [ app_end ] --START--
INFO: Run Behavior\ShowPageTraceBehavior [ RunTime:0.000345s ]
INFO: [ app_end ] --END-- [ RunTime:0.000377s ]

[ 2017-03-06T20:59:34+08:00 ] 192.168.27.10 /?g=app&m=member&a=applyPerGoods
INFO: [ app_init ] --START--
INFO: Run Behavior\BuildLiteBehavior [ RunTime:0.000009s ]
INFO: [ app_init ] --END-- [ RunTime:0.000196s ]
INFO: [ app_begin ] --START--
INFO: Run Behavior\ReadHtmlCacheBehavior [ RunTime:0.000262s ]
INFO: [ app_begin ] --END-- [ RunTime:0.000295s ]
NOTIC: [8] Use of undefined constant APPSIGN - assumed 'APPSIGN' /home/apps/glgj/Application/App/Controller/AppController.class.php 第 18 行.
NOTIC: [8] Use of undefined constant UID - assumed 'UID' /home/apps/glgj/Application/App/Controller/AppController.class.php 第 31 行.

[ 2017-03-06T20:59:34+08:00 ] 192.168.27.10 /?g=app&m=login
INFO: [ app_init ] --START--
INFO: Run Behavior\BuildLiteBehavior [ RunTime:0.000009s ]
INFO: [ app_init ] --END-- [ RunTime:0.000232s ]
INFO: [ app_begin ] --START--
INFO: Run Behavior\ReadHtmlCacheBehavior [ RunTime:0.000271s ]
INFO: [ app_begin ] --END-- [ RunTime:0.000305s ]
INFO: [ view_parse ] --START--
INFO: [ template_filter ] --START--
INFO: Run Behavior\ContentReplaceBehavior [ RunTime:0.000049s ]
INFO: [ template_filter ] --END-- [ RunTime:0.000082s ]
NOTIC: [8] Undefined variable: appsign /home/apps/glgj/Application/Runtime/Cache/App/68d899f0833b04e71b07b35725880559.php 第 22 行.
INFO: Run Behavior\ParseTemplateBehavior [ RunTime:0.003470s ]
INFO: [ view_parse ] --END-- [ RunTime:0.003504s ]
INFO: [ view_filter ] --START--
INFO: Run Behavior\WriteHtmlCacheBehavior [ RunTime:0.000132s ]
INFO: [ view_filter ] --END-- [ RunTime:0.000158s ]
INFO: [ app_end ] --START--
INFO: Run Behavior\ShowPageTraceBehavior [ RunTime:0.000259s ]
INFO: [ app_end ] --END-- [ RunTime:0.000287s ]

