[ 2017-03-07T20:30:19+08:00 ] 192.168.27.10 /?g=app&m=company
INFO: [ app_init ] --START--
INFO: Run Behavior\BuildLiteBehavior [ RunTime:0.000039s ]
INFO: [ app_init ] --END-- [ RunTime:0.003290s ]
INFO: [ app_begin ] --START--
INFO: Run Behavior\ReadHtmlCacheBehavior [ RunTime:0.006156s ]
INFO: [ app_begin ] --END-- [ RunTime:0.006196s ]
NOTIC: [8] Use of undefined constant APPSIGN - assumed 'APPSIGN' /home/apps/glgj/Application/App/Controller/AppController.class.php 第 18 行.
NOTIC: [8] Use of undefined constant UID - assumed 'UID' /home/apps/glgj/Application/App/Controller/AppController.class.php 第 31 行.
SQL: SHOW COLUMNS FROM `lp_company` [ RunTime:0.0159s ]
SQL: SELECT l.id,l.name,r.contact_user,r.telephone,r.subphone,r.address FROM lp_company l INNER JOIN lp_company_link r ON l.id=r.company_id  WHERE l.status = 1 ORDER BY l.flags desc,l.sort desc,l.id desc LIMIT 0,10   [ RunTime:0.2197s ]
SQL: SHOW COLUMNS FROM `lp_company_category` [ RunTime:0.0139s ]
SQL: SELECT `id`,`name` FROM `lp_company_category` ORDER BY sort desc  [ RunTime:0.0009s ]
INFO: [ view_parse ] --START--
INFO: [ template_filter ] --START--
INFO: Run Behavior\ContentReplaceBehavior [ RunTime:0.000062s ]
INFO: [ template_filter ] --END-- [ RunTime:0.000111s ]
NOTIC: [8] Undefined variable: appsign /home/apps/glgj/Application/Runtime/Cache/App/971fa39a4abff03f3677855957e88e2a.php 第 23 行.
NOTIC: [8] Undefined index: cid /home/apps/glgj/Application/Runtime/Cache/App/971fa39a4abff03f3677855957e88e2a.php 第 37 行.
NOTIC: [8] Undefined index: cid /home/apps/glgj/Application/Runtime/Cache/App/971fa39a4abff03f3677855957e88e2a.php 第 37 行.
NOTIC: [8] Undefined index: cid /home/apps/glgj/Application/Runtime/Cache/App/971fa39a4abff03f3677855957e88e2a.php 第 37 行.
NOTIC: [8] Undefined index: cid /home/apps/glgj/Application/Runtime/Cache/App/971fa39a4abff03f3677855957e88e2a.php 第 37 行.
NOTIC: [8] Undefined index: cid /home/apps/glgj/Application/Runtime/Cache/App/971fa39a4abff03f3677855957e88e2a.php 第 37 行.
NOTIC: [8] Undefined index: cid /home/apps/glgj/Application/Runtime/Cache/App/971fa39a4abff03f3677855957e88e2a.php 第 37 行.
NOTIC: [8] Undefined index: cid /home/apps/glgj/Application/Runtime/Cache/App/971fa39a4abff03f3677855957e88e2a.php 第 37 行.
NOTIC: [8] Undefined index: cid /home/apps/glgj/Application/Runtime/Cache/App/971fa39a4abff03f3677855957e88e2a.php 第 37 行.
NOTIC: [8] Undefined index: cid /home/apps/glgj/Application/Runtime/Cache/App/971fa39a4abff03f3677855957e88e2a.php 第 37 行.
NOTIC: [8] Undefined variable: appsign /home/apps/glgj/Application/Runtime/Cache/App/971fa39a4abff03f3677855957e88e2a.php 第 79 行.
NOTIC: [8] Undefined index: title /home/apps/glgj/Application/Runtime/Cache/App/971fa39a4abff03f3677855957e88e2a.php 第 87 行.
NOTIC: [8] Undefined index: cid /home/apps/glgj/Application/Runtime/Cache/App/971fa39a4abff03f3677855957e88e2a.php 第 88 行.
INFO: Run Behavior\ParseTemplateBehavior [ RunTime:0.065062s ]
INFO: [ view_parse ] --END-- [ RunTime:0.065146s ]
INFO: [ view_filter ] --START--
INFO: Run Behavior\WriteHtmlCacheBehavior [ RunTime:0.000364s ]
INFO: [ view_filter ] --END-- [ RunTime:0.000398s ]
INFO: [ app_end ] --START--
INFO: Run Behavior\ShowPageTraceBehavior [ RunTime:0.000456s ]
INFO: [ app_end ] --END-- [ RunTime:0.000489s ]

[ 2017-03-07T20:30:30+08:00 ] 192.168.27.10 /?g=app&m=company&a=ajaxlist&page=1&cid=&title=
INFO: [ app_init ] --START--
INFO: Run Behavior\BuildLiteBehavior [ RunTime:0.000009s ]
INFO: [ app_init ] --END-- [ RunTime:0.000235s ]
INFO: [ app_begin ] --START--
INFO: Run Behavior\ReadHtmlCacheBehavior [ RunTime:0.000262s ]
INFO: [ app_begin ] --END-- [ RunTime:0.000293s ]
NOTIC: [8] Use of undefined constant APPSIGN - assumed 'APPSIGN' /home/apps/glgj/Application/App/Controller/AppController.class.php 第 18 行.
NOTIC: [8] Use of undefined constant UID - assumed 'UID' /home/apps/glgj/Application/App/Controller/AppController.class.php 第 31 行.
SQL: SHOW COLUMNS FROM `lp_company` [ RunTime:0.0033s ]
SQL: SELECT l.id,l.name,r.contact_user,r.telephone,r.subphone,r.address FROM lp_company l INNER JOIN lp_company_link r ON l.id=r.company_id  WHERE l.status = 1 ORDER BY l.flags desc,l.sort desc,l.id desc LIMIT 10,10   [ RunTime:0.0539s ]

[ 2017-03-07T20:30:32+08:00 ] 192.168.27.10 /?g=app&m=company&a=ajaxlist&page=2&cid=&title=
INFO: [ app_init ] --START--
INFO: Run Behavior\BuildLiteBehavior [ RunTime:0.000011s ]
INFO: [ app_init ] --END-- [ RunTime:0.000251s ]
INFO: [ app_begin ] --START--
INFO: Run Behavior\ReadHtmlCacheBehavior [ RunTime:0.000328s ]
INFO: [ app_begin ] --END-- [ RunTime:0.000366s ]
NOTIC: [8] Use of undefined constant APPSIGN - assumed 'APPSIGN' /home/apps/glgj/Application/App/Controller/AppController.class.php 第 18 行.
NOTIC: [8] Use of undefined constant UID - assumed 'UID' /home/apps/glgj/Application/App/Controller/AppController.class.php 第 31 行.
SQL: SHOW COLUMNS FROM `lp_company` [ RunTime:0.0027s ]
SQL: SELECT l.id,l.name,r.contact_user,r.telephone,r.subphone,r.address FROM lp_company l INNER JOIN lp_company_link r ON l.id=r.company_id  WHERE l.status = 1 ORDER BY l.flags desc,l.sort desc,l.id desc LIMIT 20,10   [ RunTime:0.0498s ]

[ 2017-03-07T20:30:36+08:00 ] 192.168.27.10 /?g=app&m=company&a=ajaxlist&page=3&cid=&title=
INFO: [ app_init ] --START--
INFO: Run Behavior\BuildLiteBehavior [ RunTime:0.000015s ]
INFO: [ app_init ] --END-- [ RunTime:0.000366s ]
INFO: [ app_begin ] --START--
INFO: Run Behavior\ReadHtmlCacheBehavior [ RunTime:0.000515s ]
INFO: [ app_begin ] --END-- [ RunTime:0.000572s ]
NOTIC: [8] Use of undefined constant APPSIGN - assumed 'APPSIGN' /home/apps/glgj/Application/App/Controller/AppController.class.php 第 18 行.
NOTIC: [8] Use of undefined constant UID - assumed 'UID' /home/apps/glgj/Application/App/Controller/AppController.class.php 第 31 行.
SQL: SHOW COLUMNS FROM `lp_company` [ RunTime:0.0026s ]
SQL: SELECT l.id,l.name,r.contact_user,r.telephone,r.subphone,r.address FROM lp_company l INNER JOIN lp_company_link r ON l.id=r.company_id  WHERE l.status = 1 ORDER BY l.flags desc,l.sort desc,l.id desc LIMIT 30,10   [ RunTime:0.0442s ]

[ 2017-03-07T20:30:38+08:00 ] 192.168.27.10 /?g=app&m=company&a=ajaxlist&page=4&cid=&title=
INFO: [ app_init ] --START--
INFO: Run Behavior\BuildLiteBehavior [ RunTime:0.000017s ]
INFO: [ app_init ] --END-- [ RunTime:0.000392s ]
INFO: [ app_begin ] --START--
INFO: Run Behavior\ReadHtmlCacheBehavior [ RunTime:0.000338s ]
INFO: [ app_begin ] --END-- [ RunTime:0.000379s ]
NOTIC: [8] Use of undefined constant APPSIGN - assumed 'APPSIGN' /home/apps/glgj/Application/App/Controller/AppController.class.php 第 18 行.
NOTIC: [8] Use of undefined constant UID - assumed 'UID' /home/apps/glgj/Application/App/Controller/AppController.class.php 第 31 行.
SQL: SHOW COLUMNS FROM `lp_company` [ RunTime:0.0026s ]
SQL: SELECT l.id,l.name,r.contact_user,r.telephone,r.subphone,r.address FROM lp_company l INNER JOIN lp_company_link r ON l.id=r.company_id  WHERE l.status = 1 ORDER BY l.flags desc,l.sort desc,l.id desc LIMIT 40,10   [ RunTime:0.0531s ]

[ 2017-03-07T20:30:40+08:00 ] 192.168.27.10 /?g=app&m=company&a=ajaxlist&page=5&cid=&title=
INFO: [ app_init ] --START--
INFO: Run Behavior\BuildLiteBehavior [ RunTime:0.000010s ]
INFO: [ app_init ] --END-- [ RunTime:0.000233s ]
INFO: [ app_begin ] --START--
INFO: Run Behavior\ReadHtmlCacheBehavior [ RunTime:0.000339s ]
INFO: [ app_begin ] --END-- [ RunTime:0.000377s ]
NOTIC: [8] Use of undefined constant APPSIGN - assumed 'APPSIGN' /home/apps/glgj/Application/App/Controller/AppController.class.php 第 18 行.
NOTIC: [8] Use of undefined constant UID - assumed 'UID' /home/apps/glgj/Application/App/Controller/AppController.class.php 第 31 行.
SQL: SHOW COLUMNS FROM `lp_company` [ RunTime:0.0024s ]
SQL: SELECT l.id,l.name,r.contact_user,r.telephone,r.subphone,r.address FROM lp_company l INNER JOIN lp_company_link r ON l.id=r.company_id  WHERE l.status = 1 ORDER BY l.flags desc,l.sort desc,l.id desc LIMIT 50,10   [ RunTime:0.0468s ]

[ 2017-03-07T20:30:42+08:00 ] 192.168.27.10 /?g=app&m=company&a=ajaxlist&page=6&cid=&title=
INFO: [ app_init ] --START--
INFO: Run Behavior\BuildLiteBehavior [ RunTime:0.000009s ]
INFO: [ app_init ] --END-- [ RunTime:0.000225s ]
INFO: [ app_begin ] --START--
INFO: Run Behavior\ReadHtmlCacheBehavior [ RunTime:0.000402s ]
INFO: [ app_begin ] --END-- [ RunTime:0.000444s ]
NOTIC: [8] Use of undefined constant APPSIGN - assumed 'APPSIGN' /home/apps/glgj/Application/App/Controller/AppController.class.php 第 18 行.
NOTIC: [8] Use of undefined constant UID - assumed 'UID' /home/apps/glgj/Application/App/Controller/AppController.class.php 第 31 行.
SQL: SHOW COLUMNS FROM `lp_company` [ RunTime:0.0025s ]
SQL: SELECT l.id,l.name,r.contact_user,r.telephone,r.subphone,r.address FROM lp_company l INNER JOIN lp_company_link r ON l.id=r.company_id  WHERE l.status = 1 ORDER BY l.flags desc,l.sort desc,l.id desc LIMIT 60,10   [ RunTime:0.0517s ]

